#
# A fatal error has been detected by the Java Runtime Environment:
#
#  SIGSEGV (0xb) at pc=0x00007ff56675a435, pid=5789, tid=0x00007ff545b73700
#
# JRE version: OpenJDK Runtime Environment (8.0_111-b14) (build 1.8.0_111-8u111-b14-2ubuntu0.16.04.2-b14)
# Java VM: OpenJDK 64-Bit Server VM (25.111-b14 mixed mode linux-amd64 compressed oops)
# Problematic frame:
# C  [libc.so.6+0x14d435]
#
# Failed to write core dump. Core dumps have been disabled. To enable core dumping, try "ulimit -c unlimited" before starting Java again
#
# If you would like to submit a bug report, please visit:
#   http://bugreport.java.com/bugreport/crash.jsp
# The crash happened outside the Java Virtual Machine in native code.
# See problematic frame for where to report the bug.
#

---------------  T H R E A D  ---------------

Current thread (0x00007ff504054000):  JavaThread "QuantumRenderer-0" daemon [_thread_in_native, id=5806, stack(0x00007ff545a73000,0x00007ff545b74000)]

siginfo: si_signo: 11 (SIGSEGV), si_code: 2 (SEGV_ACCERR), si_addr: 0x00000000db0d0014

Registers:
RAX=0x00007ff4fdae3ca8, RBX=0x0000000000000000, RCX=0x000000000000000c, RDX=0x000000000000000c
RSP=0x00007ff545b71f78, RBP=0x0000000000192cb4, RSI=0x00000000db0d0010, RDI=0x00007ff4fdae3ca8
R8 =0x00007ff545b71fe0, R9 =0x0000000000000001, R10=0x000000002002033c, R11=0x00007ff50815ff10
R12=0x00007ff545b71fe0, R13=0x00007ff50815ff10, R14=0x00000000db0d0010, R15=0x0000000000192ca8
RIP=0x00007ff56675a435, EFLAGS=0x0000000000010202, CSGSFS=0x0000000000000033, ERR=0x0000000000000004
  TRAPNO=0x000000000000000e

Top of Stack: (sp=0x00007ff545b71f78)
0x00007ff545b71f78:   00007ff5421ce78d 0000000200000018
0x00007ff545b71f88:   0000000000420000 00000000021e0000
0x00007ff545b71f98:   00007ff50807da10 000000000000000c
0x00007ff545b71fa8:   0000000000000000 0000000000000004
0x00007ff545b71fb8:   00007ff50815ff10 00007ff545b72140
0x00007ff545b71fc8:   00007ff5422da8fc 000000010815ff10
0x00007ff545b71fd8:   00007ff545b71fe0 3f00000000000006
0x00007ff545b71fe8:   ab31b7e7f0f3f600 00007ff50812c620
0x00007ff545b71ff8:   00007ff5428b4ab8 00007ff50815ff10
0x00007ff545b72008:   000000000003d08b 00007ff5428b4b18
0x00007ff545b72018:   00007ff50815ff10 00007ff545b72140
0x00007ff545b72028:   00007ff5422d080e 0000000108235a04
0x00007ff545b72038:   0000000400000370 00007ff50807dbb0
0x00007ff545b72048:   00007ff50807da10 00007ff50819f390
0x00007ff545b72058:   00007ff545b721f0 0000000000000001
0x00007ff545b72068:   00007ff5422dbdcd 0000000008239688
0x00007ff545b72078:   ab31b7e7f0f3f600 00007ff508617440
0x00007ff545b72088:   00007ff50822e3c0 00007ff50822e508
0x00007ff545b72098:   0000000000000001 00007ff545b72138
0x00007ff545b720a8:   00007ff550dfed80 00007ff545b720f4
0x00007ff545b720b8:   00007ff550dfed80 0000000000000000
0x00007ff545b720c8:   00007ff5445c96f0 0000000045b72568
0x00007ff545b720d8:   00007ff50807af80 00007ff508234fd0
0x00007ff545b720e8:   0000000000000000 00007ff5081f1a10
0x00007ff545b720f8:   ab31b7e7f0f3f600 00007ff508160bb0
0x00007ff545b72108:   00007ff508034efc 00007ff50819f390
0x00007ff545b72118:   00007ff545b721f0 0000000000000001
0x00007ff545b72128:   00007ff5081ecaa0 00007ff508033460
0x00007ff545b72138:   00007ff5420cf4b2 0000000600000000
0x00007ff545b72148:   0000000400000000 0000000100000000
0x00007ff545b72158:   0000000000000000 0000000000000000
0x00007ff545b72168:   0000000000000003 0000000000000000 

Instructions: (pc=0x00007ff56675a435)
0x00007ff56675a415:   fa 6f 7c 16 f0 c5 fa 7f 07 c5 fa 7f 7c 17 f0 c3
0x00007ff56675a425:   90 66 2e 0f 1f 84 00 00 00 00 00 80 fa 08 72 1b
0x00007ff56675a435:   48 8b 4c 16 f8 48 8b 36 48 89 37 48 89 4c 17 f8
0x00007ff56675a445:   c3 66 2e 0f 1f 84 00 00 00 00 00 80 fa 04 72 0d 

Register to memory mapping:

RAX=0x00007ff4fdae3ca8 is an unknown value
RBX=0x0000000000000000 is an unknown value
RCX=0x000000000000000c is an unknown value
RDX=0x000000000000000c is an unknown value
RSP=0x00007ff545b71f78 is pointing into the stack for thread: 0x00007ff504054000
RBP=0x0000000000192cb4 is an unknown value
RSI=0x00000000db0d0010 is an unallocated location in the heap
RDI=0x00007ff4fdae3ca8 is an unknown value
R8 =0x00007ff545b71fe0 is pointing into the stack for thread: 0x00007ff504054000
R9 =0x0000000000000001 is an unknown value
R10=0x000000002002033c is an unknown value
R11=0x00007ff50815ff10 is an unknown value
R12=0x00007ff545b71fe0 is pointing into the stack for thread: 0x00007ff504054000
R13=0x00007ff50815ff10 is an unknown value
R14=0x00000000db0d0010 is an unallocated location in the heap
R15=0x0000000000192ca8 is an unknown value


Stack: [0x00007ff545a73000,0x00007ff545b74000],  sp=0x00007ff545b71f78,  free space=1019k
Native frames: (J=compiled Java code, j=interpreted, Vv=VM code, C=native code)
C  [libc.so.6+0x14d435]

Java frames: (J=compiled Java code, j=interpreted, Vv=VM code)
j  com.sun.prism.es2.GLContext.nClearBuffers(JFFFFZZZ)V+0
j  com.sun.prism.es2.GLContext.clearBuffers(Lcom/sun/prism/paint/Color;ZZZ)V+40
j  com.sun.prism.es2.ES2Graphics.clearBuffers(Lcom/sun/prism/es2/ES2Context;Lcom/sun/prism/paint/Color;ZZZ)V+9
j  com.sun.prism.es2.ES2Graphics.clear(Lcom/sun/prism/paint/Color;)V+32
j  com.sun.javafx.tk.quantum.ViewPainter.doPaint(Lcom/sun/prism/Graphics;Lcom/sun/javafx/sg/prism/NodePath;)V+104
j  com.sun.javafx.tk.quantum.ViewPainter.paintImpl(Lcom/sun/prism/Graphics;)V+953
j  com.sun.javafx.tk.quantum.PresentingPainter.run()V+326
j  java.util.concurrent.Executors$RunnableAdapter.call()Ljava/lang/Object;+4
j  java.util.concurrent.FutureTask.runAndReset()Z+47
j  com.sun.javafx.tk.RenderJob.run()V+1
j  java.util.concurrent.ThreadPoolExecutor.runWorker(Ljava/util/concurrent/ThreadPoolExecutor$Worker;)V+95
j  java.util.concurrent.ThreadPoolExecutor$Worker.run()V+5
j  com.sun.javafx.tk.quantum.QuantumRenderer$PipelineRunnable.run()V+8
j  java.lang.Thread.run()V+11
v  ~StubRoutines::call_stub

---------------  P R O C E S S  ---------------

Java Threads: ( => current thread )
  0x00007ff4f00b7000 JavaThread "Prism Font Disposer" daemon [_thread_blocked, id=5811, stack(0x00007ff4ff20f000,0x00007ff4ff310000)]
  0x00007ff504109000 JavaThread "JavaFX Application Thread" [_thread_in_native, id=5810, stack(0x00007ff4ff811000,0x00007ff4ff912000)]
  0x00007ff504105000 JavaThread "Thread-2" daemon [_thread_blocked, id=5809, stack(0x00007ff4ff912000,0x00007ff4ffa13000)]
=>0x00007ff504054000 JavaThread "QuantumRenderer-0" daemon [_thread_in_native, id=5806, stack(0x00007ff545a73000,0x00007ff545b74000)]
  0x00007ff5601e8800 JavaThread "JavaFX-Launcher" [_thread_blocked, id=5805, stack(0x00007ff545b74000,0x00007ff545c75000)]
  0x00007ff5600bf000 JavaThread "Service Thread" daemon [_thread_blocked, id=5802, stack(0x00007ff545e0c000,0x00007ff545f0d000)]
  0x00007ff5600af800 JavaThread "C1 CompilerThread2" daemon [_thread_blocked, id=5801, stack(0x00007ff545f0d000,0x00007ff54600e000)]
  0x00007ff5600ae000 JavaThread "C2 CompilerThread1" daemon [_thread_blocked, id=5800, stack(0x00007ff54600e000,0x00007ff54610f000)]
  0x00007ff5600ab000 JavaThread "C2 CompilerThread0" daemon [_thread_blocked, id=5799, stack(0x00007ff54610f000,0x00007ff546210000)]
  0x00007ff5600a9000 JavaThread "Signal Dispatcher" daemon [_thread_blocked, id=5798, stack(0x00007ff546210000,0x00007ff546311000)]
  0x00007ff560081800 JavaThread "Finalizer" daemon [_thread_blocked, id=5797, stack(0x00007ff5465ee000,0x00007ff5466ef000)]
  0x00007ff56007c800 JavaThread "Reference Handler" daemon [_thread_blocked, id=5796, stack(0x00007ff5466ef000,0x00007ff5467f0000)]
  0x00007ff560007800 JavaThread "main" [_thread_blocked, id=5790, stack(0x00007ff566cda000,0x00007ff566ddb000)]

Other Threads:
  0x00007ff560075000 VMThread [stack: 0x00007ff5467f0000,0x00007ff5468f1000] [id=5795]
  0x00007ff5600c1800 WatcherThread [stack: 0x00007ff545d0b000,0x00007ff545e0c000] [id=5803]

VM state:not at safepoint (normal execution)

VM Mutex/Monitor currently owned by a thread: None

Heap:
 PSYoungGen      total 35328K, used 4120K [0x00000000d6d00000, 0x00000000db080000, 0x0000000100000000)
  eden space 31744K, 2% used [0x00000000d6d00000,0x00000000d6dc17b0,0x00000000d8c00000)
  from space 3584K, 93% used [0x00000000da980000,0x00000000dacc4aa0,0x00000000dad00000)
  to   space 3584K, 0% used [0x00000000dad00000,0x00000000dad00000,0x00000000db080000)
 ParOldGen       total 84992K, used 2763K [0x0000000084600000, 0x0000000089900000, 0x00000000d6d00000)
  object space 84992K, 3% used [0x0000000084600000,0x00000000848b2cf0,0x0000000089900000)
 Metaspace       used 12167K, capacity 12660K, committed 12928K, reserved 1060864K
  class space    used 1440K, capacity 1582K, committed 1664K, reserved 1048576K

Card table byte_map: [0x00007ff550659000,0x00007ff550a37000] byte_map_base: 0x00007ff550236000

Marking Bits: (ParMarkBitMap*) 0x00007ff565fb5220
 Begin Bits: [0x00007ff54c2f2000, 0x00007ff54e1da000)
 End Bits:   [0x00007ff54e1da000, 0x00007ff5500c2000)

Polling page: 0x00007ff566e07000

CodeCache: size=245760Kb used=6698Kb max_used=6707Kb free=239061Kb
 bounds [0x00007ff550df7000, 0x00007ff551497000, 0x00007ff55fdf7000]
 total_blobs=2572 nmethods=2010 adapters=476
 compilation: enabled

Compilation events (10 events):
Event: 2,802 Thread 0x00007ff5600af800 2007       3       javafx.geometry.Point3D::getY (5 bytes)
Event: 2,802 Thread 0x00007ff5600af800 nmethod 2007 0x00007ff551486090 code [0x00007ff5514861e0, 0x00007ff551486330]
Event: 2,817 Thread 0x00007ff5600af800 2008       1       com.sun.javafx.tk.quantum.GlassViewEventHandler::access$200 (5 bytes)
Event: 2,817 Thread 0x00007ff5600ab000 2009       4       java.lang.ThreadLocal::get (38 bytes)
Event: 2,818 Thread 0x00007ff5600af800 nmethod 2008 0x00007ff551485dd0 code [0x00007ff551485f20, 0x00007ff551486010]
Event: 2,820 Thread 0x00007ff5600ab000 nmethod 2009 0x00007ff551484490 code [0x00007ff5514845e0, 0x00007ff551484718]
Event: 2,820 Thread 0x00007ff5600af800 2010       3       javafx.scene.input.MouseEvent::getSceneX (5 bytes)
Event: 2,820 Thread 0x00007ff5600af800 nmethod 2010 0x00007ff551484150 code [0x00007ff5514842a0, 0x00007ff5514843f0]
Event: 2,820 Thread 0x00007ff5600af800 2011       3       javafx.scene.input.MouseEvent::getSceneY (5 bytes)
Event: 2,820 Thread 0x00007ff5600af800 nmethod 2011 0x00007ff551483e10 code [0x00007ff551483f60, 0x00007ff5514840b0]

GC Heap History (6 events):
Event: 0,698 GC heap before
{Heap before GC invocations=1 (full 0):
 PSYoungGen      total 36864K, used 31744K [0x00000000d6d00000, 0x00000000d9600000, 0x0000000100000000)
  eden space 31744K, 100% used [0x00000000d6d00000,0x00000000d8c00000,0x00000000d8c00000)
  from space 5120K, 0% used [0x00000000d9100000,0x00000000d9100000,0x00000000d9600000)
  to   space 5120K, 0% used [0x00000000d8c00000,0x00000000d8c00000,0x00000000d9100000)
 ParOldGen       total 84992K, used 0K [0x0000000084600000, 0x0000000089900000, 0x00000000d6d00000)
  object space 84992K, 0% used [0x0000000084600000,0x0000000084600000,0x0000000089900000)
 Metaspace       used 11857K, capacity 12322K, committed 12416K, reserved 1060864K
  class space    used 1428K, capacity 1579K, committed 1664K, reserved 1048576K
Event: 0,706 GC heap after
Heap after GC invocations=1 (full 0):
 PSYoungGen      total 36864K, used 5118K [0x00000000d6d00000, 0x00000000db500000, 0x0000000100000000)
  eden space 31744K, 0% used [0x00000000d6d00000,0x00000000d6d00000,0x00000000d8c00000)
  from space 5120K, 99% used [0x00000000d8c00000,0x00000000d90ffa80,0x00000000d9100000)
  to   space 5120K, 0% used [0x00000000db000000,0x00000000db000000,0x00000000db500000)
 ParOldGen       total 84992K, used 2747K [0x0000000084600000, 0x0000000089900000, 0x00000000d6d00000)
  object space 84992K, 3% used [0x0000000084600000,0x00000000848aecf0,0x0000000089900000)
 Metaspace       used 11857K, capacity 12322K, committed 12416K, reserved 1060864K
  class space    used 1428K, capacity 1579K, committed 1664K, reserved 1048576K
}
Event: 1,770 GC heap before
{Heap before GC invocations=2 (full 0):
 PSYoungGen      total 36864K, used 36862K [0x00000000d6d00000, 0x00000000db500000, 0x0000000100000000)
  eden space 31744K, 100% used [0x00000000d6d00000,0x00000000d8c00000,0x00000000d8c00000)
  from space 5120K, 99% used [0x00000000d8c00000,0x00000000d90ffa80,0x00000000d9100000)
  to   space 5120K, 0% used [0x00000000db000000,0x00000000db000000,0x00000000db500000)
 ParOldGen       total 84992K, used 2747K [0x0000000084600000, 0x0000000089900000, 0x00000000d6d00000)
  object space 84992K, 3% used [0x0000000084600000,0x00000000848aecf0,0x0000000089900000)
 Metaspace       used 12022K, capacity 12456K, committed 12672K, reserved 1060864K
  class space    used 1431K, capacity 1580K, committed 1664K, reserved 1048576K
Event: 1,777 GC heap after
Heap after GC invocations=2 (full 0):
 PSYoungGen      total 35328K, used 3314K [0x00000000d6d00000, 0x00000000db380000, 0x0000000100000000)
  eden space 31744K, 0% used [0x00000000d6d00000,0x00000000d6d00000,0x00000000d8c00000)
  from space 3584K, 92% used [0x00000000db000000,0x00000000db33caa0,0x00000000db380000)
  to   space 5120K, 0% used [0x00000000da980000,0x00000000da980000,0x00000000dae80000)
 ParOldGen       total 84992K, used 2755K [0x0000000084600000, 0x0000000089900000, 0x00000000d6d00000)
  object space 84992K, 3% used [0x0000000084600000,0x00000000848b0cf0,0x0000000089900000)
 Metaspace       used 12022K, capacity 12456K, committed 12672K, reserved 1060864K
  class space    used 1431K, capacity 1580K, committed 1664K, reserved 1048576K
}
Event: 2,836 GC heap before
{Heap before GC invocations=3 (full 0):
 PSYoungGen      total 35328K, used 35058K [0x00000000d6d00000, 0x00000000db380000, 0x0000000100000000)
  eden space 31744K, 100% used [0x00000000d6d00000,0x00000000d8c00000,0x00000000d8c00000)
  from space 3584K, 92% used [0x00000000db000000,0x00000000db33caa0,0x00000000db380000)
  to   space 5120K, 0% used [0x00000000da980000,0x00000000da980000,0x00000000dae80000)
 ParOldGen       total 84992K, used 2755K [0x0000000084600000, 0x0000000089900000, 0x00000000d6d00000)
  object space 84992K, 3% used [0x0000000084600000,0x00000000848b0cf0,0x0000000089900000)
 Metaspace       used 12167K, capacity 12660K, committed 12928K, reserved 1060864K
  class space    used 1440K, capacity 1582K, committed 1664K, reserved 1048576K
Event: 2,844 GC heap after
Heap after GC invocations=3 (full 0):
 PSYoungGen      total 35328K, used 3346K [0x00000000d6d00000, 0x00000000db080000, 0x0000000100000000)
  eden space 31744K, 0% used [0x00000000d6d00000,0x00000000d6d00000,0x00000000d8c00000)
  from space 3584K, 93% used [0x00000000da980000,0x00000000dacc4aa0,0x00000000dad00000)
  to   space 3584K, 0% used [0x00000000dad00000,0x00000000dad00000,0x00000000db080000)
 ParOldGen       total 84992K, used 2763K [0x0000000084600000, 0x0000000089900000, 0x00000000d6d00000)
  object space 84992K, 3% used [0x0000000084600000,0x00000000848b2cf0,0x0000000089900000)
 Metaspace       used 12167K, capacity 12660K, committed 12928K, reserved 1060864K
  class space    used 1440K, capacity 1582K, committed 1664K, reserved 1048576K
}

Deoptimization events (10 events):
Event: 1,220 Thread 0x00007ff504109000 Uncommon trap: reason=class_check action=maybe_recompile pc=0x00007ff55139de40 method=java.lang.reflect.Array.newInstance(Ljava/lang/Class;I)Ljava/lang/Object; @ 2
Event: 1,220 Thread 0x00007ff504109000 Uncommon trap: reason=class_check action=maybe_recompile pc=0x00007ff55139de40 method=java.lang.reflect.Array.newInstance(Ljava/lang/Class;I)Ljava/lang/Object; @ 2
Event: 1,220 Thread 0x00007ff504109000 Uncommon trap: reason=class_check action=maybe_recompile pc=0x00007ff55139de40 method=java.lang.reflect.Array.newInstance(Ljava/lang/Class;I)Ljava/lang/Object; @ 2
Event: 1,220 Thread 0x00007ff504109000 Uncommon trap: reason=class_check action=maybe_recompile pc=0x00007ff55139de40 method=java.lang.reflect.Array.newInstance(Ljava/lang/Class;I)Ljava/lang/Object; @ 2
Event: 1,409 Thread 0x00007ff504109000 Uncommon trap: reason=class_check action=maybe_recompile pc=0x00007ff55131b818 method=javafx.beans.property.BooleanPropertyBase.markInvalid()V @ 13
Event: 1,784 Thread 0x00007ff504109000 Uncommon trap: reason=null_check action=make_not_entrant pc=0x00007ff551275504 method=com.sun.javafx.font.LogicalFont.getStrike(FLcom/sun/javafx/geom/transform/BaseTransform;I)Lcom/sun/javafx/font/FontStrike; @ 23
Event: 2,492 Thread 0x00007ff504109000 Uncommon trap: reason=class_check action=maybe_recompile pc=0x00007ff55131b818 method=javafx.beans.property.BooleanPropertyBase.markInvalid()V @ 13
Event: 2,513 Thread 0x00007ff504109000 Uncommon trap: reason=class_check action=maybe_recompile pc=0x00007ff55131b818 method=javafx.beans.property.BooleanPropertyBase.markInvalid()V @ 13
Event: 2,514 Thread 0x00007ff504109000 Uncommon trap: reason=class_check action=maybe_recompile pc=0x00007ff55131b818 method=javafx.beans.property.BooleanPropertyBase.markInvalid()V @ 13
Event: 2,517 Thread 0x00007ff504109000 Uncommon trap: reason=unstable_if action=reinterpret pc=0x00007ff5513f0e38 method=javafx.scene.Scene$MouseHandler.handleNodeRemoval(Ljavafx/scene/Node;)V @ 4

Internal exceptions (10 events):
Event: 0,086 Thread 0x00007ff5601e8800 Exception <a 'java/security/PrivilegedActionException'> (0x00000000d7036b38) thrown at [/build/openjdk-8-8jAw7G/openjdk-8-8u111-b14/src/hotspot/src/share/vm/prims/jvm.cpp, line 1386]
Event: 0,086 Thread 0x00007ff5601e8800 Exception <a 'java/security/PrivilegedActionException'> (0x00000000d7036d48) thrown at [/build/openjdk-8-8jAw7G/openjdk-8-8u111-b14/src/hotspot/src/share/vm/prims/jvm.cpp, line 1386]
Event: 0,086 Thread 0x00007ff5601e8800 Exception <a 'java/security/PrivilegedActionException'> (0x00000000d7038db0) thrown at [/build/openjdk-8-8jAw7G/openjdk-8-8u111-b14/src/hotspot/src/share/vm/prims/jvm.cpp, line 1386]
Event: 0,086 Thread 0x00007ff5601e8800 Exception <a 'java/security/PrivilegedActionException'> (0x00000000d7038fc0) thrown at [/build/openjdk-8-8jAw7G/openjdk-8-8u111-b14/src/hotspot/src/share/vm/prims/jvm.cpp, line 1386]
Event: 0,086 Thread 0x00007ff5601e8800 Exception <a 'java/security/PrivilegedActionException'> (0x00000000d7039a90) thrown at [/build/openjdk-8-8jAw7G/openjdk-8-8u111-b14/src/hotspot/src/share/vm/prims/jvm.cpp, line 1386]
Event: 0,086 Thread 0x00007ff5601e8800 Exception <a 'java/security/PrivilegedActionException'> (0x00000000d7039ca0) thrown at [/build/openjdk-8-8jAw7G/openjdk-8-8u111-b14/src/hotspot/src/share/vm/prims/jvm.cpp, line 1386]
Event: 0,087 Thread 0x00007ff5601e8800 Exception <a 'java/lang/NullPointerException'> (0x00000000d703b3e8) thrown at [/build/openjdk-8-8jAw7G/openjdk-8-8u111-b14/src/hotspot/src/share/vm/interpreter/linkResolver.cpp, line 1178]
Event: 0,301 Thread 0x00007ff504109000 Exception <a 'java/lang/NullPointerException'> (0x00000000d7aafc48) thrown at [/build/openjdk-8-8jAw7G/openjdk-8-8u111-b14/src/hotspot/src/share/vm/interpreter/linkResolver.cpp, line 1178]
Event: 0,301 Thread 0x00007ff504109000 Exception <a 'java/lang/NullPointerException'> (0x00000000d7aafc48) thrown at [/build/openjdk-8-8jAw7G/openjdk-8-8u111-b14/src/hotspot/src/share/vm/prims/jvm.cpp, line 1390]
Event: 1,784 Thread 0x00007ff504109000 Implicit null exception at 0x00007ff5512748ac to 0x00007ff5512754dd

Events (10 events):
Event: 2,513 Thread 0x00007ff504109000 DEOPT PACKING pc=0x00007ff55131b818 sp=0x00007ff4ff90ea80
Event: 2,513 Thread 0x00007ff504109000 DEOPT UNPACKING pc=0x00007ff550dfbf69 sp=0x00007ff4ff90e9f0 mode 2
Event: 2,514 Thread 0x00007ff504109000 Uncommon trap: trap_request=0xffffffde fr.pc=0x00007ff55131b818
Event: 2,514 Thread 0x00007ff504109000 DEOPT PACKING pc=0x00007ff55131b818 sp=0x00007ff4ff90ea80
Event: 2,514 Thread 0x00007ff504109000 DEOPT UNPACKING pc=0x00007ff550dfbf69 sp=0x00007ff4ff90e9f0 mode 2
Event: 2,517 Thread 0x00007ff504109000 Uncommon trap: trap_request=0xffffff65 fr.pc=0x00007ff5513f0e38
Event: 2,517 Thread 0x00007ff504109000 DEOPT PACKING pc=0x00007ff5513f0e38 sp=0x00007ff4ff90ee20
Event: 2,517 Thread 0x00007ff504109000 DEOPT UNPACKING pc=0x00007ff550dfbf69 sp=0x00007ff4ff90edc0 mode 2
Event: 2,836 Executing VM operation: ParallelGCFailedAllocation
Event: 2,844 Executing VM operation: ParallelGCFailedAllocation done


Dynamic libraries:
00400000-00401000 r-xp 00000000 08:01 3149615                            /usr/lib/jvm/java-8-openjdk-amd64/jre/bin/java
00600000-00601000 r--p 00000000 08:01 3149615                            /usr/lib/jvm/java-8-openjdk-amd64/jre/bin/java
00601000-00602000 rw-p 00001000 08:01 3149615                            /usr/lib/jvm/java-8-openjdk-amd64/jre/bin/java
00ec2000-00ee3000 rw-p 00000000 00:00 0                                  [heap]
84600000-89900000 rw-p 00000000 00:00 0 
89900000-d6d00000 ---p 00000000 00:00 0 
d6d00000-db080000 rw-p 00000000 00:00 0 
db080000-100000000 ---p 00000000 00:00 0 
100000000-1001a0000 rw-p 00000000 00:00 0 
1001a0000-140000000 ---p 00000000 00:00 0 
7ff4f0000000-7ff4f0227000 rw-p 00000000 00:00 0 
7ff4f0227000-7ff4f4000000 ---p 00000000 00:00 0 
7ff4f4000000-7ff4f4021000 rw-p 00000000 00:00 0 
7ff4f4021000-7ff4f8000000 ---p 00000000 00:00 0 
7ff4f8000000-7ff4f8021000 rw-p 00000000 00:00 0 
7ff4f8021000-7ff4fc000000 ---p 00000000 00:00 0 
7ff4fd6d1000-7ff4fd751000 rw-s 1063bd000 00:06 360                       /dev/dri/card0
7ff4fd751000-7ff4fd951000 rw-s 10c6ef000 00:06 360                       /dev/dri/card0
7ff4fd951000-7ff4fdb51000 rw-s 10c0b7000 00:06 360                       /dev/dri/card0
7ff4fdb51000-7ff4fdd51000 rw-s 10beb7000 00:06 360                       /dev/dri/card0
7ff4fdd51000-7ff4fdf51000 rw-s 10bcb7000 00:06 360                       /dev/dri/card0
7ff4fdf51000-7ff4fe951000 rwxp 00000000 00:00 0 
7ff4fe96b000-7ff4fea6b000 rw-p 00000000 00:00 0 
7ff4fea6b000-7ff4feb6b000 ---p 00000000 00:00 0 
7ff4feb6b000-7ff4feb75000 r-xp 00000000 08:01 30282043                   /usr/lib/x86_64-linux-gnu/gtk-2.0/2.10.0/engines/libpixmap.so
7ff4feb75000-7ff4fed74000 ---p 0000a000 08:01 30282043                   /usr/lib/x86_64-linux-gnu/gtk-2.0/2.10.0/engines/libpixmap.so
7ff4fed74000-7ff4fed75000 r--p 00009000 08:01 30282043                   /usr/lib/x86_64-linux-gnu/gtk-2.0/2.10.0/engines/libpixmap.so
7ff4fed75000-7ff4fed76000 rw-p 0000a000 08:01 30282043                   /usr/lib/x86_64-linux-gnu/gtk-2.0/2.10.0/engines/libpixmap.so
7ff4fed76000-7ff4feda6000 r-xp 00000000 08:01 30282167                   /usr/lib/x86_64-linux-gnu/gtk-2.0/2.10.0/engines/libmurrine.so
7ff4feda6000-7ff4fefa6000 ---p 00030000 08:01 30282167                   /usr/lib/x86_64-linux-gnu/gtk-2.0/2.10.0/engines/libmurrine.so
7ff4fefa6000-7ff4fefa7000 r--p 00030000 08:01 30282167                   /usr/lib/x86_64-linux-gnu/gtk-2.0/2.10.0/engines/libmurrine.so
7ff4fefa7000-7ff4fefa8000 rw-p 00031000 08:01 30282167                   /usr/lib/x86_64-linux-gnu/gtk-2.0/2.10.0/engines/libmurrine.so
7ff4fefa8000-7ff4ff1a8000 rw-p 00000000 00:00 0 
7ff4ff1a8000-7ff4ff1bb000 r--s 00346000 08:01 3149560                    /usr/lib/jvm/java-8-openjdk-amd64/jre/lib/resources.jar
7ff4ff1bb000-7ff4ff20f000 r--p 00000000 08:01 1181880                    /usr/share/fonts/truetype/dejavu/DejaVuSansMono.ttf
7ff4ff20f000-7ff4ff212000 ---p 00000000 00:00 0 
7ff4ff212000-7ff4ff310000 rw-p 00000000 00:00 0 
7ff4ff310000-7ff4ff3c9000 r--p 00000000 08:01 1181878                    /usr/share/fonts/truetype/dejavu/DejaVuSans.ttf
7ff4ff3c9000-7ff4ff3ca000 r--s 00000000 08:01 1461867                    /var/cache/fontconfig/087e1975ba9a574b140bb1df193bf770-le64.cache-6
7ff4ff3ca000-7ff4ff3ce000 r--s 00000000 08:01 1463570                    /var/cache/fontconfig/6aa41aa22e18b8fa06a12da28ea9c28b-le64.cache-6
7ff4ff3ce000-7ff4ff3d9000 r--s 00000000 08:01 1459413                    /var/cache/fontconfig/945677eb7aeaf62f1d50efc3fb3ec7d8-le64.cache-6
7ff4ff3d9000-7ff4ff3df000 r--s 00000000 08:01 1459412                    /var/cache/fontconfig/2cd17615ca594fa2959ae173292e504c-le64.cache-6
7ff4ff3df000-7ff4ff3e0000 r--s 00000000 08:01 1459411                    /var/cache/fontconfig/0d8c3b2ac0904cb8a57a757ad11a4a08-le64.cache-6
7ff4ff3e0000-7ff4ff407000 r--s 00000000 08:01 1459405                    /var/cache/fontconfig/0bd3dc0958fa2205aaaa8ebb13e2872b-le64.cache-6
7ff4ff407000-7ff4ff40c000 r-xp 00000000 08:01 3152131                    /usr/lib/jvm/java-8-openjdk-amd64/jre/lib/amd64/libjavafx_font_freetype.so
7ff4ff40c000-7ff4ff60b000 ---p 00005000 08:01 3152131                    /usr/lib/jvm/java-8-openjdk-amd64/jre/lib/amd64/libjavafx_font_freetype.so
7ff4ff60b000-7ff4ff60c000 r--p 00004000 08:01 3152131                    /usr/lib/jvm/java-8-openjdk-amd64/jre/lib/amd64/libjavafx_font_freetype.so
7ff4ff60c000-7ff4ff60d000 rw-p 00005000 08:01 3152131                    /usr/lib/jvm/java-8-openjdk-amd64/jre/lib/amd64/libjavafx_font_freetype.so
7ff4ff60d000-7ff4ff610000 r-xp 00000000 08:01 3150919                    /usr/lib/jvm/java-8-openjdk-amd64/jre/lib/amd64/libjavafx_font.so
7ff4ff610000-7ff4ff80f000 ---p 00003000 08:01 3150919                    /usr/lib/jvm/java-8-openjdk-amd64/jre/lib/amd64/libjavafx_font.so
7ff4ff80f000-7ff4ff810000 r--p 00002000 08:01 3150919                    /usr/lib/jvm/java-8-openjdk-amd64/jre/lib/amd64/libjavafx_font.so
7ff4ff810000-7ff4ff811000 rw-p 00003000 08:01 3150919                    /usr/lib/jvm/java-8-openjdk-amd64/jre/lib/amd64/libjavafx_font.so
7ff4ff811000-7ff4ff814000 ---p 00000000 00:00 0 
7ff4ff814000-7ff4ff912000 rw-p 00000000 00:00 0 
7ff4ff912000-7ff4ff915000 ---p 00000000 00:00 0 
7ff4ff915000-7ff4ffa13000 rw-p 00000000 00:00 0 
7ff4ffa13000-7ff4ffa25000 r-xp 00000000 08:01 23330885                   /lib/x86_64-linux-gnu/libgpg-error.so.0.17.0
7ff4ffa25000-7ff4ffc25000 ---p 00012000 08:01 23330885                   /lib/x86_64-linux-gnu/libgpg-error.so.0.17.0
7ff4ffc25000-7ff4ffc26000 r--p 00012000 08:01 23330885                   /lib/x86_64-linux-gnu/libgpg-error.so.0.17.0
7ff4ffc26000-7ff4ffc27000 rw-p 00013000 08:01 23330885                   /lib/x86_64-linux-gnu/libgpg-error.so.0.17.0
7ff4ffc27000-7ff4ffcff000 r-xp 00000000 08:01 23330877                   /lib/x86_64-linux-gnu/libgcrypt.so.20.0.5
7ff4ffcff000-7ff4ffefe000 ---p 000d8000 08:01 23330877                   /lib/x86_64-linux-gnu/libgcrypt.so.20.0.5
7ff4ffefe000-7ff4ffeff000 r--p 000d7000 08:01 23330877                   /lib/x86_64-linux-gnu/libgcrypt.so.20.0.5
7ff4ffeff000-7ff4fff07000 rw-p 000d8000 08:01 23330877                   /lib/x86_64-linux-gnu/libgcrypt.so.20.0.5
7ff4fff07000-7ff4fff08000 rw-p 00000000 00:00 0 
7ff4fff08000-7ff4fff29000 r-xp 00000000 08:01 23330889                   /lib/x86_64-linux-gnu/liblzma.so.5.0.0
7ff4fff29000-7ff500128000 ---p 00021000 08:01 23330889                   /lib/x86_64-linux-gnu/liblzma.so.5.0.0
7ff500128000-7ff500129000 r--p 00020000 08:01 23330889                   /lib/x86_64-linux-gnu/liblzma.so.5.0.0
7ff500129000-7ff50012a000 rw-p 00021000 08:01 23330889                   /lib/x86_64-linux-gnu/liblzma.so.5.0.0
7ff50012a000-7ff500174000 r-xp 00000000 08:01 23331022                   /lib/x86_64-linux-gnu/libdbus-1.so.3.14.6
7ff500174000-7ff500374000 ---p 0004a000 08:01 23331022                   /lib/x86_64-linux-gnu/libdbus-1.so.3.14.6
7ff500374000-7ff500375000 r--p 0004a000 08:01 23331022                   /lib/x86_64-linux-gnu/libdbus-1.so.3.14.6
7ff500375000-7ff500376000 rw-p 0004b000 08:01 23331022                   /lib/x86_64-linux-gnu/libdbus-1.so.3.14.6
7ff500376000-7ff5003a2000 r-xp 00000000 08:01 29764623                   /usr/lib/x86_64-linux-gnu/libatspi.so.0.0.1
7ff5003a2000-7ff5005a1000 ---p 0002c000 08:01 29764623                   /usr/lib/x86_64-linux-gnu/libatspi.so.0.0.1
7ff5005a1000-7ff5005a4000 r--p 0002b000 08:01 29764623                   /usr/lib/x86_64-linux-gnu/libatspi.so.0.0.1
7ff5005a4000-7ff5005a5000 rw-p 0002e000 08:01 29764623                   /usr/lib/x86_64-linux-gnu/libatspi.so.0.0.1
7ff5005a5000-7ff5005d2000 r-xp 00000000 08:01 29764625                   /usr/lib/x86_64-linux-gnu/libatk-bridge-2.0.so.0.0.0
7ff5005d2000-7ff5007d1000 ---p 0002d000 08:01 29764625                   /usr/lib/x86_64-linux-gnu/libatk-bridge-2.0.so.0.0.0
7ff5007d1000-7ff5007d2000 r--p 0002c000 08:01 29764625                   /usr/lib/x86_64-linux-gnu/libatk-bridge-2.0.so.0.0.0
7ff5007d2000-7ff5007d4000 rw-p 0002d000 08:01 29764625                   /usr/lib/x86_64-linux-gnu/libatk-bridge-2.0.so.0.0.0
7ff5007d4000-7ff5007d5000 r-xp 00000000 08:01 526721                     /usr/lib/x86_64-linux-gnu/gtk-2.0/modules/libatk-bridge.so
7ff5007d5000-7ff5009d4000 ---p 00001000 08:01 526721                     /usr/lib/x86_64-linux-gnu/gtk-2.0/modules/libatk-bridge.so
7ff5009d4000-7ff5009d5000 r--p 00000000 08:01 526721                     /usr/lib/x86_64-linux-gnu/gtk-2.0/modules/libatk-bridge.so
7ff5009d5000-7ff5009d6000 rw-p 00001000 08:01 526721                     /usr/lib/x86_64-linux-gnu/gtk-2.0/modules/libatk-bridge.so
7ff5009d6000-7ff5009dd000 r-xp 00000000 08:01 29765478                   /usr/lib/x86_64-linux-gnu/libgailutil.so.18.0.1
7ff5009dd000-7ff500bdc000 ---p 00007000 08:01 29765478                   /usr/lib/x86_64-linux-gnu/libgailutil.so.18.0.1
7ff500bdc000-7ff500bdd000 r--p 00006000 08:01 29765478                   /usr/lib/x86_64-linux-gnu/libgailutil.so.18.0.1
7ff500bdd000-7ff500bde000 rw-p 00007000 08:01 29765478                   /usr/lib/x86_64-linux-gnu/libgailutil.so.18.0.1
7ff500bde000-7ff500c2c000 r-xp 00000000 08:01 526719                     /usr/lib/x86_64-linux-gnu/gtk-2.0/modules/libgail.so
7ff500c2c000-7ff500e2b000 ---p 0004e000 08:01 526719                     /usr/lib/x86_64-linux-gnu/gtk-2.0/modules/libgail.so
7ff500e2b000-7ff500e2c000 r--p 0004d000 08:01 526719                     /usr/lib/x86_64-linux-gnu/gtk-2.0/modules/libgail.so
7ff500e2c000-7ff500e2e000 rw-p 0004e000 08:01 526719                     /usr/lib/x86_64-linux-gnu/gtk-2.0/modules/libgail.so
7ff500e2e000-7ff500e34000 r-xp 00000000 08:01 29764576                   /usr/lib/x86_64-linux-gnu/libdatrie.so.1.3.3
7ff500e34000-7ff501034000 ---p 00006000 08:01 29764576                   /usr/lib/x86_64-linux-gnu/libdatrie.so.1.3.3
7ff501034000-7ff501035000 r--p 00006000 08:01 29764576                   /usr/lib/x86_64-linux-gnu/libdatrie.so.1.3.3
7ff501035000-7ff501036000 rw-p 00007000 08:01 29764576                   /usr/lib/x86_64-linux-gnu/libdatrie.so.1.3.3
7ff501036000-7ff501059000 r-xp 00000000 08:01 29764583                   /usr/lib/x86_64-linux-gnu/libgraphite2.so.3.0.1
7ff501059000-7ff501258000 ---p 00023000 08:01 29764583                   /usr/lib/x86_64-linux-gnu/libgraphite2.so.3.0.1
7ff501258000-7ff50125a000 r--p 00022000 08:01 29764583                   /usr/lib/x86_64-linux-gnu/libgraphite2.so.3.0.1
7ff50125a000-7ff50125b000 rw-p 00024000 08:01 29764583                   /usr/lib/x86_64-linux-gnu/libgraphite2.so.3.0.1
7ff50125b000-7ff501263000 r-xp 00000000 08:01 29764578                   /usr/lib/x86_64-linux-gnu/libthai.so.0.2.4
7ff501263000-7ff501462000 ---p 00008000 08:01 29764578                   /usr/lib/x86_64-linux-gnu/libthai.so.0.2.4
7ff501462000-7ff501463000 r--p 00007000 08:01 29764578                   /usr/lib/x86_64-linux-gnu/libthai.so.0.2.4
7ff501463000-7ff501464000 rw-p 00008000 08:01 29764578                   /usr/lib/x86_64-linux-gnu/libthai.so.0.2.4
7ff501464000-7ff5014c0000 r-xp 00000000 08:01 29764586                   /usr/lib/x86_64-linux-gnu/libharfbuzz.so.0.10000.1
7ff5014c0000-7ff5016c0000 ---p 0005c000 08:01 29764586                   /usr/lib/x86_64-linux-gnu/libharfbuzz.so.0.10000.1
7ff5016c0000-7ff5016c1000 r--p 0005c000 08:01 29764586                   /usr/lib/x86_64-linux-gnu/libharfbuzz.so.0.10000.1
7ff5016c1000-7ff5016c2000 rw-p 0005d000 08:01 29764586                   /usr/lib/x86_64-linux-gnu/libharfbuzz.so.0.10000.1
7ff5016c2000-7ff501730000 r-xp 00000000 08:01 23330912                   /lib/x86_64-linux-gnu/libpcre.so.3.13.2
7ff501730000-7ff501930000 ---p 0006e000 08:01 23330912                   /lib/x86_64-linux-gnu/libpcre.so.3.13.2
7ff501930000-7ff501931000 r--p 0006e000 08:01 23330912                   /lib/x86_64-linux-gnu/libpcre.so.3.13.2
7ff501931000-7ff501932000 rw-p 0006f000 08:01 23330912                   /lib/x86_64-linux-gnu/libpcre.so.3.13.2
7ff501932000-7ff501949000 r-xp 00000000 08:01 23331001                   /lib/x86_64-linux-gnu/libresolv-2.23.so
7ff501949000-7ff501b49000 ---p 00017000 08:01 23331001                   /lib/x86_64-linux-gnu/libresolv-2.23.so
7ff501b49000-7ff501b4a000 r--p 00017000 08:01 23331001                   /lib/x86_64-linux-gnu/libresolv-2.23.so
7ff501b4a000-7ff501b4b000 rw-p 00018000 08:01 23331001                   /lib/x86_64-linux-gnu/libresolv-2.23.so
7ff501b4b000-7ff501b4d000 rw-p 00000000 00:00 0 
7ff501b4d000-7ff501b6c000 r-xp 00000000 08:01 23330920                   /lib/x86_64-linux-gnu/libselinux.so.1
7ff501b6c000-7ff501d6b000 ---p 0001f000 08:01 23330920                   /lib/x86_64-linux-gnu/libselinux.so.1
7ff501d6b000-7ff501d6c000 r--p 0001e000 08:01 23330920                   /lib/x86_64-linux-gnu/libselinux.so.1
7ff501d6c000-7ff501d6d000 rw-p 0001f000 08:01 23330920                   /lib/x86_64-linux-gnu/libselinux.so.1
7ff501d6d000-7ff501d6f000 rw-p 00000000 00:00 0 
7ff501d6f000-7ff501d77000 r-xp 00000000 08:01 29764547                   /usr/lib/x86_64-linux-gnu/libxcb-render.so.0.0.0
7ff501d77000-7ff501f77000 ---p 00008000 08:01 29764547                   /usr/lib/x86_64-linux-gnu/libxcb-render.so.0.0.0
7ff501f77000-7ff501f78000 r--p 00008000 08:01 29764547                   /usr/lib/x86_64-linux-gnu/libxcb-render.so.0.0.0
7ff501f78000-7ff501f79000 rw-p 00009000 08:01 29764547                   /usr/lib/x86_64-linux-gnu/libxcb-render.so.0.0.0
7ff501f79000-7ff501f7b000 r-xp 00000000 08:01 29764549                   /usr/lib/x86_64-linux-gnu/libxcb-shm.so.0.0.0
7ff501f7b000-7ff50217b000 ---p 00002000 08:01 29764549                   /usr/lib/x86_64-linux-gnu/libxcb-shm.so.0.0.0
7ff50217b000-7ff50217c000 r--p 00002000 08:01 29764549                   /usr/lib/x86_64-linux-gnu/libxcb-shm.so.0.0.0
7ff50217c000-7ff50217d000 rw-p 00003000 08:01 29764549                   /usr/lib/x86_64-linux-gnu/libxcb-shm.so.0.0.0
7ff50217d000-7ff5021a1000 r-xp 00000000 08:01 23331087                   /lib/x86_64-linux-gnu/libpng12.so.0.54.0
7ff5021a1000-7ff5023a0000 ---p 00024000 08:01 23331087                   /lib/x86_64-linux-gnu/libpng12.so.0.54.0
7ff5023a0000-7ff5023a1000 r--p 00023000 08:01 23331087                   /lib/x86_64-linux-gnu/libpng12.so.0.54.0
7ff5023a1000-7ff5023a2000 rw-p 00024000 08:01 23331087                   /lib/x86_64-linux-gnu/libpng12.so.0.54.0
7ff5023a2000-7ff502446000 r-xp 00000000 08:01 29759647                   /usr/lib/x86_64-linux-gnu/libfreetype.so.6.12.1
7ff502446000-7ff502645000 ---p 000a4000 08:01 29759647                   /usr/lib/x86_64-linux-gnu/libfreetype.so.6.12.1
7ff502645000-7ff50264b000 r--p 000a3000 08:01 29759647                   /usr/lib/x86_64-linux-gnu/libfreetype.so.6.12.1
7ff50264b000-7ff50264c000 rw-p 000a9000 08:01 29759647                   /usr/lib/x86_64-linux-gnu/libfreetype.so.6.12.1
7ff50264c000-7ff5026eb000 r-xp 00000000 08:01 29764545                   /usr/lib/x86_64-linux-gnu/libpixman-1.so.0.33.6
7ff5026eb000-7ff5028eb000 ---p 0009f000 08:01 29764545                   /usr/lib/x86_64-linux-gnu/libpixman-1.so.0.33.6
7ff5028eb000-7ff5028f3000 r--p 0009f000 08:01 29764545                   /usr/lib/x86_64-linux-gnu/libpixman-1.so.0.33.6
7ff5028f3000-7ff5028f4000 rw-p 000a7000 08:01 29764545                   /usr/lib/x86_64-linux-gnu/libpixman-1.so.0.33.6
7ff5028f4000-7ff5028f6000 r-xp 00000000 08:01 29764718                   /usr/lib/x86_64-linux-gnu/libXcomposite.so.1.0.0
7ff5028f6000-7ff502af5000 ---p 00002000 08:01 29764718                   /usr/lib/x86_64-linux-gnu/libXcomposite.so.1.0.0
7ff502af5000-7ff502af6000 r--p 00001000 08:01 29764718                   /usr/lib/x86_64-linux-gnu/libXcomposite.so.1.0.0
7ff502af6000-7ff502af7000 rw-p 00002000 08:01 29764718                   /usr/lib/x86_64-linux-gnu/libXcomposite.so.1.0.0
7ff502af7000-7ff502b00000 r-xp 00000000 08:01 29764722                   /usr/lib/x86_64-linux-gnu/libXcursor.so.1.0.2
7ff502b00000-7ff502cff000 ---p 00009000 08:01 29764722                   /usr/lib/x86_64-linux-gnu/libXcursor.so.1.0.2
7ff502cff000-7ff502d00000 r--p 00008000 08:01 29764722                   /usr/lib/x86_64-linux-gnu/libXcursor.so.1.0.2
7ff502d00000-7ff502d01000 rw-p 00009000 08:01 29764722                   /usr/lib/x86_64-linux-gnu/libXcursor.so.1.0.2
7ff502d01000-7ff502d0b000 r-xp 00000000 08:01 29764730                   /usr/lib/x86_64-linux-gnu/libXrandr.so.2.2.0
7ff502d0b000-7ff502f0a000 ---p 0000a000 08:01 29764730                   /usr/lib/x86_64-linux-gnu/libXrandr.so.2.2.0
7ff502f0a000-7ff502f0b000 r--p 00009000 08:01 29764730                   /usr/lib/x86_64-linux-gnu/libXrandr.so.2.2.0
7ff502f0b000-7ff502f0c000 rw-p 0000a000 08:01 29764730                   /usr/lib/x86_64-linux-gnu/libXrandr.so.2.2.0
7ff502f0c000-7ff502f1b000 r-xp 00000000 08:01 29764726                   /usr/lib/x86_64-linux-gnu/libXi.so.6.1.0
7ff502f1b000-7ff50311a000 ---p 0000f000 08:01 29764726                   /usr/lib/x86_64-linux-gnu/libXi.so.6.1.0
7ff50311a000-7ff50311b000 r--p 0000e000 08:01 29764726                   /usr/lib/x86_64-linux-gnu/libXi.so.6.1.0
7ff50311b000-7ff50311c000 rw-p 0000f000 08:01 29764726                   /usr/lib/x86_64-linux-gnu/libXi.so.6.1.0
7ff50311c000-7ff50311e000 r-xp 00000000 08:01 29764728                   /usr/lib/x86_64-linux-gnu/libXinerama.so.1.0.0
7ff50311e000-7ff50331d000 ---p 00002000 08:01 29764728                   /usr/lib/x86_64-linux-gnu/libXinerama.so.1.0.0
7ff50331d000-7ff50331e000 r--p 00001000 08:01 29764728                   /usr/lib/x86_64-linux-gnu/libXinerama.so.1.0.0
7ff50331e000-7ff50331f000 rw-p 00002000 08:01 29764728                   /usr/lib/x86_64-linux-gnu/libXinerama.so.1.0.0
7ff50331f000-7ff503328000 r-xp 00000000 08:01 29764551                   /usr/lib/x86_64-linux-gnu/libXrender.so.1.3.0
7ff503328000-7ff503527000 ---p 00009000 08:01 29764551                   /usr/lib/x86_64-linux-gnu/libXrender.so.1.3.0
7ff503527000-7ff503528000 r--p 00008000 08:01 29764551                   /usr/lib/x86_64-linux-gnu/libXrender.so.1.3.0
7ff503528000-7ff503529000 rw-p 00009000 08:01 29764551                   /usr/lib/x86_64-linux-gnu/libXrender.so.1.3.0
7ff503529000-7ff503566000 r-xp 00000000 08:01 29764542                   /usr/lib/x86_64-linux-gnu/libfontconfig.so.1.9.0
7ff503566000-7ff503765000 ---p 0003d000 08:01 29764542                   /usr/lib/x86_64-linux-gnu/libfontconfig.so.1.9.0
7ff503765000-7ff503767000 r--p 0003c000 08:01 29764542                   /usr/lib/x86_64-linux-gnu/libfontconfig.so.1.9.0
7ff503767000-7ff50376c000 rw-p 0003e000 08:01 29764542                   /usr/lib/x86_64-linux-gnu/libfontconfig.so.1.9.0
7ff50376c000-7ff5037b5000 r-xp 00000000 08:01 29764580                   /usr/lib/x86_64-linux-gnu/libpango-1.0.so.0.3800.1
7ff5037b5000-7ff5039b5000 ---p 00049000 08:01 29764580                   /usr/lib/x86_64-linux-gnu/libpango-1.0.so.0.3800.1
7ff5039b5000-7ff5039b7000 r--p 00049000 08:01 29764580                   /usr/lib/x86_64-linux-gnu/libpango-1.0.so.0.3800.1
7ff5039b7000-7ff5039b8000 rw-p 0004b000 08:01 29764580                   /usr/lib/x86_64-linux-gnu/libpango-1.0.so.0.3800.1
7ff5039b8000-7ff5039cc000 r-xp 00000000 08:01 29764588                   /usr/lib/x86_64-linux-gnu/libpangoft2-1.0.so.0.3800.1
7ff5039cc000-7ff503bcc000 ---p 00014000 08:01 29764588                   /usr/lib/x86_64-linux-gnu/libpangoft2-1.0.so.0.3800.1
7ff503bcc000-7ff503bcd000 r--p 00014000 08:01 29764588                   /usr/lib/x86_64-linux-gnu/libpangoft2-1.0.so.0.3800.1
7ff503bcd000-7ff503bce000 rw-p 00015000 08:01 29764588                   /usr/lib/x86_64-linux-gnu/libpangoft2-1.0.so.0.3800.1
7ff503bce000-7ff503bf0000 r-xp 00000000 08:01 29764621                   /usr/lib/x86_64-linux-gnu/libatk-1.0.so.0.21809.1
7ff503bf0000-7ff503def000 ---p 00022000 08:01 29764621                   /usr/lib/x86_64-linux-gnu/libatk-1.0.so.0.21809.1
7ff503def000-7ff503df2000 r--p 00021000 08:01 29764621                   /usr/lib/x86_64-linux-gnu/libatk-1.0.so.0.21809.1
7ff503df2000-7ff503df3000 rw-p 00024000 08:01 29764621                   /usr/lib/x86_64-linux-gnu/libatk-1.0.so.0.21809.1
7ff503df3000-7ff503dff000 r-xp 00000000 08:01 29764590                   /usr/lib/x86_64-linux-gnu/libpangocairo-1.0.so.0.3800.1
7ff503dff000-7ff503ffe000 ---p 0000c000 08:01 29764590                   /usr/lib/x86_64-linux-gnu/libpangocairo-1.0.so.0.3800.1
7ff503ffe000-7ff503fff000 r--p 0000b000 08:01 29764590                   /usr/lib/x86_64-linux-gnu/libpangocairo-1.0.so.0.3800.1
7ff503fff000-7ff504000000 rw-p 0000c000 08:01 29764590                   /usr/lib/x86_64-linux-gnu/libpangocairo-1.0.so.0.3800.1
7ff504000000-7ff504204000 rw-p 00000000 00:00 0 
7ff504204000-7ff508000000 ---p 00000000 00:00 0 
7ff508000000-7ff50865a000 rw-p 00000000 00:00 0 
7ff50865a000-7ff50c000000 ---p 00000000 00:00 0 
7ff50c000000-7ff50c021000 rw-p 00000000 00:00 0 
7ff50c021000-7ff510000000 ---p 00000000 00:00 0 
7ff510000000-7ff510021000 rw-p 00000000 00:00 0 
7ff510021000-7ff514000000 ---p 00000000 00:00 0 
7ff514000000-7ff514ad8000 rw-p 00000000 00:00 0 
7ff514ad8000-7ff518000000 ---p 00000000 00:00 0 
7ff518000000-7ff51853e000 rw-p 00000000 00:00 0 
7ff51853e000-7ff51c000000 ---p 00000000 00:00 0 
7ff51c000000-7ff51c021000 rw-p 00000000 00:00 0 
7ff51c021000-7ff520000000 ---p 00000000 00:00 0 
7ff520000000-7ff520775000 rw-p 00000000 00:00 0 
7ff520775000-7ff524000000 ---p 00000000 00:00 0 
7ff524000000-7ff524021000 rw-p 00000000 00:00 0 
7ff524021000-7ff528000000 ---p 00000000 00:00 0 
7ff528000000-7ff528021000 rw-p 00000000 00:00 0 
7ff528021000-7ff52c000000 ---p 00000000 00:00 0 
7ff52c000000-7ff52c021000 rw-p 00000000 00:00 0 
7ff52c021000-7ff530000000 ---p 00000000 00:00 0 
7ff530000000-7ff530021000 rw-p 00000000 00:00 0 
7ff530021000-7ff534000000 ---p 00000000 00:00 0 
7ff534000000-7ff534021000 rw-p 00000000 00:00 0 
7ff534021000-7ff538000000 ---p 00000000 00:00 0 
7ff538000000-7ff538004000 r--s 00000000 08:01 1462895                    /var/cache/fontconfig/6d41288fd70b0be22e8c3a91e032eec0-le64.cache-6
7ff538004000-7ff538008000 r--s 00000000 08:01 1461958                    /var/cache/fontconfig/de156ccd2eddbdc19d37a45b8b2aac9c-le64.cache-6
7ff538008000-7ff53801d000 r--s 00000000 08:01 1459410                    /var/cache/fontconfig/04aabc0a78ac019cf9454389977116d2-le64.cache-6
7ff53801d000-7ff538021000 r--s 00000000 08:01 1457024                    /var/cache/fontconfig/385c0604a188198f04d133e54aba7fe7-le64.cache-6
7ff538021000-7ff538024000 r--s 00000000 08:01 1459407                    /var/cache/fontconfig/767a8244fc0220cfb567a839d0392e0b-le64.cache-6
7ff538024000-7ff538029000 r--s 00000000 08:01 1457023                    /var/cache/fontconfig/8801497958630a81b71ace7c5f9b32a8-le64.cache-6
7ff538029000-7ff53802d000 r--s 00000000 08:01 1461937                    /var/cache/fontconfig/c57959a16110560c8d0fcea73374aeeb-le64.cache-6
7ff53802d000-7ff538034000 r--s 00000000 08:01 1459403                    /var/cache/fontconfig/3047814df9a2f067bd2d96a2b9c36e5a-le64.cache-6
7ff538034000-7ff538047000 r--s 00000000 08:01 1459401                    /var/cache/fontconfig/d52a8644073d54c13679302ca1180695-le64.cache-6
7ff538047000-7ff5380c7000 rw-s 10a68e000 00:06 360                       /dev/dri/card0
7ff5380c7000-7ff538147000 r-xp 00000000 08:01 23331053                   /lib/x86_64-linux-gnu/libsystemd.so.0.14.0
7ff538147000-7ff53814a000 r--p 0007f000 08:01 23331053                   /lib/x86_64-linux-gnu/libsystemd.so.0.14.0
7ff53814a000-7ff53814b000 rw-p 00082000 08:01 23331053                   /lib/x86_64-linux-gnu/libsystemd.so.0.14.0
7ff53814b000-7ff53814c000 rw-p 00000000 00:00 0 
7ff53814c000-7ff53814f000 r-xp 00000000 08:01 29757146                   /usr/lib/x86_64-linux-gnu/libgmodule-2.0.so.0.4800.1
7ff53814f000-7ff53834e000 ---p 00003000 08:01 29757146                   /usr/lib/x86_64-linux-gnu/libgmodule-2.0.so.0.4800.1
7ff53834e000-7ff53834f000 r--p 00002000 08:01 29757146                   /usr/lib/x86_64-linux-gnu/libgmodule-2.0.so.0.4800.1
7ff53834f000-7ff538350000 rw-p 00003000 08:01 29757146                   /usr/lib/x86_64-linux-gnu/libgmodule-2.0.so.0.4800.1
7ff538350000-7ff538355000 r-xp 00000000 08:01 29764831                   /usr/lib/x86_64-linux-gnu/libXtst.so.6.1.0
7ff538355000-7ff538554000 ---p 00005000 08:01 29764831                   /usr/lib/x86_64-linux-gnu/libXtst.so.6.1.0
7ff538554000-7ff538555000 r--p 00004000 08:01 29764831                   /usr/lib/x86_64-linux-gnu/libXtst.so.6.1.0
7ff538555000-7ff538556000 rw-p 00005000 08:01 29764831                   /usr/lib/x86_64-linux-gnu/libXtst.so.6.1.0
7ff538556000-7ff538665000 r-xp 00000000 08:01 23331026                   /lib/x86_64-linux-gnu/libglib-2.0.so.0.4800.1
7ff538665000-7ff538864000 ---p 0010f000 08:01 23331026                   /lib/x86_64-linux-gnu/libglib-2.0.so.0.4800.1
7ff538864000-7ff538865000 r--p 0010e000 08:01 23331026                   /lib/x86_64-linux-gnu/libglib-2.0.so.0.4800.1
7ff538865000-7ff538866000 rw-p 0010f000 08:01 23331026                   /lib/x86_64-linux-gnu/libglib-2.0.so.0.4800.1
7ff538866000-7ff538867000 rw-p 00000000 00:00 0 
7ff538867000-7ff5388b9000 r-xp 00000000 08:01 29757148                   /usr/lib/x86_64-linux-gnu/libgobject-2.0.so.0.4800.1
7ff5388b9000-7ff538ab8000 ---p 00052000 08:01 29757148                   /usr/lib/x86_64-linux-gnu/libgobject-2.0.so.0.4800.1
7ff538ab8000-7ff538ab9000 r--p 00051000 08:01 29757148                   /usr/lib/x86_64-linux-gnu/libgobject-2.0.so.0.4800.1
7ff538ab9000-7ff538aba000 rw-p 00052000 08:01 29757148                   /usr/lib/x86_64-linux-gnu/libgobject-2.0.so.0.4800.1
7ff538aba000-7ff538c3a000 r-xp 00000000 08:01 29757147                   /usr/lib/x86_64-linux-gnu/libgio-2.0.so.0.4800.1
7ff538c3a000-7ff538e3a000 ---p 00180000 08:01 29757147                   /usr/lib/x86_64-linux-gnu/libgio-2.0.so.0.4800.1
7ff538e3a000-7ff538e3e000 r--p 00180000 08:01 29757147                   /usr/lib/x86_64-linux-gnu/libgio-2.0.so.0.4800.1
7ff538e3e000-7ff538e40000 rw-p 00184000 08:01 29757147                   /usr/lib/x86_64-linux-gnu/libgio-2.0.so.0.4800.1
7ff538e40000-7ff538e42000 rw-p 00000000 00:00 0 
7ff538e42000-7ff538e63000 r-xp 00000000 08:01 29764537                   /usr/lib/x86_64-linux-gnu/libgdk_pixbuf-2.0.so.0.3200.2
7ff538e63000-7ff539062000 ---p 00021000 08:01 29764537                   /usr/lib/x86_64-linux-gnu/libgdk_pixbuf-2.0.so.0.3200.2
7ff539062000-7ff539063000 r--p 00020000 08:01 29764537                   /usr/lib/x86_64-linux-gnu/libgdk_pixbuf-2.0.so.0.3200.2
7ff539063000-7ff539064000 rw-p 00021000 08:01 29764537                   /usr/lib/x86_64-linux-gnu/libgdk_pixbuf-2.0.so.0.3200.2
7ff539064000-7ff539172000 r-xp 00000000 08:01 29764553                   /usr/lib/x86_64-linux-gnu/libcairo.so.2.11400.6
7ff539172000-7ff539372000 ---p 0010e000 08:01 29764553                   /usr/lib/x86_64-linux-gnu/libcairo.so.2.11400.6
7ff539372000-7ff539375000 r--p 0010e000 08:01 29764553                   /usr/lib/x86_64-linux-gnu/libcairo.so.2.11400.6
7ff539375000-7ff539376000 rw-p 00111000 08:01 29764553                   /usr/lib/x86_64-linux-gnu/libcairo.so.2.11400.6
7ff539376000-7ff539378000 rw-p 00000000 00:00 0 
7ff539378000-7ff539428000 r-xp 00000000 08:01 29764897                   /usr/lib/x86_64-linux-gnu/libgdk-x11-2.0.so.0.2400.30
7ff539428000-7ff539627000 ---p 000b0000 08:01 29764897                   /usr/lib/x86_64-linux-gnu/libgdk-x11-2.0.so.0.2400.30
7ff539627000-7ff53962b000 r--p 000af000 08:01 29764897                   /usr/lib/x86_64-linux-gnu/libgdk-x11-2.0.so.0.2400.30
7ff53962b000-7ff53962d000 rw-p 000b3000 08:01 29764897                   /usr/lib/x86_64-linux-gnu/libgdk-x11-2.0.so.0.2400.30
7ff53962d000-7ff53bb1f000 r-xp 00000000 08:01 29764704                   /usr/lib/x86_64-linux-gnu/libLLVM-3.8.so.1
7ff53bb1f000-7ff53bd1f000 ---p 024f2000 08:01 29764704                   /usr/lib/x86_64-linux-gnu/libLLVM-3.8.so.1
7ff53bd1f000-7ff53bfd4000 r--p 024f2000 08:01 29764704                   /usr/lib/x86_64-linux-gnu/libLLVM-3.8.so.1
7ff53bfd4000-7ff53bfd6000 rw-p 027a7000 08:01 29764704                   /usr/lib/x86_64-linux-gnu/libLLVM-3.8.so.1
7ff53bfd6000-7ff53c000000 rw-p 00000000 00:00 0 
7ff53c000000-7ff53c021000 rw-p 00000000 00:00 0 
7ff53c021000-7ff540000000 ---p 00000000 00:00 0 
7ff540000000-7ff540001000 r--s 00000000 08:01 1459409                    /var/cache/fontconfig/1ac9eb803944fde146138c791f5cc56a-le64.cache-6
7ff540001000-7ff540002000 r--s 00000000 08:01 1459408                    /var/cache/fontconfig/dc05db6664285cc2f12bf69c139ae4c3-le64.cache-6
7ff540002000-7ff54000a000 r--s 00000000 08:01 1461866                    /var/cache/fontconfig/bf3b770c553c462765856025a94f1ce6-le64.cache-6
7ff54000a000-7ff540010000 r--s 00000000 08:01 1457021                    /var/cache/fontconfig/b47c4e1ecd0709278f4910c18777a504-le64.cache-6
7ff540010000-7ff54001b000 r--s 00000000 08:01 1459394                    /var/cache/fontconfig/d589a48862398ed80a3d6066f4f56f4c-le64.cache-6
7ff54001b000-7ff54001c000 r-xp 00000000 08:01 29757145                   /usr/lib/x86_64-linux-gnu/libgthread-2.0.so.0.4800.1
7ff54001c000-7ff54021b000 ---p 00001000 08:01 29757145                   /usr/lib/x86_64-linux-gnu/libgthread-2.0.so.0.4800.1
7ff54021b000-7ff54021c000 r--p 00000000 08:01 29757145                   /usr/lib/x86_64-linux-gnu/libgthread-2.0.so.0.4800.1
7ff54021c000-7ff54021d000 rw-p 00001000 08:01 29757145                   /usr/lib/x86_64-linux-gnu/libgthread-2.0.so.0.4800.1
7ff54021d000-7ff54065b000 r-xp 00000000 08:01 29764898                   /usr/lib/x86_64-linux-gnu/libgtk-x11-2.0.so.0.2400.30
7ff54065b000-7ff54085a000 ---p 0043e000 08:01 29764898                   /usr/lib/x86_64-linux-gnu/libgtk-x11-2.0.so.0.2400.30
7ff54085a000-7ff540861000 r--p 0043d000 08:01 29764898                   /usr/lib/x86_64-linux-gnu/libgtk-x11-2.0.so.0.2400.30
7ff540861000-7ff540865000 rw-p 00444000 08:01 29764898                   /usr/lib/x86_64-linux-gnu/libgtk-x11-2.0.so.0.2400.30
7ff540865000-7ff540868000 rw-p 00000000 00:00 0 
7ff540868000-7ff540890000 r-xp 00000000 08:01 3152130                    /usr/lib/jvm/java-8-openjdk-amd64/jre/lib/amd64/libglass.so
7ff540890000-7ff540a90000 ---p 00028000 08:01 3152130                    /usr/lib/jvm/java-8-openjdk-amd64/jre/lib/amd64/libglass.so
7ff540a90000-7ff540a91000 r--p 00028000 08:01 3152130                    /usr/lib/jvm/java-8-openjdk-amd64/jre/lib/amd64/libglass.so
7ff540a91000-7ff540a92000 rw-p 00029000 08:01 3152130                    /usr/lib/jvm/java-8-openjdk-amd64/jre/lib/amd64/libglass.so
7ff540a92000-7ff540ac9000 r-xp 00000000 08:01 29764833                   /usr/lib/x86_64-linux-gnu/libtxc_dxtn_s2tc.so.0.0.0
7ff540ac9000-7ff540cc8000 ---p 00037000 08:01 29764833                   /usr/lib/x86_64-linux-gnu/libtxc_dxtn_s2tc.so.0.0.0
7ff540cc8000-7ff540cc9000 r--p 00036000 08:01 29764833                   /usr/lib/x86_64-linux-gnu/libtxc_dxtn_s2tc.so.0.0.0
7ff540cc9000-7ff540cca000 rw-p 00037000 08:01 29764833                   /usr/lib/x86_64-linux-gnu/libtxc_dxtn_s2tc.so.0.0.0
7ff540cca000-7ff540cdd000 r-xp 00000000 08:01 23331072                   /lib/x86_64-linux-gnu/libbsd.so.0.8.2
7ff540cdd000-7ff540edc000 ---p 00013000 08:01 23331072                   /lib/x86_64-linux-gnu/libbsd.so.0.8.2
7ff540edc000-7ff540edd000 r--p 00012000 08:01 23331072                   /lib/x86_64-linux-gnu/libbsd.so.0.8.2
7ff540edd000-7ff540ede000 rw-p 00013000 08:01 23331072                   /lib/x86_64-linux-gnu/libbsd.so.0.8.2
7ff540ede000-7ff540edf000 rw-p 00000000 00:00 0 
7ff540edf000-7ff540f04000 r-xp 00000000 08:01 23330928                   /lib/x86_64-linux-gnu/libtinfo.so.5.9
7ff540f04000-7ff541103000 ---p 00025000 08:01 23330928                   /lib/x86_64-linux-gnu/libtinfo.so.5.9
7ff541103000-7ff541107000 r--p 00024000 08:01 23330928                   /lib/x86_64-linux-gnu/libtinfo.so.5.9
7ff541107000-7ff541108000 rw-p 00028000 08:01 23330928                   /lib/x86_64-linux-gnu/libtinfo.so.5.9
7ff541108000-7ff541139000 r-xp 00000000 08:01 29759366                   /usr/lib/x86_64-linux-gnu/libedit.so.2.0.53
7ff541139000-7ff541339000 ---p 00031000 08:01 29759366                   /usr/lib/x86_64-linux-gnu/libedit.so.2.0.53
7ff541339000-7ff54133b000 r--p 00031000 08:01 29759366                   /usr/lib/x86_64-linux-gnu/libedit.so.2.0.53
7ff54133b000-7ff54133c000 rw-p 00033000 08:01 29759366                   /usr/lib/x86_64-linux-gnu/libedit.so.2.0.53
7ff54133c000-7ff541340000 rw-p 00000000 00:00 0 
7ff541340000-7ff541347000 r-xp 00000000 08:01 29757991                   /usr/lib/x86_64-linux-gnu/libffi.so.6.0.4
7ff541347000-7ff541546000 ---p 00007000 08:01 29757991                   /usr/lib/x86_64-linux-gnu/libffi.so.6.0.4
7ff541546000-7ff541547000 r--p 00006000 08:01 29757991                   /usr/lib/x86_64-linux-gnu/libffi.so.6.0.4
7ff541547000-7ff541548000 rw-p 00007000 08:01 29757991                   /usr/lib/x86_64-linux-gnu/libffi.so.6.0.4
7ff541548000-7ff54155f000 r-xp 00000000 08:01 29764702                   /usr/lib/x86_64-linux-gnu/libelf-0.165.so
7ff54155f000-7ff54175e000 ---p 00017000 08:01 29764702                   /usr/lib/x86_64-linux-gnu/libelf-0.165.so
7ff54175e000-7ff54175f000 r--p 00016000 08:01 29764702                   /usr/lib/x86_64-linux-gnu/libelf-0.165.so
7ff54175f000-7ff541760000 rw-p 00017000 08:01 29764702                   /usr/lib/x86_64-linux-gnu/libelf-0.165.so
7ff541760000-7ff541767000 r-xp 00000000 08:01 29764691                   /usr/lib/x86_64-linux-gnu/libdrm_amdgpu.so.1.0.0
7ff541767000-7ff541966000 ---p 00007000 08:01 29764691                   /usr/lib/x86_64-linux-gnu/libdrm_amdgpu.so.1.0.0
7ff541966000-7ff541967000 r--p 00006000 08:01 29764691                   /usr/lib/x86_64-linux-gnu/libdrm_amdgpu.so.1.0.0
7ff541967000-7ff541968000 rw-p 00007000 08:01 29764691                   /usr/lib/x86_64-linux-gnu/libdrm_amdgpu.so.1.0.0
7ff541968000-7ff541973000 r-xp 00000000 08:01 29764700                   /usr/lib/x86_64-linux-gnu/libdrm_radeon.so.1.0.1
7ff541973000-7ff541b72000 ---p 0000b000 08:01 29764700                   /usr/lib/x86_64-linux-gnu/libdrm_radeon.so.1.0.1
7ff541b72000-7ff541b73000 r--p 0000a000 08:01 29764700                   /usr/lib/x86_64-linux-gnu/libdrm_radeon.so.1.0.1
7ff541b73000-7ff541b74000 rw-p 0000b000 08:01 29764700                   /usr/lib/x86_64-linux-gnu/libdrm_radeon.so.1.0.1
7ff541b74000-7ff541b7b000 r-xp 00000000 08:01 29764697                   /usr/lib/x86_64-linux-gnu/libdrm_nouveau.so.2.0.0
7ff541b7b000-7ff541d7a000 ---p 00007000 08:01 29764697                   /usr/lib/x86_64-linux-gnu/libdrm_nouveau.so.2.0.0
7ff541d7a000-7ff541d7b000 r--p 00006000 08:01 29764697                   /usr/lib/x86_64-linux-gnu/libdrm_nouveau.so.2.0.0
7ff541d7b000-7ff541d7c000 rw-p 00007000 08:01 29764697                   /usr/lib/x86_64-linux-gnu/libdrm_nouveau.so.2.0.0
7ff541d7c000-7ff542643000 r-xp 00000000 08:01 29764708                   /usr/lib/x86_64-linux-gnu/dri/nouveau_dri.so
7ff542643000-7ff542842000 ---p 008c7000 08:01 29764708                   /usr/lib/x86_64-linux-gnu/dri/nouveau_dri.so
7ff542842000-7ff5428b6000 r--p 008c6000 08:01 29764708                   /usr/lib/x86_64-linux-gnu/dri/nouveau_dri.so
7ff5428b6000-7ff5428c5000 rw-p 0093a000 08:01 29764708                   /usr/lib/x86_64-linux-gnu/dri/nouveau_dri.so
7ff5428c5000-7ff542abb000 rw-p 00000000 00:00 0 
7ff542abb000-7ff542ac0000 r-xp 00000000 08:01 29759124                   /usr/lib/x86_64-linux-gnu/libXdmcp.so.6.0.0
7ff542ac0000-7ff542cbf000 ---p 00005000 08:01 29759124                   /usr/lib/x86_64-linux-gnu/libXdmcp.so.6.0.0
7ff542cbf000-7ff542cc0000 r--p 00004000 08:01 29759124                   /usr/lib/x86_64-linux-gnu/libXdmcp.so.6.0.0
7ff542cc0000-7ff542cc1000 rw-p 00005000 08:01 29759124                   /usr/lib/x86_64-linux-gnu/libXdmcp.so.6.0.0
7ff542cc1000-7ff542cc3000 r-xp 00000000 08:01 29759119                   /usr/lib/x86_64-linux-gnu/libXau.so.6.0.0
7ff542cc3000-7ff542ec3000 ---p 00002000 08:01 29759119                   /usr/lib/x86_64-linux-gnu/libXau.so.6.0.0
7ff542ec3000-7ff542ec4000 r--p 00002000 08:01 29759119                   /usr/lib/x86_64-linux-gnu/libXau.so.6.0.0
7ff542ec4000-7ff542ec5000 rw-p 00003000 08:01 29759119                   /usr/lib/x86_64-linux-gnu/libXau.so.6.0.0
7ff542ec5000-7ff542ed3000 r-xp 00000000 08:01 29764119                   /usr/lib/x86_64-linux-gnu/libdrm.so.2.4.0
7ff542ed3000-7ff5430d2000 ---p 0000e000 08:01 29764119                   /usr/lib/x86_64-linux-gnu/libdrm.so.2.4.0
7ff5430d2000-7ff5430d3000 r--p 0000d000 08:01 29764119                   /usr/lib/x86_64-linux-gnu/libdrm.so.2.4.0
7ff5430d3000-7ff5430d4000 rw-p 0000e000 08:01 29764119                   /usr/lib/x86_64-linux-gnu/libdrm.so.2.4.0
7ff5430d4000-7ff5430d9000 r-xp 00000000 08:01 29765530                   /usr/lib/x86_64-linux-gnu/libXxf86vm.so.1.0.0
7ff5430d9000-7ff5432d8000 ---p 00005000 08:01 29765530                   /usr/lib/x86_64-linux-gnu/libXxf86vm.so.1.0.0
7ff5432d8000-7ff5432d9000 r--p 00004000 08:01 29765530                   /usr/lib/x86_64-linux-gnu/libXxf86vm.so.1.0.0
7ff5432d9000-7ff5432da000 rw-p 00005000 08:01 29765530                   /usr/lib/x86_64-linux-gnu/libXxf86vm.so.1.0.0
7ff5432da000-7ff5432de000 r-xp 00000000 08:01 29764679                   /usr/lib/x86_64-linux-gnu/libxcb-dri2.so.0.0.0
7ff5432de000-7ff5434dd000 ---p 00004000 08:01 29764679                   /usr/lib/x86_64-linux-gnu/libxcb-dri2.so.0.0.0
7ff5434dd000-7ff5434de000 r--p 00003000 08:01 29764679                   /usr/lib/x86_64-linux-gnu/libxcb-dri2.so.0.0.0
7ff5434de000-7ff5434df000 rw-p 00004000 08:01 29764679                   /usr/lib/x86_64-linux-gnu/libxcb-dri2.so.0.0.0
7ff5434df000-7ff5434f6000 r-xp 00000000 08:01 29765528                   /usr/lib/x86_64-linux-gnu/libxcb-glx.so.0.0.0
7ff5434f6000-7ff5436f5000 ---p 00017000 08:01 29765528                   /usr/lib/x86_64-linux-gnu/libxcb-glx.so.0.0.0
7ff5436f5000-7ff5436f7000 r--p 00016000 08:01 29765528                   /usr/lib/x86_64-linux-gnu/libxcb-glx.so.0.0.0
7ff5436f7000-7ff5436f8000 rw-p 00018000 08:01 29765528                   /usr/lib/x86_64-linux-gnu/libxcb-glx.so.0.0.0
7ff5436f8000-7ff5436f9000 r-xp 00000000 08:01 29764677                   /usr/lib/x86_64-linux-gnu/libX11-xcb.so.1.0.0
7ff5436f9000-7ff5438f8000 ---p 00001000 08:01 29764677                   /usr/lib/x86_64-linux-gnu/libX11-xcb.so.1.0.0
7ff5438f8000-7ff5438f9000 r--p 00000000 08:01 29764677                   /usr/lib/x86_64-linux-gnu/libX11-xcb.so.1.0.0
7ff5438f9000-7ff5438fa000 rw-p 00001000 08:01 29764677                   /usr/lib/x86_64-linux-gnu/libX11-xcb.so.1.0.0
7ff5438fa000-7ff5438ff000 r-xp 00000000 08:01 29764720                   /usr/lib/x86_64-linux-gnu/libXfixes.so.3.1.0
7ff5438ff000-7ff543afe000 ---p 00005000 08:01 29764720                   /usr/lib/x86_64-linux-gnu/libXfixes.so.3.1.0
7ff543afe000-7ff543aff000 r--p 00004000 08:01 29764720                   /usr/lib/x86_64-linux-gnu/libXfixes.so.3.1.0
7ff543aff000-7ff543b00000 rw-p 00005000 08:01 29764720                   /usr/lib/x86_64-linux-gnu/libXfixes.so.3.1.0
7ff543b00000-7ff543b02000 r-xp 00000000 08:01 29764724                   /usr/lib/x86_64-linux-gnu/libXdamage.so.1.1.0
7ff543b02000-7ff543d01000 ---p 00002000 08:01 29764724                   /usr/lib/x86_64-linux-gnu/libXdamage.so.1.1.0
7ff543d01000-7ff543d02000 r--p 00001000 08:01 29764724                   /usr/lib/x86_64-linux-gnu/libXdamage.so.1.1.0
7ff543d02000-7ff543d03000 rw-p 00002000 08:01 29764724                   /usr/lib/x86_64-linux-gnu/libXdamage.so.1.1.0
7ff543d03000-7ff543d14000 r-xp 00000000 08:01 29759206                   /usr/lib/x86_64-linux-gnu/libXext.so.6.4.0
7ff543d14000-7ff543f13000 ---p 00011000 08:01 29759206                   /usr/lib/x86_64-linux-gnu/libXext.so.6.4.0
7ff543f13000-7ff543f14000 r--p 00010000 08:01 29759206                   /usr/lib/x86_64-linux-gnu/libXext.so.6.4.0
7ff543f14000-7ff543f15000 rw-p 00011000 08:01 29759206                   /usr/lib/x86_64-linux-gnu/libXext.so.6.4.0
7ff543f15000-7ff5442f2000 rw-p 00000000 00:00 0 
7ff5442f2000-7ff5442f3000 r--s 00000000 08:01 1459406                    /var/cache/fontconfig/4794a0821666d79190d59a36cb4f44b5-le64.cache-6
7ff5442f3000-7ff5442f4000 r--s 00000000 08:01 1459404                    /var/cache/fontconfig/bab58bb527bb656aaa9f116d68a48d89-le64.cache-6
7ff5442f4000-7ff5442f5000 r--s 00000000 08:01 1459402                    /var/cache/fontconfig/56cf4f4769d0f4abc89a4895d7bd3ae1-le64.cache-6
7ff5442f5000-7ff5442f6000 r--s 00000000 08:01 1457022                    /var/cache/fontconfig/b9d506c9ac06c20b433354fa67a72993-le64.cache-6
7ff5442f6000-7ff5442f9000 r--s 00000000 08:01 1463568                    /var/cache/fontconfig/e49e89034d371f0f9de17aab02136486-le64.cache-6
7ff5442f9000-7ff544304000 r--s 00000000 08:01 1459397                    /var/cache/fontconfig/83bf95040141907cd45bb53cf7c1c148-le64.cache-6
7ff544304000-7ff544316000 r--s 00000000 08:01 1459396                    /var/cache/fontconfig/9b89f8e3dae116d678bbf48e5f21f69b-le64.cache-6
7ff544316000-7ff54431f000 r--s 00000000 08:01 1461982                    /var/cache/fontconfig/d0972c3d32f097851eb916381fc38920-le64.cache-6
7ff54431f000-7ff54433f000 r--s 00000000 08:01 1463650                    /var/cache/fontconfig/e13b20fdb08344e0e664864cc2ede53d-le64.cache-6
7ff54433f000-7ff54436a000 r--p 00000000 08:01 791772                     /usr/share/locale-langpack/fr/LC_MESSAGES/gtk20-properties.mo
7ff54436a000-7ff5443ea000 rw-s 10633d000 00:06 360                       /dev/dri/card0
7ff5443ea000-7ff544408000 r-xp 00000000 08:01 23331108                   /lib/x86_64-linux-gnu/libudev.so.1.6.4
7ff544408000-7ff544409000 r--p 0001d000 08:01 23331108                   /lib/x86_64-linux-gnu/libudev.so.1.6.4
7ff544409000-7ff54440a000 rw-p 0001e000 08:01 23331108                   /lib/x86_64-linux-gnu/libudev.so.1.6.4
7ff54440a000-7ff544433000 r-xp 00000000 08:01 29765525                   /usr/lib/x86_64-linux-gnu/libglapi.so.0.0.0
7ff544433000-7ff544632000 ---p 00029000 08:01 29765525                   /usr/lib/x86_64-linux-gnu/libglapi.so.0.0.0
7ff544632000-7ff544636000 r--p 00028000 08:01 29765525                   /usr/lib/x86_64-linux-gnu/libglapi.so.0.0.0
7ff544636000-7ff544637000 rw-p 0002c000 08:01 29765525                   /usr/lib/x86_64-linux-gnu/libglapi.so.0.0.0
7ff544637000-7ff544638000 rw-p 00000000 00:00 0 
7ff544638000-7ff544639000 r-xp 00000000 08:01 29764689                   /usr/lib/x86_64-linux-gnu/libxshmfence.so.1.0.0
7ff544639000-7ff544839000 ---p 00001000 08:01 29764689                   /usr/lib/x86_64-linux-gnu/libxshmfence.so.1.0.0
7ff544839000-7ff54483a000 r--p 00001000 08:01 29764689                   /usr/lib/x86_64-linux-gnu/libxshmfence.so.1.0.0
7ff54483a000-7ff54483b000 rw-p 00002000 08:01 29764689                   /usr/lib/x86_64-linux-gnu/libxshmfence.so.1.0.0
7ff54483b000-7ff544840000 r-xp 00000000 08:01 29764685                   /usr/lib/x86_64-linux-gnu/libxcb-sync.so.1.0.0
7ff544840000-7ff544a40000 ---p 00005000 08:01 29764685                   /usr/lib/x86_64-linux-gnu/libxcb-sync.so.1.0.0
7ff544a40000-7ff544a41000 r--p 00005000 08:01 29764685                   /usr/lib/x86_64-linux-gnu/libxcb-sync.so.1.0.0
7ff544a41000-7ff544a42000 rw-p 00006000 08:01 29764685                   /usr/lib/x86_64-linux-gnu/libxcb-sync.so.1.0.0
7ff544a42000-7ff544a44000 r-xp 00000000 08:01 29764683                   /usr/lib/x86_64-linux-gnu/libxcb-present.so.0.0.0
7ff544a44000-7ff544c43000 ---p 00002000 08:01 29764683                   /usr/lib/x86_64-linux-gnu/libxcb-present.so.0.0.0
7ff544c43000-7ff544c44000 r--p 00001000 08:01 29764683                   /usr/lib/x86_64-linux-gnu/libxcb-present.so.0.0.0
7ff544c44000-7ff544c45000 rw-p 00002000 08:01 29764683                   /usr/lib/x86_64-linux-gnu/libxcb-present.so.0.0.0
7ff544c45000-7ff544c47000 r-xp 00000000 08:01 29764681                   /usr/lib/x86_64-linux-gnu/libxcb-dri3.so.0.0.0
7ff544c47000-7ff544e46000 ---p 00002000 08:01 29764681                   /usr/lib/x86_64-linux-gnu/libxcb-dri3.so.0.0.0
7ff544e46000-7ff544e47000 r--p 00001000 08:01 29764681                   /usr/lib/x86_64-linux-gnu/libxcb-dri3.so.0.0.0
7ff544e47000-7ff544e48000 rw-p 00002000 08:01 29764681                   /usr/lib/x86_64-linux-gnu/libxcb-dri3.so.0.0.0
7ff544e48000-7ff544e6e000 r-xp 00000000 08:01 23330880                   /lib/x86_64-linux-gnu/libexpat.so.1.6.0
7ff544e6e000-7ff54506e000 ---p 00026000 08:01 23330880                   /lib/x86_64-linux-gnu/libexpat.so.1.6.0
7ff54506e000-7ff545070000 r--p 00026000 08:01 23330880                   /lib/x86_64-linux-gnu/libexpat.so.1.6.0
7ff545070000-7ff545071000 rw-p 00028000 08:01 23330880                   /lib/x86_64-linux-gnu/libexpat.so.1.6.0
7ff545071000-7ff545092000 r-xp 00000000 08:01 29759140                   /usr/lib/x86_64-linux-gnu/libxcb.so.1.1.0
7ff545092000-7ff545291000 ---p 00021000 08:01 29759140                   /usr/lib/x86_64-linux-gnu/libxcb.so.1.1.0
7ff545291000-7ff545292000 r--p 00020000 08:01 29759140                   /usr/lib/x86_64-linux-gnu/libxcb.so.1.1.0
7ff545292000-7ff545293000 rw-p 00021000 08:01 29759140                   /usr/lib/x86_64-linux-gnu/libxcb.so.1.1.0
7ff545293000-7ff545300000 r-xp 00000000 08:01 395142                     /usr/lib/x86_64-linux-gnu/mesa/libGL.so.1.2.0
7ff545300000-7ff5454ff000 ---p 0006d000 08:01 395142                     /usr/lib/x86_64-linux-gnu/mesa/libGL.so.1.2.0
7ff5454ff000-7ff545502000 r--p 0006c000 08:01 395142                     /usr/lib/x86_64-linux-gnu/mesa/libGL.so.1.2.0
7ff545502000-7ff545503000 rw-p 0006f000 08:01 395142                     /usr/lib/x86_64-linux-gnu/mesa/libGL.so.1.2.0
7ff545503000-7ff545504000 rw-p 00000000 00:00 0 
7ff545504000-7ff545639000 r-xp 00000000 08:01 29759183                   /usr/lib/x86_64-linux-gnu/libX11.so.6.3.0
7ff545639000-7ff545839000 ---p 00135000 08:01 29759183                   /usr/lib/x86_64-linux-gnu/libX11.so.6.3.0
7ff545839000-7ff54583a000 r--p 00135000 08:01 29759183                   /usr/lib/x86_64-linux-gnu/libX11.so.6.3.0
7ff54583a000-7ff54583e000 rw-p 00136000 08:01 29759183                   /usr/lib/x86_64-linux-gnu/libX11.so.6.3.0
7ff54583e000-7ff545840000 r--s 00000000 08:01 1463563                    /var/cache/fontconfig/4b14b093aebc79c320de5e86ae1d3314-le64.cache-6
7ff545840000-7ff545866000 r--p 00000000 08:01 788339                     /usr/share/locale-langpack/fr/LC_MESSAGES/libc.mo
7ff545866000-7ff545872000 r-xp 00000000 08:01 3152128                    /usr/lib/jvm/java-8-openjdk-amd64/jre/lib/amd64/libprism_es2.so
7ff545872000-7ff545a71000 ---p 0000c000 08:01 3152128                    /usr/lib/jvm/java-8-openjdk-amd64/jre/lib/amd64/libprism_es2.so
7ff545a71000-7ff545a72000 r--p 0000b000 08:01 3152128                    /usr/lib/jvm/java-8-openjdk-amd64/jre/lib/amd64/libprism_es2.so
7ff545a72000-7ff545a73000 rw-p 0000c000 08:01 3152128                    /usr/lib/jvm/java-8-openjdk-amd64/jre/lib/amd64/libprism_es2.so
7ff545a73000-7ff545a76000 ---p 00000000 00:00 0 
7ff545a76000-7ff545b74000 rw-p 00000000 00:00 0 
7ff545b74000-7ff545b77000 ---p 00000000 00:00 0 
7ff545b77000-7ff545c75000 rw-p 00000000 00:00 0 
7ff545c75000-7ff545d0b000 r--s 008d7000 08:01 933009                     /usr/share/java/openjfx/jre/lib/ext/jfxrt.jar
7ff545d0b000-7ff545d0c000 ---p 00000000 00:00 0 
7ff545d0c000-7ff545e0c000 rw-p 00000000 00:00 0 
7ff545e0c000-7ff545e0f000 ---p 00000000 00:00 0 
7ff545e0f000-7ff545f0d000 rw-p 00000000 00:00 0 
7ff545f0d000-7ff545f10000 ---p 00000000 00:00 0 
7ff545f10000-7ff54600e000 rw-p 00000000 00:00 0 
7ff54600e000-7ff546011000 ---p 00000000 00:00 0 
7ff546011000-7ff54610f000 rw-p 00000000 00:00 0 
7ff54610f000-7ff546112000 ---p 00000000 00:00 0 
7ff546112000-7ff546210000 rw-p 00000000 00:00 0 
7ff546210000-7ff546213000 ---p 00000000 00:00 0 
7ff546213000-7ff546311000 rw-p 00000000 00:00 0 
7ff546311000-7ff5465ee000 r--p 00000000 08:01 29756852                   /usr/lib/locale/locale-archive
7ff5465ee000-7ff5465f1000 ---p 00000000 00:00 0 
7ff5465f1000-7ff5466ef000 rw-p 00000000 00:00 0 
7ff5466ef000-7ff5466f2000 ---p 00000000 00:00 0 
7ff5466f2000-7ff5467f0000 rw-p 00000000 00:00 0 
7ff5467f0000-7ff5467f1000 ---p 00000000 00:00 0 
7ff5467f1000-7ff548000000 rw-p 00000000 00:00 0 
7ff548000000-7ff548021000 rw-p 00000000 00:00 0 
7ff548021000-7ff54c000000 ---p 00000000 00:00 0 
7ff54c000000-7ff54c001000 r--s 00000000 08:01 1459400                    /var/cache/fontconfig/551ecf3b0e8b0bca0f25c0944f561853-le64.cache-6
7ff54c001000-7ff54c002000 r--s 00000000 08:01 1461865                    /var/cache/fontconfig/8a687c406b77f27d99abfeeba937fcce-le64.cache-6
7ff54c002000-7ff54c006000 r--s 00000000 08:01 1461868                    /var/cache/fontconfig/7ef2298fde41cc6eeb7af42e48b7d293-le64.cache-6
7ff54c006000-7ff54c015000 r--p 00000000 08:01 791778                     /usr/share/locale-langpack/fr/LC_MESSAGES/gtk20.mo
7ff54c015000-7ff54c030000 r--s 001d5000 08:01 3149544                    /usr/lib/jvm/java-8-openjdk-amd64/jre/lib/ext/nashorn.jar
7ff54c030000-7ff54c04b000 r--s 00394000 08:01 3149543                    /usr/lib/jvm/java-8-openjdk-amd64/jre/lib/ext/cldrdata.jar
7ff54c04b000-7ff54c0ae000 rw-p 00000000 00:00 0 
7ff54c0ae000-7ff54c27c000 r--s 03bf1000 08:01 3149563                    /usr/lib/jvm/java-8-openjdk-amd64/jre/lib/rt.jar
7ff54c27c000-7ff5500c2000 rw-p 00000000 00:00 0 
7ff5500c2000-7ff5500c3000 ---p 00000000 00:00 0 
7ff5500c3000-7ff5501c3000 rw-p 00000000 00:00 0 
7ff5501c3000-7ff5501c4000 ---p 00000000 00:00 0 
7ff5501c4000-7ff5502c4000 rw-p 00000000 00:00 0 
7ff5502c4000-7ff5502c5000 ---p 00000000 00:00 0 
7ff5502c5000-7ff5503ef000 rw-p 00000000 00:00 0 
7ff5503ef000-7ff550659000 ---p 00000000 00:00 0 
7ff550659000-7ff550683000 rw-p 00000000 00:00 0 
7ff550683000-7ff5508ec000 ---p 00000000 00:00 0 
7ff5508ec000-7ff55090f000 rw-p 00000000 00:00 0 
7ff55090f000-7ff550a36000 ---p 00000000 00:00 0 
7ff550a36000-7ff550a52000 rw-p 00000000 00:00 0 
7ff550a52000-7ff550df7000 ---p 00000000 00:00 0 
7ff550df7000-7ff551497000 rwxp 00000000 00:00 0 
7ff551497000-7ff55fdf7000 ---p 00000000 00:00 0 
7ff55fdf7000-7ff55fdff000 r-xp 00000000 08:01 3149517                    /usr/lib/jvm/java-8-openjdk-amd64/jre/lib/amd64/libzip.so
7ff55fdff000-7ff55fffe000 ---p 00008000 08:01 3149517                    /usr/lib/jvm/java-8-openjdk-amd64/jre/lib/amd64/libzip.so
7ff55fffe000-7ff55ffff000 r--p 00007000 08:01 3149517                    /usr/lib/jvm/java-8-openjdk-amd64/jre/lib/amd64/libzip.so
7ff55ffff000-7ff560000000 rw-p 00008000 08:01 3149517                    /usr/lib/jvm/java-8-openjdk-amd64/jre/lib/amd64/libzip.so
7ff560000000-7ff5601eb000 rw-p 00000000 00:00 0 
7ff5601eb000-7ff564000000 ---p 00000000 00:00 0 
7ff564000000-7ff564003000 r--s 00000000 08:01 1459398                    /var/cache/fontconfig/75114ca45c98e8a441da0ff356701271-le64.cache-6
7ff564003000-7ff564006000 r--p 00000000 08:01 791765                     /usr/share/locale-langpack/fr/LC_MESSAGES/atk10.mo
7ff564006000-7ff5640ae000 rw-p 00000000 00:00 0 
7ff5640ae000-7ff5640af000 ---p 00000000 00:00 0 
7ff5640af000-7ff5641af000 rw-p 00000000 00:00 0 
7ff5641af000-7ff5641dc000 r-xp 00000000 08:01 3149510                    /usr/lib/jvm/java-8-openjdk-amd64/jre/lib/amd64/libjava.so
7ff5641dc000-7ff5643db000 ---p 0002d000 08:01 3149510                    /usr/lib/jvm/java-8-openjdk-amd64/jre/lib/amd64/libjava.so
7ff5643db000-7ff5643dc000 r--p 0002c000 08:01 3149510                    /usr/lib/jvm/java-8-openjdk-amd64/jre/lib/amd64/libjava.so
7ff5643dc000-7ff5643de000 rw-p 0002d000 08:01 3149510                    /usr/lib/jvm/java-8-openjdk-amd64/jre/lib/amd64/libjava.so
7ff5643de000-7ff5643ed000 r-xp 00000000 08:01 3149515                    /usr/lib/jvm/java-8-openjdk-amd64/jre/lib/amd64/libverify.so
7ff5643ed000-7ff5645ec000 ---p 0000f000 08:01 3149515                    /usr/lib/jvm/java-8-openjdk-amd64/jre/lib/amd64/libverify.so
7ff5645ec000-7ff5645ee000 r--p 0000e000 08:01 3149515                    /usr/lib/jvm/java-8-openjdk-amd64/jre/lib/amd64/libverify.so
7ff5645ee000-7ff5645ef000 rw-p 00010000 08:01 3149515                    /usr/lib/jvm/java-8-openjdk-amd64/jre/lib/amd64/libverify.so
7ff5645ef000-7ff5645f6000 r-xp 00000000 08:01 23331006                   /lib/x86_64-linux-gnu/librt-2.23.so
7ff5645f6000-7ff5647f5000 ---p 00007000 08:01 23331006                   /lib/x86_64-linux-gnu/librt-2.23.so
7ff5647f5000-7ff5647f6000 r--p 00006000 08:01 23331006                   /lib/x86_64-linux-gnu/librt-2.23.so
7ff5647f6000-7ff5647f7000 rw-p 00007000 08:01 23331006                   /lib/x86_64-linux-gnu/librt-2.23.so
7ff5647f7000-7ff56480d000 r-xp 00000000 08:01 23330881                   /lib/x86_64-linux-gnu/libgcc_s.so.1
7ff56480d000-7ff564a0c000 ---p 00016000 08:01 23330881                   /lib/x86_64-linux-gnu/libgcc_s.so.1
7ff564a0c000-7ff564a0d000 rw-p 00015000 08:01 23330881                   /lib/x86_64-linux-gnu/libgcc_s.so.1
7ff564a0d000-7ff564b15000 r-xp 00000000 08:01 23331002                   /lib/x86_64-linux-gnu/libm-2.23.so
7ff564b15000-7ff564d14000 ---p 00108000 08:01 23331002                   /lib/x86_64-linux-gnu/libm-2.23.so
7ff564d14000-7ff564d15000 r--p 00107000 08:01 23331002                   /lib/x86_64-linux-gnu/libm-2.23.so
7ff564d15000-7ff564d16000 rw-p 00108000 08:01 23331002                   /lib/x86_64-linux-gnu/libm-2.23.so
7ff564d16000-7ff564e88000 r-xp 00000000 08:01 29754391                   /usr/lib/x86_64-linux-gnu/libstdc++.so.6.0.21
7ff564e88000-7ff565088000 ---p 00172000 08:01 29754391                   /usr/lib/x86_64-linux-gnu/libstdc++.so.6.0.21
7ff565088000-7ff565092000 r--p 00172000 08:01 29754391                   /usr/lib/x86_64-linux-gnu/libstdc++.so.6.0.21
7ff565092000-7ff565094000 rw-p 0017c000 08:01 29754391                   /usr/lib/x86_64-linux-gnu/libstdc++.so.6.0.21
7ff565094000-7ff565098000 rw-p 00000000 00:00 0 
7ff565098000-7ff565ce7000 r-xp 00000000 08:01 3149519                    /usr/lib/jvm/java-8-openjdk-amd64/jre/lib/amd64/server/libjvm.so
7ff565ce7000-7ff565ee6000 ---p 00c4f000 08:01 3149519                    /usr/lib/jvm/java-8-openjdk-amd64/jre/lib/amd64/server/libjvm.so
7ff565ee6000-7ff565f79000 r--p 00c4e000 08:01 3149519                    /usr/lib/jvm/java-8-openjdk-amd64/jre/lib/amd64/server/libjvm.so
7ff565f79000-7ff565fa2000 rw-p 00ce1000 08:01 3149519                    /usr/lib/jvm/java-8-openjdk-amd64/jre/lib/amd64/server/libjvm.so
7ff565fa2000-7ff565fd2000 rw-p 00000000 00:00 0 
7ff565fd2000-7ff565fea000 r-xp 00000000 08:01 23331012                   /lib/x86_64-linux-gnu/libpthread-2.23.so
7ff565fea000-7ff5661e9000 ---p 00018000 08:01 23331012                   /lib/x86_64-linux-gnu/libpthread-2.23.so
7ff5661e9000-7ff5661ea000 r--p 00017000 08:01 23331012                   /lib/x86_64-linux-gnu/libpthread-2.23.so
7ff5661ea000-7ff5661eb000 rw-p 00018000 08:01 23331012                   /lib/x86_64-linux-gnu/libpthread-2.23.so
7ff5661eb000-7ff5661ef000 rw-p 00000000 00:00 0 
7ff5661ef000-7ff5661f2000 r-xp 00000000 08:01 23331014                   /lib/x86_64-linux-gnu/libdl-2.23.so
7ff5661f2000-7ff5663f1000 ---p 00003000 08:01 23331014                   /lib/x86_64-linux-gnu/libdl-2.23.so
7ff5663f1000-7ff5663f2000 r--p 00002000 08:01 23331014                   /lib/x86_64-linux-gnu/libdl-2.23.so
7ff5663f2000-7ff5663f3000 rw-p 00003000 08:01 23331014                   /lib/x86_64-linux-gnu/libdl-2.23.so
7ff5663f3000-7ff56640c000 r-xp 00000000 08:01 23331043                   /lib/x86_64-linux-gnu/libz.so.1.2.8
7ff56640c000-7ff56660b000 ---p 00019000 08:01 23331043                   /lib/x86_64-linux-gnu/libz.so.1.2.8
7ff56660b000-7ff56660c000 r--p 00018000 08:01 23331043                   /lib/x86_64-linux-gnu/libz.so.1.2.8
7ff56660c000-7ff56660d000 rw-p 00019000 08:01 23331043                   /lib/x86_64-linux-gnu/libz.so.1.2.8
7ff56660d000-7ff5667cc000 r-xp 00000000 08:01 23331013                   /lib/x86_64-linux-gnu/libc-2.23.so
7ff5667cc000-7ff5669cc000 ---p 001bf000 08:01 23331013                   /lib/x86_64-linux-gnu/libc-2.23.so
7ff5669cc000-7ff5669d0000 r--p 001bf000 08:01 23331013                   /lib/x86_64-linux-gnu/libc-2.23.so
7ff5669d0000-7ff5669d2000 rw-p 001c3000 08:01 23331013                   /lib/x86_64-linux-gnu/libc-2.23.so
7ff5669d2000-7ff5669d6000 rw-p 00000000 00:00 0 
7ff5669d6000-7ff5669e3000 r-xp 00000000 08:01 3149514                    /usr/lib/jvm/java-8-openjdk-amd64/jre/lib/amd64/jli/libjli.so
7ff5669e3000-7ff566be3000 ---p 0000d000 08:01 3149514                    /usr/lib/jvm/java-8-openjdk-amd64/jre/lib/amd64/jli/libjli.so
7ff566be3000-7ff566be4000 r--p 0000d000 08:01 3149514                    /usr/lib/jvm/java-8-openjdk-amd64/jre/lib/amd64/jli/libjli.so
7ff566be4000-7ff566be5000 rw-p 0000e000 08:01 3149514                    /usr/lib/jvm/java-8-openjdk-amd64/jre/lib/amd64/jli/libjli.so
7ff566be5000-7ff566c0b000 r-xp 00000000 08:01 23331007                   /lib/x86_64-linux-gnu/ld-2.23.so
7ff566c0b000-7ff566c0c000 r--s 00000000 08:01 1459399                    /var/cache/fontconfig/30829fa25452a46451e813d634d7f916-le64.cache-6
7ff566c0c000-7ff566c0d000 r--s 00000000 08:01 1457011                    /var/cache/fontconfig/0c9eb80ebd1c36541ebe2852d3bb0c49-le64.cache-6
7ff566c0d000-7ff566c14000 r--s 00000000 08:01 29754602                   /usr/lib/x86_64-linux-gnu/gconv/gconv-modules.cache
7ff566c14000-7ff566ca5000 rw-p 00000000 00:00 0 
7ff566ca5000-7ff566cda000 r--s 00000000 08:01 1443385                    /var/cache/nscd/passwd
7ff566cda000-7ff566cdd000 ---p 00000000 00:00 0 
7ff566cdd000-7ff566de0000 rw-p 00000000 00:00 0 
7ff566de0000-7ff566de1000 r--s 00000000 08:01 1461863                    /var/cache/fontconfig/c277e94e32b20404286a1ddafa5a80f0-le64.cache-6
7ff566de1000-7ff566de2000 rw-s 109065000 00:06 360                       /dev/dri/card0
7ff566de2000-7ff566de6000 r--s 00037000 08:01 3149546                    /usr/lib/jvm/java-8-openjdk-amd64/jre/lib/ext/sunpkcs11.jar
7ff566de6000-7ff566de7000 r--s 0000a000 08:01 3149547                    /usr/lib/jvm/java-8-openjdk-amd64/jre/lib/ext/jaccess.jar
7ff566de7000-7ff566de9000 r--s 00008000 08:01 3149548                    /usr/lib/jvm/java-8-openjdk-amd64/jre/lib/ext/sunec.jar
7ff566de9000-7ff566dee000 r--s 0003b000 08:01 3149545                    /usr/lib/jvm/java-8-openjdk-amd64/jre/lib/ext/sunjce_provider.jar
7ff566dee000-7ff566df0000 r--s 00001000 08:01 3149552                    /usr/lib/jvm/java-8-openjdk-amd64/jre/lib/ext/dnsns.jar
7ff566df0000-7ff566dfa000 r--s 00116000 08:01 3149549                    /usr/lib/jvm/java-8-openjdk-amd64/jre/lib/ext/localedata.jar
7ff566dfa000-7ff566dfd000 r--s 0000f000 08:01 3149551                    /usr/lib/jvm/java-8-openjdk-amd64/jre/lib/ext/icedtea-sound.jar
7ff566dfd000-7ff566dfe000 r--s 00010000 08:01 3149550                    /usr/lib/jvm/java-8-openjdk-amd64/jre/lib/ext/zipfs.jar
7ff566dfe000-7ff566e06000 rw-s 00000000 08:01 12451897                   /tmp/hsperfdata_fittipaldi/5789
7ff566e06000-7ff566e07000 rw-p 00000000 00:00 0 
7ff566e07000-7ff566e08000 r--p 00000000 00:00 0 
7ff566e08000-7ff566e0a000 rw-p 00000000 00:00 0 
7ff566e0a000-7ff566e0b000 r--p 00025000 08:01 23331007                   /lib/x86_64-linux-gnu/ld-2.23.so
7ff566e0b000-7ff566e0c000 rw-p 00026000 08:01 23331007                   /lib/x86_64-linux-gnu/ld-2.23.so
7ff566e0c000-7ff566e0d000 rw-p 00000000 00:00 0 
7ffc4a16a000-7ffc4a18b000 rw-p 00000000 00:00 0                          [stack]
7ffc4a1f5000-7ffc4a1f7000 r--p 00000000 00:00 0                          [vvar]
7ffc4a1f7000-7ffc4a1f9000 r-xp 00000000 00:00 0                          [vdso]
ffffffffff600000-ffffffffff601000 r-xp 00000000 00:00 0                  [vsyscall]

VM Arguments:
java_command: LancerApplication
java_class_path (initial): .
Launcher Type: SUN_STANDARD

Environment Variables:
PATH=/usr/local/bin:/usr/bin:/bin:/snap/bin:/opt/netkit/bin
SHELL=/bin/bash
DISPLAY=:0.0

Signal Handlers:
SIGSEGV: [libjvm.so+0xa65880], sa_mask[0]=11111111011111111101111111111110, sa_flags=SA_RESTART|SA_SIGINFO
SIGBUS: [libjvm.so+0xa65880], sa_mask[0]=11111111011111111101111111111110, sa_flags=SA_RESTART|SA_SIGINFO
SIGFPE: [libjvm.so+0x8af1c0], sa_mask[0]=11111111011111111101111111111110, sa_flags=SA_RESTART|SA_SIGINFO
SIGPIPE: SIG_IGN, sa_mask[0]=00000000000010000000000000000000, sa_flags=SA_RESTART
SIGXFSZ: [libjvm.so+0x8af1c0], sa_mask[0]=11111111011111111101111111111110, sa_flags=SA_RESTART|SA_SIGINFO
SIGILL: [libjvm.so+0x8af1c0], sa_mask[0]=11111111011111111101111111111110, sa_flags=SA_RESTART|SA_SIGINFO
SIGUSR1: SIG_DFL, sa_mask[0]=00000000000000000000000000000000, sa_flags=none
SIGUSR2: [libjvm.so+0x8af070], sa_mask[0]=00000000000000000000000000000000, sa_flags=SA_RESTART|SA_SIGINFO
SIGHUP: [libjvm.so+0x8af540], sa_mask[0]=11111111011111111101111111111110, sa_flags=SA_RESTART|SA_SIGINFO
SIGINT: [libjvm.so+0x8af540], sa_mask[0]=11111111011111111101111111111110, sa_flags=SA_RESTART|SA_SIGINFO
SIGTERM: [libjvm.so+0x8af540], sa_mask[0]=11111111011111111101111111111110, sa_flags=SA_RESTART|SA_SIGINFO
SIGQUIT: [libjvm.so+0x8af540], sa_mask[0]=11111111011111111101111111111110, sa_flags=SA_RESTART|SA_SIGINFO


---------------  S Y S T E M  ---------------

OS:DISTRIB_ID=Ubuntu
DISTRIB_RELEASE=16.04
DISTRIB_CODENAME=xenial
DISTRIB_DESCRIPTION="Ubuntu 16.04.1 LTS"

uname:Linux 4.4.0-34-generic #53-Ubuntu SMP Wed Jul 27 16:06:39 UTC 2016 x86_64
libc:glibc 2.23 NPTL 2.23 
rlimit: STACK 8192k, CORE 0k, NPROC 31484, NOFILE 65536, AS infinity
load average:1,24 1,06 0,71

/proc/meminfo:
MemTotal:        8100032 kB
MemFree:         5467860 kB
MemAvailable:    6617828 kB
Buffers:          236496 kB
Cached:          1093956 kB
SwapCached:            0 kB
Active:          1811740 kB
Inactive:         532120 kB
Active(anon):    1014632 kB
Inactive(anon):    36588 kB
Active(file):     797108 kB
Inactive(file):   495532 kB
Unevictable:         140 kB
Mlocked:             140 kB
SwapTotal:         92156 kB
SwapFree:          92156 kB
Dirty:                56 kB
Writeback:             0 kB
AnonPages:       1013408 kB
Mapped:           327936 kB
Shmem:             37816 kB
Slab:             186448 kB
SReclaimable:     153292 kB
SUnreclaim:        33156 kB
KernelStack:        7136 kB
PageTables:        31568 kB
NFS_Unstable:          0 kB
Bounce:                0 kB
WritebackTmp:          0 kB
CommitLimit:     4142172 kB
Committed_AS:    3749280 kB
VmallocTotal:   34359738367 kB
VmallocUsed:           0 kB
VmallocChunk:          0 kB
HardwareCorrupted:     0 kB
AnonHugePages:    485376 kB
CmaTotal:              0 kB
CmaFree:               0 kB
HugePages_Total:       0
HugePages_Free:        0
HugePages_Rsvd:        0
HugePages_Surp:        0
Hugepagesize:       2048 kB
DirectMap4k:      135756 kB
DirectMap2M:     3983360 kB
DirectMap1G:     5242880 kB


CPU:total 4 (4 cores per cpu, 1 threads per core) family 6 model 94 stepping 3, cmov, cx8, fxsr, mmx, sse, sse2, sse3, ssse3, sse4.1, sse4.2, popcnt, avx, avx2, aes, clmul, erms, rtm, 3dnowpref, lzcnt, tsc, tscinvbit, bmi1, bmi2, adx

/proc/cpuinfo:
processor	: 0
vendor_id	: GenuineIntel
cpu family	: 6
model		: 94
model name	: Intel(R) Core(TM) i5-6500 CPU @ 3.20GHz
stepping	: 3
microcode	: 0x8a
cpu MHz		: 1245.750
cache size	: 6144 KB
physical id	: 0
siblings	: 4
core id		: 0
cpu cores	: 4
apicid		: 0
initial apicid	: 0
fpu		: yes
fpu_exception	: yes
cpuid level	: 22
wp		: yes
flags		: fpu vme de pse tsc msr pae mce cx8 apic sep mtrr pge mca cmov pat pse36 clflush dts acpi mmx fxsr sse sse2 ss ht tm pbe syscall nx pdpe1gb rdtscp lm constant_tsc art arch_perfmon pebs bts rep_good nopl xtopology nonstop_tsc aperfmperf eagerfpu pni pclmulqdq dtes64 monitor ds_cpl vmx smx est tm2 ssse3 sdbg fma cx16 xtpr pdcm pcid sse4_1 sse4_2 x2apic movbe popcnt tsc_deadline_timer aes xsave avx f16c rdrand lahf_lm abm 3dnowprefetch epb intel_pt tpr_shadow vnmi flexpriority ept vpid fsgsbase tsc_adjust bmi1 hle avx2 smep bmi2 erms invpcid rtm mpx rdseed adx smap clflushopt xsaveopt xsavec xgetbv1 dtherm ida arat pln pts hwp hwp_notify hwp_act_window hwp_epp
bugs		:
bogomips	: 6384.16
clflush size	: 64
cache_alignment	: 64
address sizes	: 39 bits physical, 48 bits virtual
power management:

processor	: 1
vendor_id	: GenuineIntel
cpu family	: 6
model		: 94
model name	: Intel(R) Core(TM) i5-6500 CPU @ 3.20GHz
stepping	: 3
microcode	: 0x8a
cpu MHz		: 1238.125
cache size	: 6144 KB
physical id	: 0
siblings	: 4
core id		: 1
cpu cores	: 4
apicid		: 2
initial apicid	: 2
fpu		: yes
fpu_exception	: yes
cpuid level	: 22
wp		: yes
flags		: fpu vme de pse tsc msr pae mce cx8 apic sep mtrr pge mca cmov pat pse36 clflush dts acpi mmx fxsr sse sse2 ss ht tm pbe syscall nx pdpe1gb rdtscp lm constant_tsc art arch_perfmon pebs bts rep_good nopl xtopology nonstop_tsc aperfmperf eagerfpu pni pclmulqdq dtes64 monitor ds_cpl vmx smx est tm2 ssse3 sdbg fma cx16 xtpr pdcm pcid sse4_1 sse4_2 x2apic movbe popcnt tsc_deadline_timer aes xsave avx f16c rdrand lahf_lm abm 3dnowprefetch epb intel_pt tpr_shadow vnmi flexpriority ept vpid fsgsbase tsc_adjust bmi1 hle avx2 smep bmi2 erms invpcid rtm mpx rdseed adx smap clflushopt xsaveopt xsavec xgetbv1 dtherm ida arat pln pts hwp hwp_notify hwp_act_window hwp_epp
bugs		:
bogomips	: 6384.16
clflush size	: 64
cache_alignment	: 64
address sizes	: 39 bits physical, 48 bits virtual
power management:

processor	: 2
vendor_id	: GenuineIntel
cpu family	: 6
model		: 94
model name	: Intel(R) Core(TM) i5-6500 CPU @ 3.20GHz
stepping	: 3
microcode	: 0x8a
cpu MHz		: 1238.250
cache size	: 6144 KB
physical id	: 0
siblings	: 4
core id		: 2
cpu cores	: 4
apicid		: 4
initial apicid	: 4
fpu		: yes
fpu_exception	: yes
cpuid level	: 22
wp		: yes
flags		: fpu vme de pse tsc msr pae mce cx8 apic sep mtrr pge mca cmov pat pse36 clflush dts acpi mmx fxsr sse sse2 ss ht tm pbe syscall nx pdpe1gb rdtscp lm constant_tsc art arch_perfmon pebs bts rep_good nopl xtopology nonstop_tsc aperfmperf eagerfpu pni pclmulqdq dtes64 monitor ds_cpl vmx smx est tm2 ssse3 sdbg fma cx16 xtpr pdcm pcid sse4_1 sse4_2 x2apic movbe popcnt tsc_deadline_timer aes xsave avx f16c rdrand lahf_lm abm 3dnowprefetch epb intel_pt tpr_shadow vnmi flexpriority ept vpid fsgsbase tsc_adjust bmi1 hle avx2 smep bmi2 erms invpcid rtm mpx rdseed adx smap clflushopt xsaveopt xsavec xgetbv1 dtherm ida arat pln pts hwp hwp_notify hwp_act_window hwp_epp
bugs		:
bogomips	: 6384.16
clflush size	: 64
cache_alignment	: 64
address sizes	: 39 bits physical, 48 bits virtual
power management:

processor	: 3
vendor_id	: GenuineIntel
cpu family	: 6
model		: 94
model name	: Intel(R) Core(TM) i5-6500 CPU @ 3.20GHz
stepping	: 3
microcode	: 0x8a
cpu MHz		: 1267.000
cache size	: 6144 KB
physical id	: 0
siblings	: 4
core id		: 3
cpu cores	: 4
apicid		: 6
initial apicid	: 6
fpu		: yes
fpu_exception	: yes
cpuid level	: 22
wp		: yes
flags		: fpu vme de pse tsc msr pae mce cx8 apic sep mtrr pge mca cmov pat pse36 clflush dts acpi mmx fxsr sse sse2 ss ht tm pbe syscall nx pdpe1gb rdtscp lm constant_tsc art arch_perfmon pebs bts rep_good nopl xtopology nonstop_tsc aperfmperf eagerfpu pni pclmulqdq dtes64 monitor ds_cpl vmx smx est tm2 ssse3 sdbg fma cx16 xtpr pdcm pcid sse4_1 sse4_2 x2apic movbe popcnt tsc_deadline_timer aes xsave avx f16c rdrand lahf_lm abm 3dnowprefetch epb intel_pt tpr_shadow vnmi flexpriority ept vpid fsgsbase tsc_adjust bmi1 hle avx2 smep bmi2 erms invpcid rtm mpx rdseed adx smap clflushopt xsaveopt xsavec xgetbv1 dtherm ida arat pln pts hwp hwp_notify hwp_act_window hwp_epp
bugs		:
bogomips	: 6384.16
clflush size	: 64
cache_alignment	: 64
address sizes	: 39 bits physical, 48 bits virtual
power management:



Memory: 4k page, physical 8100032k(5467860k free), swap 92156k(92156k free)

vm_info: OpenJDK 64-Bit Server VM (25.111-b14) for linux-amd64 JRE (1.8.0_111-8u111-b14-2ubuntu0.16.04.2-b14), built on Oct 27 2016 18:10:19 by "buildd" with gcc 5.4.0 20160609

time: Fri Mar  3 09:33:27 2017
elapsed time: 2 seconds (0d 0h 0m 2s)

