#
# A fatal error has been detected by the Java Runtime Environment:
#
#  SIGSEGV (0xb) at pc=0x00007f8f7ea3d435, pid=5693, tid=0x00007f8f5de5b700
#
# JRE version: OpenJDK Runtime Environment (8.0_111-b14) (build 1.8.0_111-8u111-b14-2ubuntu0.16.04.2-b14)
# Java VM: OpenJDK 64-Bit Server VM (25.111-b14 mixed mode linux-amd64 compressed oops)
# Problematic frame:
# C  [libc.so.6+0x14d435]
#
# Failed to write core dump. Core dumps have been disabled. To enable core dumping, try "ulimit -c unlimited" before starting Java again
#
# If you would like to submit a bug report, please visit:
#   http://bugreport.java.com/bugreport/crash.jsp
# The crash happened outside the Java Virtual Machine in native code.
# See problematic frame for where to report the bug.
#

---------------  T H R E A D  ---------------

Current thread (0x00007f8f2c054000):  JavaThread "QuantumRenderer-0" daemon [_thread_in_native, id=5709, stack(0x00007f8f5dd5b000,0x00007f8f5de5c000)]

siginfo: si_signo: 11 (SIGSEGV), si_code: 2 (SEGV_ACCERR), si_addr: 0x00000000db080014

Registers:
RAX=0x00007f8f15dc0028, RBX=0x0000000000000000, RCX=0x000000000000000c, RDX=0x000000000000000c
RSP=0x00007f8f5de59f78, RBP=0x000000000018c034, RSI=0x00000000db080010, RDI=0x00007f8f15dc0028
R8 =0x00007f8f5de59fe0, R9 =0x0000000000000001, R10=0x000000002002033c, R11=0x00007f8f2015fdd0
R12=0x00007f8f5de59fe0, R13=0x00007f8f2015fdd0, R14=0x00000000db080010, R15=0x000000000018c028
RIP=0x00007f8f7ea3d435, EFLAGS=0x0000000000010202, CSGSFS=0x0000000000000033, ERR=0x0000000000000004
  TRAPNO=0x000000000000000e

Top of Stack: (sp=0x00007f8f5de59f78)
0x00007f8f5de59f78:   00007f8f264cb78d 0000000200000017
0x00007f8f5de59f88:   0000000000420000 0000000001dc0000
0x00007f8f5de59f98:   00007f8f2007d9e0 000000000000000c
0x00007f8f5de59fa8:   0000000000000000 0000000000000004
0x00007f8f5de59fb8:   00007f8f2015fdd0 00007f8f5de5a140
0x00007f8f5de59fc8:   00007f8f265d78fc 000000012015fdd0
0x00007f8f5de59fd8:   00007f8f5de59fe0 3f00000000000006
0x00007f8f5de59fe8:   89241a34dcc3bc00 00007f8f2012c580
0x00007f8f5de59ff8:   00007f8f26bb1ab8 00007f8f2015fdd0
0x00007f8f5de5a008:   000000000003d08b 00007f8f26bb1b18
0x00007f8f5de5a018:   00007f8f2015fdd0 00007f8f5de5a140
0x00007f8f5de5a028:   00007f8f265cd80e 0000000120234054
0x00007f8f5de5a038:   0000000400000370 00007f8f2007dbe0
0x00007f8f5de5a048:   00007f8f2007d9e0 00007f8f2019f390
0x00007f8f5de5a058:   00007f8f5de5a1f0 0000000000000001
0x00007f8f5de5a068:   00007f8f265d8dcd 00000000201ab928
0x00007f8f5de5a078:   89241a34dcc3bc00 00007f8f201a7110
0x00007f8f5de5a088:   00007f8f20230e80 3fefffeb074a771d
0x00007f8f5de5a098:   0000000000000001 00007f8f5de5a138
0x00007f8f5de5a0a8:   00007f8f00000001 00007f8f5de5a0b0
0x00007f8f5de5a0b8:   00007f8f69007d80 0000000000000000
0x00007f8f5de5a0c8:   00007f8f445c96f0 000000005de5a568
0x00007f8f5de5a0d8:   00007f8f2007afb0 00007f8f20233010
0x00007f8f5de5a0e8:   0000000000000000 00007f8f2061a200
0x00007f8f5de5a0f8:   89241a34dcc3bc00 00007f8f20160a70
0x00007f8f5de5a108:   00007f8f20034f0c 00007f8f2019f390
0x00007f8f5de5a118:   00007f8f5de5a1f0 0000000000000001
0x00007f8f5de5a128:   00007f8f201eeb40 00007f8f20033470
0x00007f8f5de5a138:   00007f8f263cc4b2 0000000600000000
0x00007f8f5de5a148:   0000000400000000 0000000100000000
0x00007f8f5de5a158:   0000000000000000 0000000000000000
0x00007f8f5de5a168:   0000000000000003 0000000000000000 

Instructions: (pc=0x00007f8f7ea3d435)
0x00007f8f7ea3d415:   fa 6f 7c 16 f0 c5 fa 7f 07 c5 fa 7f 7c 17 f0 c3
0x00007f8f7ea3d425:   90 66 2e 0f 1f 84 00 00 00 00 00 80 fa 08 72 1b
0x00007f8f7ea3d435:   48 8b 4c 16 f8 48 8b 36 48 89 37 48 89 4c 17 f8
0x00007f8f7ea3d445:   c3 66 2e 0f 1f 84 00 00 00 00 00 80 fa 04 72 0d 

Register to memory mapping:

RAX=0x00007f8f15dc0028 is an unknown value
RBX=0x0000000000000000 is an unknown value
RCX=0x000000000000000c is an unknown value
RDX=0x000000000000000c is an unknown value
RSP=0x00007f8f5de59f78 is pointing into the stack for thread: 0x00007f8f2c054000
RBP=0x000000000018c034 is an unknown value
RSI=0x00000000db080010 is an unallocated location in the heap
RDI=0x00007f8f15dc0028 is an unknown value
R8 =0x00007f8f5de59fe0 is pointing into the stack for thread: 0x00007f8f2c054000
R9 =0x0000000000000001 is an unknown value
R10=0x000000002002033c is an unknown value
R11=0x00007f8f2015fdd0 is an unknown value
R12=0x00007f8f5de59fe0 is pointing into the stack for thread: 0x00007f8f2c054000
R13=0x00007f8f2015fdd0 is an unknown value
R14=0x00000000db080010 is an unallocated location in the heap
R15=0x000000000018c028 is an unknown value


Stack: [0x00007f8f5dd5b000,0x00007f8f5de5c000],  sp=0x00007f8f5de59f78,  free space=1019k
Native frames: (J=compiled Java code, j=interpreted, Vv=VM code, C=native code)
C  [libc.so.6+0x14d435]

Java frames: (J=compiled Java code, j=interpreted, Vv=VM code)
j  com.sun.prism.es2.GLContext.nClearBuffers(JFFFFZZZ)V+0
j  com.sun.prism.es2.GLContext.clearBuffers(Lcom/sun/prism/paint/Color;ZZZ)V+40
j  com.sun.prism.es2.ES2Graphics.clearBuffers(Lcom/sun/prism/es2/ES2Context;Lcom/sun/prism/paint/Color;ZZZ)V+9
j  com.sun.prism.es2.ES2Graphics.clear(Lcom/sun/prism/paint/Color;)V+32
j  com.sun.javafx.tk.quantum.ViewPainter.doPaint(Lcom/sun/prism/Graphics;Lcom/sun/javafx/sg/prism/NodePath;)V+104
j  com.sun.javafx.tk.quantum.ViewPainter.paintImpl(Lcom/sun/prism/Graphics;)V+953
j  com.sun.javafx.tk.quantum.PresentingPainter.run()V+326
j  java.util.concurrent.Executors$RunnableAdapter.call()Ljava/lang/Object;+4
j  java.util.concurrent.FutureTask.runAndReset()Z+47
j  com.sun.javafx.tk.RenderJob.run()V+1
j  java.util.concurrent.ThreadPoolExecutor.runWorker(Ljava/util/concurrent/ThreadPoolExecutor$Worker;)V+95
j  java.util.concurrent.ThreadPoolExecutor$Worker.run()V+5
j  com.sun.javafx.tk.quantum.QuantumRenderer$PipelineRunnable.run()V+8
j  java.lang.Thread.run()V+11
v  ~StubRoutines::call_stub

---------------  P R O C E S S  ---------------

Java Threads: ( => current thread )
  0x00007f8f08190000 JavaThread "Prism Font Disposer" daemon [_thread_blocked, id=5712, stack(0x00007f8f174f2000,0x00007f8f175f3000)]
  0x00007f8f2c109800 JavaThread "JavaFX Application Thread" [_thread_in_vm, id=5711, stack(0x00007f8f17bad000,0x00007f8f17cae000)]
  0x00007f8f2c105800 JavaThread "Thread-2" daemon [_thread_blocked, id=5710, stack(0x00007f8f17cae000,0x00007f8f17daf000)]
=>0x00007f8f2c054000 JavaThread "QuantumRenderer-0" daemon [_thread_in_native, id=5709, stack(0x00007f8f5dd5b000,0x00007f8f5de5c000)]
  0x00007f8f781e0800 JavaThread "JavaFX-Launcher" [_thread_blocked, id=5708, stack(0x00007f8f5de5c000,0x00007f8f5df5d000)]
  0x00007f8f780bf000 JavaThread "Service Thread" daemon [_thread_blocked, id=5706, stack(0x00007f8f5e10f000,0x00007f8f5e210000)]
  0x00007f8f780af800 JavaThread "C1 CompilerThread2" daemon [_thread_in_native, id=5705, stack(0x00007f8f5e210000,0x00007f8f5e311000)]
  0x00007f8f780ae000 JavaThread "C2 CompilerThread1" daemon [_thread_in_native, id=5704, stack(0x00007f8f5e311000,0x00007f8f5e412000)]
  0x00007f8f780ab000 JavaThread "C2 CompilerThread0" daemon [_thread_in_native, id=5703, stack(0x00007f8f5e412000,0x00007f8f5e513000)]
  0x00007f8f780a9000 JavaThread "Signal Dispatcher" daemon [_thread_blocked, id=5702, stack(0x00007f8f5e513000,0x00007f8f5e614000)]
  0x00007f8f78081800 JavaThread "Finalizer" daemon [_thread_blocked, id=5701, stack(0x00007f8f5e8f1000,0x00007f8f5e9f2000)]
  0x00007f8f7807c800 JavaThread "Reference Handler" daemon [_thread_blocked, id=5700, stack(0x00007f8f5e9f2000,0x00007f8f5eaf3000)]
  0x00007f8f78007800 JavaThread "main" [_thread_blocked, id=5694, stack(0x00007f8f7efbd000,0x00007f8f7f0be000)]

Other Threads:
  0x00007f8f78075000 VMThread [stack: 0x00007f8f5eaf3000,0x00007f8f5ebf4000] [id=5699]
  0x00007f8f780c1800 WatcherThread [stack: 0x00007f8f5e00e000,0x00007f8f5e10f000] [id=5707]

VM state:not at safepoint (normal execution)

VM Mutex/Monitor currently owned by a thread: None

Heap:
 PSYoungGen      total 35328K, used 5025K [0x00000000d6d00000, 0x00000000db080000, 0x0000000100000000)
  eden space 31744K, 5% used [0x00000000d6d00000,0x00000000d6edbc08,0x00000000d8c00000)
  from space 3584K, 87% used [0x00000000da900000,0x00000000dac0cac0,0x00000000dac80000)
  to   space 4096K, 0% used [0x00000000dac80000,0x00000000dac80000,0x00000000db080000)
 ParOldGen       total 84992K, used 3109K [0x0000000084600000, 0x0000000089900000, 0x00000000d6d00000)
  object space 84992K, 3% used [0x0000000084600000,0x0000000084909490,0x0000000089900000)
 Metaspace       used 12201K, capacity 12644K, committed 12928K, reserved 1060864K
  class space    used 1448K, capacity 1582K, committed 1664K, reserved 1048576K

Card table byte_map: [0x00007f8f68862000,0x00007f8f68c40000] byte_map_base: 0x00007f8f6843f000

Marking Bits: (ParMarkBitMap*) 0x00007f8f7e298220
 Begin Bits: [0x00007f8f645fc000, 0x00007f8f664e4000)
 End Bits:   [0x00007f8f664e4000, 0x00007f8f683cc000)

Polling page: 0x00007f8f7f0ea000

CodeCache: size=245760Kb used=6819Kb max_used=6830Kb free=238940Kb
 bounds [0x00007f8f69000000, 0x00007f8f696c0000, 0x00007f8f78000000]
 total_blobs=2603 nmethods=2041 adapters=476
 compilation: enabled

Compilation events (10 events):
Event: 2,829 Thread 0x00007f8f780af800 nmethod 2034 0x00007f8f6969b790 code [0x00007f8f6969b920, 0x00007f8f6969bbf8]
Event: 2,829 Thread 0x00007f8f780af800 2035       3       com.sun.javafx.text.PrismTextLayout::setLineSpacing (22 bytes)
Event: 2,830 Thread 0x00007f8f780af800 nmethod 2035 0x00007f8f696afd90 code [0x00007f8f696aff00, 0x00007f8f696b0108]
Event: 2,830 Thread 0x00007f8f780af800 2036       3       com.sun.javafx.text.PrismTextLayoutFactory::createLayout (8 bytes)
Event: 2,830 Thread 0x00007f8f780ab000 nmethod 2040 0x00007f8f69686fd0 code [0x00007f8f69687120, 0x00007f8f696871b8]
Event: 2,830 Thread 0x00007f8f780af800 nmethod 2036 0x00007f8f696af5d0 code [0x00007f8f696af760, 0x00007f8f696afb70]
Event: 2,830 Thread 0x00007f8f780af800 2038       3       javafx.scene.text.Text::getTextAlignment (29 bytes)
Event: 2,830 Thread 0x00007f8f780af800 nmethod 2038 0x00007f8f696af050 code [0x00007f8f696af1e0, 0x00007f8f696af4d8]
Event: 2,830 Thread 0x00007f8f780af800 2041       3       sun.util.logging.PlatformLogger$DefaultLoggerProxy::isLoggable (29 bytes)
Event: 2,831 Thread 0x00007f8f780af800 nmethod 2041 0x00007f8f696b0e50 code [0x00007f8f696b0fe0, 0x00007f8f696b1510]

GC Heap History (6 events):
Event: 0,677 GC heap before
{Heap before GC invocations=1 (full 0):
 PSYoungGen      total 36864K, used 31744K [0x00000000d6d00000, 0x00000000d9600000, 0x0000000100000000)
  eden space 31744K, 100% used [0x00000000d6d00000,0x00000000d8c00000,0x00000000d8c00000)
  from space 5120K, 0% used [0x00000000d9100000,0x00000000d9100000,0x00000000d9600000)
  to   space 5120K, 0% used [0x00000000d8c00000,0x00000000d8c00000,0x00000000d9100000)
 ParOldGen       total 84992K, used 0K [0x0000000084600000, 0x0000000089900000, 0x00000000d6d00000)
  object space 84992K, 0% used [0x0000000084600000,0x0000000084600000,0x0000000089900000)
 Metaspace       used 11966K, capacity 12452K, committed 12672K, reserved 1060864K
  class space    used 1443K, capacity 1582K, committed 1664K, reserved 1048576K
Event: 0,685 GC heap after
Heap after GC invocations=1 (full 0):
 PSYoungGen      total 36864K, used 5105K [0x00000000d6d00000, 0x00000000db500000, 0x0000000100000000)
  eden space 31744K, 0% used [0x00000000d6d00000,0x00000000d6d00000,0x00000000d8c00000)
  from space 5120K, 99% used [0x00000000d8c00000,0x00000000d90fc6f0,0x00000000d9100000)
  to   space 5120K, 0% used [0x00000000db000000,0x00000000db000000,0x00000000db500000)
 ParOldGen       total 84992K, used 3074K [0x0000000084600000, 0x0000000089900000, 0x00000000d6d00000)
  object space 84992K, 3% used [0x0000000084600000,0x0000000084900840,0x0000000089900000)
 Metaspace       used 11966K, capacity 12452K, committed 12672K, reserved 1060864K
  class space    used 1443K, capacity 1582K, committed 1664K, reserved 1048576K
}
Event: 1,772 GC heap before
{Heap before GC invocations=2 (full 0):
 PSYoungGen      total 36864K, used 36849K [0x00000000d6d00000, 0x00000000db500000, 0x0000000100000000)
  eden space 31744K, 100% used [0x00000000d6d00000,0x00000000d8c00000,0x00000000d8c00000)
  from space 5120K, 99% used [0x00000000d8c00000,0x00000000d90fc6f0,0x00000000d9100000)
  to   space 5120K, 0% used [0x00000000db000000,0x00000000db000000,0x00000000db500000)
 ParOldGen       total 84992K, used 3074K [0x0000000084600000, 0x0000000089900000, 0x00000000d6d00000)
  object space 84992K, 3% used [0x0000000084600000,0x0000000084900840,0x0000000089900000)
 Metaspace       used 12129K, capacity 12580K, committed 12928K, reserved 1060864K
  class space    used 1445K, capacity 1582K, committed 1664K, reserved 1048576K
Event: 1,778 GC heap after
Heap after GC invocations=2 (full 0):
 PSYoungGen      total 34816K, used 3010K [0x00000000d6d00000, 0x00000000db300000, 0x0000000100000000)
  eden space 31744K, 0% used [0x00000000d6d00000,0x00000000d6d00000,0x00000000d8c00000)
  from space 3072K, 98% used [0x00000000db000000,0x00000000db2f0ab0,0x00000000db300000)
  to   space 5120K, 0% used [0x00000000da900000,0x00000000da900000,0x00000000dae00000)
 ParOldGen       total 84992K, used 3101K [0x0000000084600000, 0x0000000089900000, 0x00000000d6d00000)
  object space 84992K, 3% used [0x0000000084600000,0x0000000084907490,0x0000000089900000)
 Metaspace       used 12129K, capacity 12580K, committed 12928K, reserved 1060864K
  class space    used 1445K, capacity 1582K, committed 1664K, reserved 1048576K
}
Event: 2,818 GC heap before
{Heap before GC invocations=3 (full 0):
 PSYoungGen      total 34816K, used 34754K [0x00000000d6d00000, 0x00000000db300000, 0x0000000100000000)
  eden space 31744K, 100% used [0x00000000d6d00000,0x00000000d8c00000,0x00000000d8c00000)
  from space 3072K, 98% used [0x00000000db000000,0x00000000db2f0ab0,0x00000000db300000)
  to   space 5120K, 0% used [0x00000000da900000,0x00000000da900000,0x00000000dae00000)
 ParOldGen       total 84992K, used 3101K [0x0000000084600000, 0x0000000089900000, 0x00000000d6d00000)
  object space 84992K, 3% used [0x0000000084600000,0x0000000084907490,0x0000000089900000)
 Metaspace       used 12200K, capacity 12644K, committed 12928K, reserved 1060864K
  class space    used 1448K, capacity 1582K, committed 1664K, reserved 1048576K
Event: 2,828 GC heap after
Heap after GC invocations=3 (full 0):
 PSYoungGen      total 35328K, used 3122K [0x00000000d6d00000, 0x00000000db080000, 0x0000000100000000)
  eden space 31744K, 0% used [0x00000000d6d00000,0x00000000d6d00000,0x00000000d8c00000)
  from space 3584K, 87% used [0x00000000da900000,0x00000000dac0cac0,0x00000000dac80000)
  to   space 4096K, 0% used [0x00000000dac80000,0x00000000dac80000,0x00000000db080000)
 ParOldGen       total 84992K, used 3109K [0x0000000084600000, 0x0000000089900000, 0x00000000d6d00000)
  object space 84992K, 3% used [0x0000000084600000,0x0000000084909490,0x0000000089900000)
 Metaspace       used 12200K, capacity 12644K, committed 12928K, reserved 1060864K
  class space    used 1448K, capacity 1582K, committed 1664K, reserved 1048576K
}

Deoptimization events (10 events):
Event: 0,551 Thread 0x00007f8f2c109800 Uncommon trap: reason=class_check action=maybe_recompile pc=0x00007f8f69268b9c method=java.util.HashMap.getNode(ILjava/lang/Object;)Ljava/util/HashMap$Node; @ 126
Event: 1,223 Thread 0x00007f8f2c109800 Uncommon trap: reason=class_check action=maybe_recompile pc=0x00007f8f695ab000 method=java.lang.reflect.Array.newInstance(Ljava/lang/Class;I)Ljava/lang/Object; @ 2
Event: 1,223 Thread 0x00007f8f2c109800 Uncommon trap: reason=class_check action=maybe_recompile pc=0x00007f8f695ab000 method=java.lang.reflect.Array.newInstance(Ljava/lang/Class;I)Ljava/lang/Object; @ 2
Event: 1,223 Thread 0x00007f8f2c109800 Uncommon trap: reason=class_check action=maybe_recompile pc=0x00007f8f695ab000 method=java.lang.reflect.Array.newInstance(Ljava/lang/Class;I)Ljava/lang/Object; @ 2
Event: 1,223 Thread 0x00007f8f2c109800 Uncommon trap: reason=class_check action=maybe_recompile pc=0x00007f8f695ab000 method=java.lang.reflect.Array.newInstance(Ljava/lang/Class;I)Ljava/lang/Object; @ 2
Event: 1,837 Thread 0x00007f8f2c109800 Uncommon trap: reason=unstable_if action=reinterpret pc=0x00007f8f6957e9a0 method=sun.text.bidi.BidiBase.getDirProps()V @ 204
Event: 1,838 Thread 0x00007f8f2c109800 Uncommon trap: reason=null_check action=make_not_entrant pc=0x00007f8f695d1470 method=com.sun.javafx.font.PrismFontFile.getGlyphBoundingBox(IF[F)[F @ 69
Event: 1,839 Thread 0x00007f8f2c054000 Uncommon trap: reason=unstable_if action=reinterpret pc=0x00007f8f694c5780 method=com.sun.prism.impl.GlyphCache.getCachedGlyph(II)Lcom/sun/prism/impl/GlyphCache$GlyphData; @ 43
Event: 2,705 Thread 0x00007f8f2c109800 Uncommon trap: reason=unstable_if action=reinterpret pc=0x00007f8f6964d940 method=javafx.scene.Node.impl_intersectsBounds(Lcom/sun/javafx/geom/PickRay;)D @ 131
Event: 2,828 Thread 0x00007f8f2c109800 Uncommon trap: reason=null_check action=make_not_entrant pc=0x00007f8f694fe164 method=com.sun.javafx.font.LogicalFont.getStrike(FLcom/sun/javafx/geom/transform/BaseTransform;I)Lcom/sun/javafx/font/FontStrike; @ 41

Internal exceptions (10 events):
Event: 0,088 Thread 0x00007f8f781e0800 Exception <a 'java/security/PrivilegedActionException'> (0x00000000d7036d48) thrown at [/build/openjdk-8-8jAw7G/openjdk-8-8u111-b14/src/hotspot/src/share/vm/prims/jvm.cpp, line 1386]
Event: 0,089 Thread 0x00007f8f781e0800 Exception <a 'java/security/PrivilegedActionException'> (0x00000000d7038db0) thrown at [/build/openjdk-8-8jAw7G/openjdk-8-8u111-b14/src/hotspot/src/share/vm/prims/jvm.cpp, line 1386]
Event: 0,089 Thread 0x00007f8f781e0800 Exception <a 'java/security/PrivilegedActionException'> (0x00000000d7038fc0) thrown at [/build/openjdk-8-8jAw7G/openjdk-8-8u111-b14/src/hotspot/src/share/vm/prims/jvm.cpp, line 1386]
Event: 0,089 Thread 0x00007f8f781e0800 Exception <a 'java/security/PrivilegedActionException'> (0x00000000d7039a90) thrown at [/build/openjdk-8-8jAw7G/openjdk-8-8u111-b14/src/hotspot/src/share/vm/prims/jvm.cpp, line 1386]
Event: 0,089 Thread 0x00007f8f781e0800 Exception <a 'java/security/PrivilegedActionException'> (0x00000000d7039ca0) thrown at [/build/openjdk-8-8jAw7G/openjdk-8-8u111-b14/src/hotspot/src/share/vm/prims/jvm.cpp, line 1386]
Event: 0,089 Thread 0x00007f8f781e0800 Exception <a 'java/lang/NullPointerException'> (0x00000000d703b3e8) thrown at [/build/openjdk-8-8jAw7G/openjdk-8-8u111-b14/src/hotspot/src/share/vm/interpreter/linkResolver.cpp, line 1178]
Event: 0,299 Thread 0x00007f8f2c109800 Exception <a 'java/lang/NullPointerException'> (0x00000000d7aafc18) thrown at [/build/openjdk-8-8jAw7G/openjdk-8-8u111-b14/src/hotspot/src/share/vm/interpreter/linkResolver.cpp, line 1178]
Event: 0,299 Thread 0x00007f8f2c109800 Exception <a 'java/lang/NullPointerException'> (0x00000000d7aafc18) thrown at [/build/openjdk-8-8jAw7G/openjdk-8-8u111-b14/src/hotspot/src/share/vm/prims/jvm.cpp, line 1390]
Event: 1,838 Thread 0x00007f8f2c109800 Implicit null exception at 0x00007f8f695d1067 to 0x00007f8f695d144d
Event: 2,828 Thread 0x00007f8f2c109800 Implicit null exception at 0x00007f8f694fc854 to 0x00007f8f694fe13d

Events (10 events):
Event: 1,839 Thread 0x00007f8f2c054000 DEOPT PACKING pc=0x00007f8f694c5780 sp=0x00007f8f5de595c0
Event: 1,839 Thread 0x00007f8f2c054000 DEOPT UNPACKING pc=0x00007f8f69004f69 sp=0x00007f8f5de594f8 mode 2
Event: 2,705 Thread 0x00007f8f2c109800 Uncommon trap: trap_request=0xffffff65 fr.pc=0x00007f8f6964d940
Event: 2,705 Thread 0x00007f8f2c109800 DEOPT PACKING pc=0x00007f8f6964d940 sp=0x00007f8f17caabd0
Event: 2,705 Thread 0x00007f8f2c109800 DEOPT UNPACKING pc=0x00007f8f69004f69 sp=0x00007f8f17caaa90 mode 2
Event: 2,818 Executing VM operation: ParallelGCFailedAllocation
Event: 2,828 Executing VM operation: ParallelGCFailedAllocation done
Event: 2,828 Thread 0x00007f8f2c109800 Uncommon trap: trap_request=0xfffffff4 fr.pc=0x00007f8f694fe164
Event: 2,828 Thread 0x00007f8f2c109800 DEOPT PACKING pc=0x00007f8f694fe164 sp=0x00007f8f17caae50
Event: 2,828 Thread 0x00007f8f2c109800 DEOPT UNPACKING pc=0x00007f8f69004f69 sp=0x00007f8f17caac78 mode 2


Dynamic libraries:
00400000-00401000 r-xp 00000000 08:01 3149615                            /usr/lib/jvm/java-8-openjdk-amd64/jre/bin/java
00600000-00601000 r--p 00000000 08:01 3149615                            /usr/lib/jvm/java-8-openjdk-amd64/jre/bin/java
00601000-00602000 rw-p 00001000 08:01 3149615                            /usr/lib/jvm/java-8-openjdk-amd64/jre/bin/java
023a4000-023c5000 rw-p 00000000 00:00 0                                  [heap]
84600000-89900000 rw-p 00000000 00:00 0 
89900000-d6d00000 ---p 00000000 00:00 0 
d6d00000-db080000 rw-p 00000000 00:00 0 
db080000-100000000 ---p 00000000 00:00 0 
100000000-1001a0000 rw-p 00000000 00:00 0 
1001a0000-140000000 ---p 00000000 00:00 0 
7f8f08000000-7f8f08253000 rw-p 00000000 00:00 0 
7f8f08253000-7f8f0c000000 ---p 00000000 00:00 0 
7f8f0c000000-7f8f0c021000 rw-p 00000000 00:00 0 
7f8f0c021000-7f8f10000000 ---p 00000000 00:00 0 
7f8f10000000-7f8f10021000 rw-p 00000000 00:00 0 
7f8f10021000-7f8f14000000 ---p 00000000 00:00 0 
7f8f159b4000-7f8f15a34000 rw-s 10906c000 00:06 360                       /dev/dri/card0
7f8f15a34000-7f8f15c34000 rw-s 10c0c9000 00:06 360                       /dev/dri/card0
7f8f15c34000-7f8f15e34000 rw-s 10bec9000 00:06 360                       /dev/dri/card0
7f8f15e34000-7f8f16034000 rw-s 1077d4000 00:06 360                       /dev/dri/card0
7f8f16034000-7f8f16234000 rw-s 10adad000 00:06 360                       /dev/dri/card0
7f8f16234000-7f8f16c34000 rwxp 00000000 00:00 0 
7f8f16c4e000-7f8f16d4e000 rw-p 00000000 00:00 0 
7f8f16d4e000-7f8f16e4e000 ---p 00000000 00:00 0 
7f8f16e4e000-7f8f16e58000 r-xp 00000000 08:01 30282043                   /usr/lib/x86_64-linux-gnu/gtk-2.0/2.10.0/engines/libpixmap.so
7f8f16e58000-7f8f17057000 ---p 0000a000 08:01 30282043                   /usr/lib/x86_64-linux-gnu/gtk-2.0/2.10.0/engines/libpixmap.so
7f8f17057000-7f8f17058000 r--p 00009000 08:01 30282043                   /usr/lib/x86_64-linux-gnu/gtk-2.0/2.10.0/engines/libpixmap.so
7f8f17058000-7f8f17059000 rw-p 0000a000 08:01 30282043                   /usr/lib/x86_64-linux-gnu/gtk-2.0/2.10.0/engines/libpixmap.so
7f8f17059000-7f8f17089000 r-xp 00000000 08:01 30282167                   /usr/lib/x86_64-linux-gnu/gtk-2.0/2.10.0/engines/libmurrine.so
7f8f17089000-7f8f17289000 ---p 00030000 08:01 30282167                   /usr/lib/x86_64-linux-gnu/gtk-2.0/2.10.0/engines/libmurrine.so
7f8f17289000-7f8f1728a000 r--p 00030000 08:01 30282167                   /usr/lib/x86_64-linux-gnu/gtk-2.0/2.10.0/engines/libmurrine.so
7f8f1728a000-7f8f1728b000 rw-p 00031000 08:01 30282167                   /usr/lib/x86_64-linux-gnu/gtk-2.0/2.10.0/engines/libmurrine.so
7f8f1728b000-7f8f1748b000 rw-p 00000000 00:00 0 
7f8f1748b000-7f8f1749e000 r--s 00346000 08:01 3149560                    /usr/lib/jvm/java-8-openjdk-amd64/jre/lib/resources.jar
7f8f1749e000-7f8f174f2000 r--p 00000000 08:01 1181880                    /usr/share/fonts/truetype/dejavu/DejaVuSansMono.ttf
7f8f174f2000-7f8f174f5000 ---p 00000000 00:00 0 
7f8f174f5000-7f8f175f3000 rw-p 00000000 00:00 0 
7f8f175f3000-7f8f176ac000 r--p 00000000 08:01 1181878                    /usr/share/fonts/truetype/dejavu/DejaVuSans.ttf
7f8f176ac000-7f8f176ad000 r--s 00000000 08:01 1461867                    /var/cache/fontconfig/087e1975ba9a574b140bb1df193bf770-le64.cache-6
7f8f176ad000-7f8f176b1000 r--s 00000000 08:01 1463570                    /var/cache/fontconfig/6aa41aa22e18b8fa06a12da28ea9c28b-le64.cache-6
7f8f176b1000-7f8f176bc000 r--s 00000000 08:01 1459413                    /var/cache/fontconfig/945677eb7aeaf62f1d50efc3fb3ec7d8-le64.cache-6
7f8f176bc000-7f8f176c2000 r--s 00000000 08:01 1459412                    /var/cache/fontconfig/2cd17615ca594fa2959ae173292e504c-le64.cache-6
7f8f176c2000-7f8f176c3000 r--s 00000000 08:01 1459411                    /var/cache/fontconfig/0d8c3b2ac0904cb8a57a757ad11a4a08-le64.cache-6
7f8f176c3000-7f8f176c7000 r--s 00000000 08:01 1462895                    /var/cache/fontconfig/6d41288fd70b0be22e8c3a91e032eec0-le64.cache-6
7f8f176c7000-7f8f176cb000 r--s 00000000 08:01 1461958                    /var/cache/fontconfig/de156ccd2eddbdc19d37a45b8b2aac9c-le64.cache-6
7f8f176cb000-7f8f176e0000 r--s 00000000 08:01 1459410                    /var/cache/fontconfig/04aabc0a78ac019cf9454389977116d2-le64.cache-6
7f8f176e0000-7f8f176e1000 r--s 00000000 08:01 1459409                    /var/cache/fontconfig/1ac9eb803944fde146138c791f5cc56a-le64.cache-6
7f8f176e1000-7f8f176e5000 r--s 00000000 08:01 1457024                    /var/cache/fontconfig/385c0604a188198f04d133e54aba7fe7-le64.cache-6
7f8f176e5000-7f8f176e8000 r--s 00000000 08:01 1459407                    /var/cache/fontconfig/767a8244fc0220cfb567a839d0392e0b-le64.cache-6
7f8f176e8000-7f8f1770f000 r--s 00000000 08:01 1459405                    /var/cache/fontconfig/0bd3dc0958fa2205aaaa8ebb13e2872b-le64.cache-6
7f8f1770f000-7f8f17714000 r--s 00000000 08:01 1457023                    /var/cache/fontconfig/8801497958630a81b71ace7c5f9b32a8-le64.cache-6
7f8f17714000-7f8f1771b000 r--s 00000000 08:01 1459403                    /var/cache/fontconfig/3047814df9a2f067bd2d96a2b9c36e5a-le64.cache-6
7f8f1771b000-7f8f17723000 r--s 00000000 08:01 1461866                    /var/cache/fontconfig/bf3b770c553c462765856025a94f1ce6-le64.cache-6
7f8f17723000-7f8f17728000 r-xp 00000000 08:01 3152131                    /usr/lib/jvm/java-8-openjdk-amd64/jre/lib/amd64/libjavafx_font_freetype.so
7f8f17728000-7f8f17927000 ---p 00005000 08:01 3152131                    /usr/lib/jvm/java-8-openjdk-amd64/jre/lib/amd64/libjavafx_font_freetype.so
7f8f17927000-7f8f17928000 r--p 00004000 08:01 3152131                    /usr/lib/jvm/java-8-openjdk-amd64/jre/lib/amd64/libjavafx_font_freetype.so
7f8f17928000-7f8f17929000 rw-p 00005000 08:01 3152131                    /usr/lib/jvm/java-8-openjdk-amd64/jre/lib/amd64/libjavafx_font_freetype.so
7f8f17929000-7f8f1792c000 r-xp 00000000 08:01 3150919                    /usr/lib/jvm/java-8-openjdk-amd64/jre/lib/amd64/libjavafx_font.so
7f8f1792c000-7f8f17b2b000 ---p 00003000 08:01 3150919                    /usr/lib/jvm/java-8-openjdk-amd64/jre/lib/amd64/libjavafx_font.so
7f8f17b2b000-7f8f17b2c000 r--p 00002000 08:01 3150919                    /usr/lib/jvm/java-8-openjdk-amd64/jre/lib/amd64/libjavafx_font.so
7f8f17b2c000-7f8f17b2d000 rw-p 00003000 08:01 3150919                    /usr/lib/jvm/java-8-openjdk-amd64/jre/lib/amd64/libjavafx_font.so
7f8f17b2d000-7f8f17bad000 rw-s 1098bf000 00:06 360                       /dev/dri/card0
7f8f17bad000-7f8f17bb0000 ---p 00000000 00:00 0 
7f8f17bb0000-7f8f17cae000 rw-p 00000000 00:00 0 
7f8f17cae000-7f8f17cb1000 ---p 00000000 00:00 0 
7f8f17cb1000-7f8f17daf000 rw-p 00000000 00:00 0 
7f8f17daf000-7f8f17dc1000 r-xp 00000000 08:01 23330885                   /lib/x86_64-linux-gnu/libgpg-error.so.0.17.0
7f8f17dc1000-7f8f17fc1000 ---p 00012000 08:01 23330885                   /lib/x86_64-linux-gnu/libgpg-error.so.0.17.0
7f8f17fc1000-7f8f17fc2000 r--p 00012000 08:01 23330885                   /lib/x86_64-linux-gnu/libgpg-error.so.0.17.0
7f8f17fc2000-7f8f17fc3000 rw-p 00013000 08:01 23330885                   /lib/x86_64-linux-gnu/libgpg-error.so.0.17.0
7f8f17fc3000-7f8f1809b000 r-xp 00000000 08:01 23330877                   /lib/x86_64-linux-gnu/libgcrypt.so.20.0.5
7f8f1809b000-7f8f1829a000 ---p 000d8000 08:01 23330877                   /lib/x86_64-linux-gnu/libgcrypt.so.20.0.5
7f8f1829a000-7f8f1829b000 r--p 000d7000 08:01 23330877                   /lib/x86_64-linux-gnu/libgcrypt.so.20.0.5
7f8f1829b000-7f8f182a3000 rw-p 000d8000 08:01 23330877                   /lib/x86_64-linux-gnu/libgcrypt.so.20.0.5
7f8f182a3000-7f8f182a4000 rw-p 00000000 00:00 0 
7f8f182a4000-7f8f182c5000 r-xp 00000000 08:01 23330889                   /lib/x86_64-linux-gnu/liblzma.so.5.0.0
7f8f182c5000-7f8f184c4000 ---p 00021000 08:01 23330889                   /lib/x86_64-linux-gnu/liblzma.so.5.0.0
7f8f184c4000-7f8f184c5000 r--p 00020000 08:01 23330889                   /lib/x86_64-linux-gnu/liblzma.so.5.0.0
7f8f184c5000-7f8f184c6000 rw-p 00021000 08:01 23330889                   /lib/x86_64-linux-gnu/liblzma.so.5.0.0
7f8f184c6000-7f8f18546000 r-xp 00000000 08:01 23331053                   /lib/x86_64-linux-gnu/libsystemd.so.0.14.0
7f8f18546000-7f8f18549000 r--p 0007f000 08:01 23331053                   /lib/x86_64-linux-gnu/libsystemd.so.0.14.0
7f8f18549000-7f8f1854a000 rw-p 00082000 08:01 23331053                   /lib/x86_64-linux-gnu/libsystemd.so.0.14.0
7f8f1854a000-7f8f1854b000 rw-p 00000000 00:00 0 
7f8f1854b000-7f8f18595000 r-xp 00000000 08:01 23331022                   /lib/x86_64-linux-gnu/libdbus-1.so.3.14.6
7f8f18595000-7f8f18795000 ---p 0004a000 08:01 23331022                   /lib/x86_64-linux-gnu/libdbus-1.so.3.14.6
7f8f18795000-7f8f18796000 r--p 0004a000 08:01 23331022                   /lib/x86_64-linux-gnu/libdbus-1.so.3.14.6
7f8f18796000-7f8f18797000 rw-p 0004b000 08:01 23331022                   /lib/x86_64-linux-gnu/libdbus-1.so.3.14.6
7f8f18797000-7f8f187c3000 r-xp 00000000 08:01 29764623                   /usr/lib/x86_64-linux-gnu/libatspi.so.0.0.1
7f8f187c3000-7f8f189c2000 ---p 0002c000 08:01 29764623                   /usr/lib/x86_64-linux-gnu/libatspi.so.0.0.1
7f8f189c2000-7f8f189c5000 r--p 0002b000 08:01 29764623                   /usr/lib/x86_64-linux-gnu/libatspi.so.0.0.1
7f8f189c5000-7f8f189c6000 rw-p 0002e000 08:01 29764623                   /usr/lib/x86_64-linux-gnu/libatspi.so.0.0.1
7f8f189c6000-7f8f189f3000 r-xp 00000000 08:01 29764625                   /usr/lib/x86_64-linux-gnu/libatk-bridge-2.0.so.0.0.0
7f8f189f3000-7f8f18bf2000 ---p 0002d000 08:01 29764625                   /usr/lib/x86_64-linux-gnu/libatk-bridge-2.0.so.0.0.0
7f8f18bf2000-7f8f18bf3000 r--p 0002c000 08:01 29764625                   /usr/lib/x86_64-linux-gnu/libatk-bridge-2.0.so.0.0.0
7f8f18bf3000-7f8f18bf5000 rw-p 0002d000 08:01 29764625                   /usr/lib/x86_64-linux-gnu/libatk-bridge-2.0.so.0.0.0
7f8f18bf5000-7f8f18bf6000 r-xp 00000000 08:01 526721                     /usr/lib/x86_64-linux-gnu/gtk-2.0/modules/libatk-bridge.so
7f8f18bf6000-7f8f18df5000 ---p 00001000 08:01 526721                     /usr/lib/x86_64-linux-gnu/gtk-2.0/modules/libatk-bridge.so
7f8f18df5000-7f8f18df6000 r--p 00000000 08:01 526721                     /usr/lib/x86_64-linux-gnu/gtk-2.0/modules/libatk-bridge.so
7f8f18df6000-7f8f18df7000 rw-p 00001000 08:01 526721                     /usr/lib/x86_64-linux-gnu/gtk-2.0/modules/libatk-bridge.so
7f8f18df7000-7f8f18dfe000 r-xp 00000000 08:01 29765478                   /usr/lib/x86_64-linux-gnu/libgailutil.so.18.0.1
7f8f18dfe000-7f8f18ffd000 ---p 00007000 08:01 29765478                   /usr/lib/x86_64-linux-gnu/libgailutil.so.18.0.1
7f8f18ffd000-7f8f18ffe000 r--p 00006000 08:01 29765478                   /usr/lib/x86_64-linux-gnu/libgailutil.so.18.0.1
7f8f18ffe000-7f8f18fff000 rw-p 00007000 08:01 29765478                   /usr/lib/x86_64-linux-gnu/libgailutil.so.18.0.1
7f8f18fff000-7f8f1904d000 r-xp 00000000 08:01 526719                     /usr/lib/x86_64-linux-gnu/gtk-2.0/modules/libgail.so
7f8f1904d000-7f8f1924c000 ---p 0004e000 08:01 526719                     /usr/lib/x86_64-linux-gnu/gtk-2.0/modules/libgail.so
7f8f1924c000-7f8f1924d000 r--p 0004d000 08:01 526719                     /usr/lib/x86_64-linux-gnu/gtk-2.0/modules/libgail.so
7f8f1924d000-7f8f1924f000 rw-p 0004e000 08:01 526719                     /usr/lib/x86_64-linux-gnu/gtk-2.0/modules/libgail.so
7f8f1924f000-7f8f19255000 r-xp 00000000 08:01 29764576                   /usr/lib/x86_64-linux-gnu/libdatrie.so.1.3.3
7f8f19255000-7f8f19455000 ---p 00006000 08:01 29764576                   /usr/lib/x86_64-linux-gnu/libdatrie.so.1.3.3
7f8f19455000-7f8f19456000 r--p 00006000 08:01 29764576                   /usr/lib/x86_64-linux-gnu/libdatrie.so.1.3.3
7f8f19456000-7f8f19457000 rw-p 00007000 08:01 29764576                   /usr/lib/x86_64-linux-gnu/libdatrie.so.1.3.3
7f8f19457000-7f8f1947a000 r-xp 00000000 08:01 29764583                   /usr/lib/x86_64-linux-gnu/libgraphite2.so.3.0.1
7f8f1947a000-7f8f19679000 ---p 00023000 08:01 29764583                   /usr/lib/x86_64-linux-gnu/libgraphite2.so.3.0.1
7f8f19679000-7f8f1967b000 r--p 00022000 08:01 29764583                   /usr/lib/x86_64-linux-gnu/libgraphite2.so.3.0.1
7f8f1967b000-7f8f1967c000 rw-p 00024000 08:01 29764583                   /usr/lib/x86_64-linux-gnu/libgraphite2.so.3.0.1
7f8f1967c000-7f8f19684000 r-xp 00000000 08:01 29764578                   /usr/lib/x86_64-linux-gnu/libthai.so.0.2.4
7f8f19684000-7f8f19883000 ---p 00008000 08:01 29764578                   /usr/lib/x86_64-linux-gnu/libthai.so.0.2.4
7f8f19883000-7f8f19884000 r--p 00007000 08:01 29764578                   /usr/lib/x86_64-linux-gnu/libthai.so.0.2.4
7f8f19884000-7f8f19885000 rw-p 00008000 08:01 29764578                   /usr/lib/x86_64-linux-gnu/libthai.so.0.2.4
7f8f19885000-7f8f198e1000 r-xp 00000000 08:01 29764586                   /usr/lib/x86_64-linux-gnu/libharfbuzz.so.0.10000.1
7f8f198e1000-7f8f19ae1000 ---p 0005c000 08:01 29764586                   /usr/lib/x86_64-linux-gnu/libharfbuzz.so.0.10000.1
7f8f19ae1000-7f8f19ae2000 r--p 0005c000 08:01 29764586                   /usr/lib/x86_64-linux-gnu/libharfbuzz.so.0.10000.1
7f8f19ae2000-7f8f19ae3000 rw-p 0005d000 08:01 29764586                   /usr/lib/x86_64-linux-gnu/libharfbuzz.so.0.10000.1
7f8f19ae3000-7f8f19b51000 r-xp 00000000 08:01 23330912                   /lib/x86_64-linux-gnu/libpcre.so.3.13.2
7f8f19b51000-7f8f19d51000 ---p 0006e000 08:01 23330912                   /lib/x86_64-linux-gnu/libpcre.so.3.13.2
7f8f19d51000-7f8f19d52000 r--p 0006e000 08:01 23330912                   /lib/x86_64-linux-gnu/libpcre.so.3.13.2
7f8f19d52000-7f8f19d53000 rw-p 0006f000 08:01 23330912                   /lib/x86_64-linux-gnu/libpcre.so.3.13.2
7f8f19d53000-7f8f19d6a000 r-xp 00000000 08:01 23331001                   /lib/x86_64-linux-gnu/libresolv-2.23.so
7f8f19d6a000-7f8f19f6a000 ---p 00017000 08:01 23331001                   /lib/x86_64-linux-gnu/libresolv-2.23.so
7f8f19f6a000-7f8f19f6b000 r--p 00017000 08:01 23331001                   /lib/x86_64-linux-gnu/libresolv-2.23.so
7f8f19f6b000-7f8f19f6c000 rw-p 00018000 08:01 23331001                   /lib/x86_64-linux-gnu/libresolv-2.23.so
7f8f19f6c000-7f8f19f6e000 rw-p 00000000 00:00 0 
7f8f19f6e000-7f8f19f8d000 r-xp 00000000 08:01 23330920                   /lib/x86_64-linux-gnu/libselinux.so.1
7f8f19f8d000-7f8f1a18c000 ---p 0001f000 08:01 23330920                   /lib/x86_64-linux-gnu/libselinux.so.1
7f8f1a18c000-7f8f1a18d000 r--p 0001e000 08:01 23330920                   /lib/x86_64-linux-gnu/libselinux.so.1
7f8f1a18d000-7f8f1a18e000 rw-p 0001f000 08:01 23330920                   /lib/x86_64-linux-gnu/libselinux.so.1
7f8f1a18e000-7f8f1a190000 rw-p 00000000 00:00 0 
7f8f1a190000-7f8f1a198000 r-xp 00000000 08:01 29764547                   /usr/lib/x86_64-linux-gnu/libxcb-render.so.0.0.0
7f8f1a198000-7f8f1a398000 ---p 00008000 08:01 29764547                   /usr/lib/x86_64-linux-gnu/libxcb-render.so.0.0.0
7f8f1a398000-7f8f1a399000 r--p 00008000 08:01 29764547                   /usr/lib/x86_64-linux-gnu/libxcb-render.so.0.0.0
7f8f1a399000-7f8f1a39a000 rw-p 00009000 08:01 29764547                   /usr/lib/x86_64-linux-gnu/libxcb-render.so.0.0.0
7f8f1a39a000-7f8f1a39c000 r-xp 00000000 08:01 29764549                   /usr/lib/x86_64-linux-gnu/libxcb-shm.so.0.0.0
7f8f1a39c000-7f8f1a59c000 ---p 00002000 08:01 29764549                   /usr/lib/x86_64-linux-gnu/libxcb-shm.so.0.0.0
7f8f1a59c000-7f8f1a59d000 r--p 00002000 08:01 29764549                   /usr/lib/x86_64-linux-gnu/libxcb-shm.so.0.0.0
7f8f1a59d000-7f8f1a59e000 rw-p 00003000 08:01 29764549                   /usr/lib/x86_64-linux-gnu/libxcb-shm.so.0.0.0
7f8f1a59e000-7f8f1a5c2000 r-xp 00000000 08:01 23331087                   /lib/x86_64-linux-gnu/libpng12.so.0.54.0
7f8f1a5c2000-7f8f1a7c1000 ---p 00024000 08:01 23331087                   /lib/x86_64-linux-gnu/libpng12.so.0.54.0
7f8f1a7c1000-7f8f1a7c2000 r--p 00023000 08:01 23331087                   /lib/x86_64-linux-gnu/libpng12.so.0.54.0
7f8f1a7c2000-7f8f1a7c3000 rw-p 00024000 08:01 23331087                   /lib/x86_64-linux-gnu/libpng12.so.0.54.0
7f8f1a7c3000-7f8f1a867000 r-xp 00000000 08:01 29759647                   /usr/lib/x86_64-linux-gnu/libfreetype.so.6.12.1
7f8f1a867000-7f8f1aa66000 ---p 000a4000 08:01 29759647                   /usr/lib/x86_64-linux-gnu/libfreetype.so.6.12.1
7f8f1aa66000-7f8f1aa6c000 r--p 000a3000 08:01 29759647                   /usr/lib/x86_64-linux-gnu/libfreetype.so.6.12.1
7f8f1aa6c000-7f8f1aa6d000 rw-p 000a9000 08:01 29759647                   /usr/lib/x86_64-linux-gnu/libfreetype.so.6.12.1
7f8f1aa6d000-7f8f1ab0c000 r-xp 00000000 08:01 29764545                   /usr/lib/x86_64-linux-gnu/libpixman-1.so.0.33.6
7f8f1ab0c000-7f8f1ad0c000 ---p 0009f000 08:01 29764545                   /usr/lib/x86_64-linux-gnu/libpixman-1.so.0.33.6
7f8f1ad0c000-7f8f1ad14000 r--p 0009f000 08:01 29764545                   /usr/lib/x86_64-linux-gnu/libpixman-1.so.0.33.6
7f8f1ad14000-7f8f1ad15000 rw-p 000a7000 08:01 29764545                   /usr/lib/x86_64-linux-gnu/libpixman-1.so.0.33.6
7f8f1ad15000-7f8f1ad17000 r-xp 00000000 08:01 29764718                   /usr/lib/x86_64-linux-gnu/libXcomposite.so.1.0.0
7f8f1ad17000-7f8f1af16000 ---p 00002000 08:01 29764718                   /usr/lib/x86_64-linux-gnu/libXcomposite.so.1.0.0
7f8f1af16000-7f8f1af17000 r--p 00001000 08:01 29764718                   /usr/lib/x86_64-linux-gnu/libXcomposite.so.1.0.0
7f8f1af17000-7f8f1af18000 rw-p 00002000 08:01 29764718                   /usr/lib/x86_64-linux-gnu/libXcomposite.so.1.0.0
7f8f1af18000-7f8f1af21000 r-xp 00000000 08:01 29764722                   /usr/lib/x86_64-linux-gnu/libXcursor.so.1.0.2
7f8f1af21000-7f8f1b120000 ---p 00009000 08:01 29764722                   /usr/lib/x86_64-linux-gnu/libXcursor.so.1.0.2
7f8f1b120000-7f8f1b121000 r--p 00008000 08:01 29764722                   /usr/lib/x86_64-linux-gnu/libXcursor.so.1.0.2
7f8f1b121000-7f8f1b122000 rw-p 00009000 08:01 29764722                   /usr/lib/x86_64-linux-gnu/libXcursor.so.1.0.2
7f8f1b122000-7f8f1b12c000 r-xp 00000000 08:01 29764730                   /usr/lib/x86_64-linux-gnu/libXrandr.so.2.2.0
7f8f1b12c000-7f8f1b32b000 ---p 0000a000 08:01 29764730                   /usr/lib/x86_64-linux-gnu/libXrandr.so.2.2.0
7f8f1b32b000-7f8f1b32c000 r--p 00009000 08:01 29764730                   /usr/lib/x86_64-linux-gnu/libXrandr.so.2.2.0
7f8f1b32c000-7f8f1b32d000 rw-p 0000a000 08:01 29764730                   /usr/lib/x86_64-linux-gnu/libXrandr.so.2.2.0
7f8f1b32d000-7f8f1b33c000 r-xp 00000000 08:01 29764726                   /usr/lib/x86_64-linux-gnu/libXi.so.6.1.0
7f8f1b33c000-7f8f1b53b000 ---p 0000f000 08:01 29764726                   /usr/lib/x86_64-linux-gnu/libXi.so.6.1.0
7f8f1b53b000-7f8f1b53c000 r--p 0000e000 08:01 29764726                   /usr/lib/x86_64-linux-gnu/libXi.so.6.1.0
7f8f1b53c000-7f8f1b53d000 rw-p 0000f000 08:01 29764726                   /usr/lib/x86_64-linux-gnu/libXi.so.6.1.0
7f8f1b53d000-7f8f1b53f000 r-xp 00000000 08:01 29764728                   /usr/lib/x86_64-linux-gnu/libXinerama.so.1.0.0
7f8f1b53f000-7f8f1b73e000 ---p 00002000 08:01 29764728                   /usr/lib/x86_64-linux-gnu/libXinerama.so.1.0.0
7f8f1b73e000-7f8f1b73f000 r--p 00001000 08:01 29764728                   /usr/lib/x86_64-linux-gnu/libXinerama.so.1.0.0
7f8f1b73f000-7f8f1b740000 rw-p 00002000 08:01 29764728                   /usr/lib/x86_64-linux-gnu/libXinerama.so.1.0.0
7f8f1b740000-7f8f1b749000 r-xp 00000000 08:01 29764551                   /usr/lib/x86_64-linux-gnu/libXrender.so.1.3.0
7f8f1b749000-7f8f1b948000 ---p 00009000 08:01 29764551                   /usr/lib/x86_64-linux-gnu/libXrender.so.1.3.0
7f8f1b948000-7f8f1b949000 r--p 00008000 08:01 29764551                   /usr/lib/x86_64-linux-gnu/libXrender.so.1.3.0
7f8f1b949000-7f8f1b94a000 rw-p 00009000 08:01 29764551                   /usr/lib/x86_64-linux-gnu/libXrender.so.1.3.0
7f8f1b94a000-7f8f1b987000 r-xp 00000000 08:01 29764542                   /usr/lib/x86_64-linux-gnu/libfontconfig.so.1.9.0
7f8f1b987000-7f8f1bb86000 ---p 0003d000 08:01 29764542                   /usr/lib/x86_64-linux-gnu/libfontconfig.so.1.9.0
7f8f1bb86000-7f8f1bb88000 r--p 0003c000 08:01 29764542                   /usr/lib/x86_64-linux-gnu/libfontconfig.so.1.9.0
7f8f1bb88000-7f8f1bb8d000 rw-p 0003e000 08:01 29764542                   /usr/lib/x86_64-linux-gnu/libfontconfig.so.1.9.0
7f8f1bb8d000-7f8f1bbd6000 r-xp 00000000 08:01 29764580                   /usr/lib/x86_64-linux-gnu/libpango-1.0.so.0.3800.1
7f8f1bbd6000-7f8f1bdd6000 ---p 00049000 08:01 29764580                   /usr/lib/x86_64-linux-gnu/libpango-1.0.so.0.3800.1
7f8f1bdd6000-7f8f1bdd8000 r--p 00049000 08:01 29764580                   /usr/lib/x86_64-linux-gnu/libpango-1.0.so.0.3800.1
7f8f1bdd8000-7f8f1bdd9000 rw-p 0004b000 08:01 29764580                   /usr/lib/x86_64-linux-gnu/libpango-1.0.so.0.3800.1
7f8f1bdd9000-7f8f1bded000 r-xp 00000000 08:01 29764588                   /usr/lib/x86_64-linux-gnu/libpangoft2-1.0.so.0.3800.1
7f8f1bded000-7f8f1bfed000 ---p 00014000 08:01 29764588                   /usr/lib/x86_64-linux-gnu/libpangoft2-1.0.so.0.3800.1
7f8f1bfed000-7f8f1bfee000 r--p 00014000 08:01 29764588                   /usr/lib/x86_64-linux-gnu/libpangoft2-1.0.so.0.3800.1
7f8f1bfee000-7f8f1bfef000 rw-p 00015000 08:01 29764588                   /usr/lib/x86_64-linux-gnu/libpangoft2-1.0.so.0.3800.1
7f8f1bfef000-7f8f1c011000 r-xp 00000000 08:01 29764621                   /usr/lib/x86_64-linux-gnu/libatk-1.0.so.0.21809.1
7f8f1c011000-7f8f1c210000 ---p 00022000 08:01 29764621                   /usr/lib/x86_64-linux-gnu/libatk-1.0.so.0.21809.1
7f8f1c210000-7f8f1c213000 r--p 00021000 08:01 29764621                   /usr/lib/x86_64-linux-gnu/libatk-1.0.so.0.21809.1
7f8f1c213000-7f8f1c214000 rw-p 00024000 08:01 29764621                   /usr/lib/x86_64-linux-gnu/libatk-1.0.so.0.21809.1
7f8f1c214000-7f8f1c220000 r-xp 00000000 08:01 29764590                   /usr/lib/x86_64-linux-gnu/libpangocairo-1.0.so.0.3800.1
7f8f1c220000-7f8f1c41f000 ---p 0000c000 08:01 29764590                   /usr/lib/x86_64-linux-gnu/libpangocairo-1.0.so.0.3800.1
7f8f1c41f000-7f8f1c420000 r--p 0000b000 08:01 29764590                   /usr/lib/x86_64-linux-gnu/libpangocairo-1.0.so.0.3800.1
7f8f1c420000-7f8f1c421000 rw-p 0000c000 08:01 29764590                   /usr/lib/x86_64-linux-gnu/libpangocairo-1.0.so.0.3800.1
7f8f1c421000-7f8f1c424000 r-xp 00000000 08:01 29757146                   /usr/lib/x86_64-linux-gnu/libgmodule-2.0.so.0.4800.1
7f8f1c424000-7f8f1c623000 ---p 00003000 08:01 29757146                   /usr/lib/x86_64-linux-gnu/libgmodule-2.0.so.0.4800.1
7f8f1c623000-7f8f1c624000 r--p 00002000 08:01 29757146                   /usr/lib/x86_64-linux-gnu/libgmodule-2.0.so.0.4800.1
7f8f1c624000-7f8f1c625000 rw-p 00003000 08:01 29757146                   /usr/lib/x86_64-linux-gnu/libgmodule-2.0.so.0.4800.1
7f8f1c625000-7f8f1c62a000 r-xp 00000000 08:01 29764831                   /usr/lib/x86_64-linux-gnu/libXtst.so.6.1.0
7f8f1c62a000-7f8f1c829000 ---p 00005000 08:01 29764831                   /usr/lib/x86_64-linux-gnu/libXtst.so.6.1.0
7f8f1c829000-7f8f1c82a000 r--p 00004000 08:01 29764831                   /usr/lib/x86_64-linux-gnu/libXtst.so.6.1.0
7f8f1c82a000-7f8f1c82b000 rw-p 00005000 08:01 29764831                   /usr/lib/x86_64-linux-gnu/libXtst.so.6.1.0
7f8f1c82b000-7f8f1c93a000 r-xp 00000000 08:01 23331026                   /lib/x86_64-linux-gnu/libglib-2.0.so.0.4800.1
7f8f1c93a000-7f8f1cb39000 ---p 0010f000 08:01 23331026                   /lib/x86_64-linux-gnu/libglib-2.0.so.0.4800.1
7f8f1cb39000-7f8f1cb3a000 r--p 0010e000 08:01 23331026                   /lib/x86_64-linux-gnu/libglib-2.0.so.0.4800.1
7f8f1cb3a000-7f8f1cb3b000 rw-p 0010f000 08:01 23331026                   /lib/x86_64-linux-gnu/libglib-2.0.so.0.4800.1
7f8f1cb3b000-7f8f1cb3c000 rw-p 00000000 00:00 0 
7f8f1cb3c000-7f8f1cb3d000 r-xp 00000000 08:01 29757145                   /usr/lib/x86_64-linux-gnu/libgthread-2.0.so.0.4800.1
7f8f1cb3d000-7f8f1cd3c000 ---p 00001000 08:01 29757145                   /usr/lib/x86_64-linux-gnu/libgthread-2.0.so.0.4800.1
7f8f1cd3c000-7f8f1cd3d000 r--p 00000000 08:01 29757145                   /usr/lib/x86_64-linux-gnu/libgthread-2.0.so.0.4800.1
7f8f1cd3d000-7f8f1cd3e000 rw-p 00001000 08:01 29757145                   /usr/lib/x86_64-linux-gnu/libgthread-2.0.so.0.4800.1
7f8f1cd3e000-7f8f1cd90000 r-xp 00000000 08:01 29757148                   /usr/lib/x86_64-linux-gnu/libgobject-2.0.so.0.4800.1
7f8f1cd90000-7f8f1cf8f000 ---p 00052000 08:01 29757148                   /usr/lib/x86_64-linux-gnu/libgobject-2.0.so.0.4800.1
7f8f1cf8f000-7f8f1cf90000 r--p 00051000 08:01 29757148                   /usr/lib/x86_64-linux-gnu/libgobject-2.0.so.0.4800.1
7f8f1cf90000-7f8f1cf91000 rw-p 00052000 08:01 29757148                   /usr/lib/x86_64-linux-gnu/libgobject-2.0.so.0.4800.1
7f8f1cf91000-7f8f1d111000 r-xp 00000000 08:01 29757147                   /usr/lib/x86_64-linux-gnu/libgio-2.0.so.0.4800.1
7f8f1d111000-7f8f1d311000 ---p 00180000 08:01 29757147                   /usr/lib/x86_64-linux-gnu/libgio-2.0.so.0.4800.1
7f8f1d311000-7f8f1d315000 r--p 00180000 08:01 29757147                   /usr/lib/x86_64-linux-gnu/libgio-2.0.so.0.4800.1
7f8f1d315000-7f8f1d317000 rw-p 00184000 08:01 29757147                   /usr/lib/x86_64-linux-gnu/libgio-2.0.so.0.4800.1
7f8f1d317000-7f8f1d319000 rw-p 00000000 00:00 0 
7f8f1d319000-7f8f1d427000 r-xp 00000000 08:01 29764553                   /usr/lib/x86_64-linux-gnu/libcairo.so.2.11400.6
7f8f1d427000-7f8f1d627000 ---p 0010e000 08:01 29764553                   /usr/lib/x86_64-linux-gnu/libcairo.so.2.11400.6
7f8f1d627000-7f8f1d62a000 r--p 0010e000 08:01 29764553                   /usr/lib/x86_64-linux-gnu/libcairo.so.2.11400.6
7f8f1d62a000-7f8f1d62b000 rw-p 00111000 08:01 29764553                   /usr/lib/x86_64-linux-gnu/libcairo.so.2.11400.6
7f8f1d62b000-7f8f1d62d000 rw-p 00000000 00:00 0 
7f8f1d62d000-7f8f1fb1f000 r-xp 00000000 08:01 29764704                   /usr/lib/x86_64-linux-gnu/libLLVM-3.8.so.1
7f8f1fb1f000-7f8f1fd1f000 ---p 024f2000 08:01 29764704                   /usr/lib/x86_64-linux-gnu/libLLVM-3.8.so.1
7f8f1fd1f000-7f8f1ffd4000 r--p 024f2000 08:01 29764704                   /usr/lib/x86_64-linux-gnu/libLLVM-3.8.so.1
7f8f1ffd4000-7f8f1ffd6000 rw-p 027a7000 08:01 29764704                   /usr/lib/x86_64-linux-gnu/libLLVM-3.8.so.1
7f8f1ffd6000-7f8f20000000 rw-p 00000000 00:00 0 
7f8f20000000-7f8f20661000 rw-p 00000000 00:00 0 
7f8f20661000-7f8f24000000 ---p 00000000 00:00 0 
7f8f24000000-7f8f24001000 r--s 00000000 08:01 1459408                    /var/cache/fontconfig/dc05db6664285cc2f12bf69c139ae4c3-le64.cache-6
7f8f24001000-7f8f24005000 r--s 00000000 08:01 1461937                    /var/cache/fontconfig/c57959a16110560c8d0fcea73374aeeb-le64.cache-6
7f8f24005000-7f8f24018000 r--s 00000000 08:01 1459401                    /var/cache/fontconfig/d52a8644073d54c13679302ca1180695-le64.cache-6
7f8f24018000-7f8f24023000 r--s 00000000 08:01 1459394                    /var/cache/fontconfig/d589a48862398ed80a3d6066f4f56f4c-le64.cache-6
7f8f24023000-7f8f24043000 r--s 00000000 08:01 1463650                    /var/cache/fontconfig/e13b20fdb08344e0e664864cc2ede53d-le64.cache-6
7f8f24043000-7f8f24064000 r-xp 00000000 08:01 29764537                   /usr/lib/x86_64-linux-gnu/libgdk_pixbuf-2.0.so.0.3200.2
7f8f24064000-7f8f24263000 ---p 00021000 08:01 29764537                   /usr/lib/x86_64-linux-gnu/libgdk_pixbuf-2.0.so.0.3200.2
7f8f24263000-7f8f24264000 r--p 00020000 08:01 29764537                   /usr/lib/x86_64-linux-gnu/libgdk_pixbuf-2.0.so.0.3200.2
7f8f24264000-7f8f24265000 rw-p 00021000 08:01 29764537                   /usr/lib/x86_64-linux-gnu/libgdk_pixbuf-2.0.so.0.3200.2
7f8f24265000-7f8f24315000 r-xp 00000000 08:01 29764897                   /usr/lib/x86_64-linux-gnu/libgdk-x11-2.0.so.0.2400.30
7f8f24315000-7f8f24514000 ---p 000b0000 08:01 29764897                   /usr/lib/x86_64-linux-gnu/libgdk-x11-2.0.so.0.2400.30
7f8f24514000-7f8f24518000 r--p 000af000 08:01 29764897                   /usr/lib/x86_64-linux-gnu/libgdk-x11-2.0.so.0.2400.30
7f8f24518000-7f8f2451a000 rw-p 000b3000 08:01 29764897                   /usr/lib/x86_64-linux-gnu/libgdk-x11-2.0.so.0.2400.30
7f8f2451a000-7f8f24958000 r-xp 00000000 08:01 29764898                   /usr/lib/x86_64-linux-gnu/libgtk-x11-2.0.so.0.2400.30
7f8f24958000-7f8f24b57000 ---p 0043e000 08:01 29764898                   /usr/lib/x86_64-linux-gnu/libgtk-x11-2.0.so.0.2400.30
7f8f24b57000-7f8f24b5e000 r--p 0043d000 08:01 29764898                   /usr/lib/x86_64-linux-gnu/libgtk-x11-2.0.so.0.2400.30
7f8f24b5e000-7f8f24b62000 rw-p 00444000 08:01 29764898                   /usr/lib/x86_64-linux-gnu/libgtk-x11-2.0.so.0.2400.30
7f8f24b62000-7f8f24b65000 rw-p 00000000 00:00 0 
7f8f24b65000-7f8f24b8d000 r-xp 00000000 08:01 3152130                    /usr/lib/jvm/java-8-openjdk-amd64/jre/lib/amd64/libglass.so
7f8f24b8d000-7f8f24d8d000 ---p 00028000 08:01 3152130                    /usr/lib/jvm/java-8-openjdk-amd64/jre/lib/amd64/libglass.so
7f8f24d8d000-7f8f24d8e000 r--p 00028000 08:01 3152130                    /usr/lib/jvm/java-8-openjdk-amd64/jre/lib/amd64/libglass.so
7f8f24d8e000-7f8f24d8f000 rw-p 00029000 08:01 3152130                    /usr/lib/jvm/java-8-openjdk-amd64/jre/lib/amd64/libglass.so
7f8f24d8f000-7f8f24dc6000 r-xp 00000000 08:01 29764833                   /usr/lib/x86_64-linux-gnu/libtxc_dxtn_s2tc.so.0.0.0
7f8f24dc6000-7f8f24fc5000 ---p 00037000 08:01 29764833                   /usr/lib/x86_64-linux-gnu/libtxc_dxtn_s2tc.so.0.0.0
7f8f24fc5000-7f8f24fc6000 r--p 00036000 08:01 29764833                   /usr/lib/x86_64-linux-gnu/libtxc_dxtn_s2tc.so.0.0.0
7f8f24fc6000-7f8f24fc7000 rw-p 00037000 08:01 29764833                   /usr/lib/x86_64-linux-gnu/libtxc_dxtn_s2tc.so.0.0.0
7f8f24fc7000-7f8f24fda000 r-xp 00000000 08:01 23331072                   /lib/x86_64-linux-gnu/libbsd.so.0.8.2
7f8f24fda000-7f8f251d9000 ---p 00013000 08:01 23331072                   /lib/x86_64-linux-gnu/libbsd.so.0.8.2
7f8f251d9000-7f8f251da000 r--p 00012000 08:01 23331072                   /lib/x86_64-linux-gnu/libbsd.so.0.8.2
7f8f251da000-7f8f251db000 rw-p 00013000 08:01 23331072                   /lib/x86_64-linux-gnu/libbsd.so.0.8.2
7f8f251db000-7f8f251dc000 rw-p 00000000 00:00 0 
7f8f251dc000-7f8f25201000 r-xp 00000000 08:01 23330928                   /lib/x86_64-linux-gnu/libtinfo.so.5.9
7f8f25201000-7f8f25400000 ---p 00025000 08:01 23330928                   /lib/x86_64-linux-gnu/libtinfo.so.5.9
7f8f25400000-7f8f25404000 r--p 00024000 08:01 23330928                   /lib/x86_64-linux-gnu/libtinfo.so.5.9
7f8f25404000-7f8f25405000 rw-p 00028000 08:01 23330928                   /lib/x86_64-linux-gnu/libtinfo.so.5.9
7f8f25405000-7f8f25436000 r-xp 00000000 08:01 29759366                   /usr/lib/x86_64-linux-gnu/libedit.so.2.0.53
7f8f25436000-7f8f25636000 ---p 00031000 08:01 29759366                   /usr/lib/x86_64-linux-gnu/libedit.so.2.0.53
7f8f25636000-7f8f25638000 r--p 00031000 08:01 29759366                   /usr/lib/x86_64-linux-gnu/libedit.so.2.0.53
7f8f25638000-7f8f25639000 rw-p 00033000 08:01 29759366                   /usr/lib/x86_64-linux-gnu/libedit.so.2.0.53
7f8f25639000-7f8f2563d000 rw-p 00000000 00:00 0 
7f8f2563d000-7f8f25644000 r-xp 00000000 08:01 29757991                   /usr/lib/x86_64-linux-gnu/libffi.so.6.0.4
7f8f25644000-7f8f25843000 ---p 00007000 08:01 29757991                   /usr/lib/x86_64-linux-gnu/libffi.so.6.0.4
7f8f25843000-7f8f25844000 r--p 00006000 08:01 29757991                   /usr/lib/x86_64-linux-gnu/libffi.so.6.0.4
7f8f25844000-7f8f25845000 rw-p 00007000 08:01 29757991                   /usr/lib/x86_64-linux-gnu/libffi.so.6.0.4
7f8f25845000-7f8f2585c000 r-xp 00000000 08:01 29764702                   /usr/lib/x86_64-linux-gnu/libelf-0.165.so
7f8f2585c000-7f8f25a5b000 ---p 00017000 08:01 29764702                   /usr/lib/x86_64-linux-gnu/libelf-0.165.so
7f8f25a5b000-7f8f25a5c000 r--p 00016000 08:01 29764702                   /usr/lib/x86_64-linux-gnu/libelf-0.165.so
7f8f25a5c000-7f8f25a5d000 rw-p 00017000 08:01 29764702                   /usr/lib/x86_64-linux-gnu/libelf-0.165.so
7f8f25a5d000-7f8f25a64000 r-xp 00000000 08:01 29764691                   /usr/lib/x86_64-linux-gnu/libdrm_amdgpu.so.1.0.0
7f8f25a64000-7f8f25c63000 ---p 00007000 08:01 29764691                   /usr/lib/x86_64-linux-gnu/libdrm_amdgpu.so.1.0.0
7f8f25c63000-7f8f25c64000 r--p 00006000 08:01 29764691                   /usr/lib/x86_64-linux-gnu/libdrm_amdgpu.so.1.0.0
7f8f25c64000-7f8f25c65000 rw-p 00007000 08:01 29764691                   /usr/lib/x86_64-linux-gnu/libdrm_amdgpu.so.1.0.0
7f8f25c65000-7f8f25c70000 r-xp 00000000 08:01 29764700                   /usr/lib/x86_64-linux-gnu/libdrm_radeon.so.1.0.1
7f8f25c70000-7f8f25e6f000 ---p 0000b000 08:01 29764700                   /usr/lib/x86_64-linux-gnu/libdrm_radeon.so.1.0.1
7f8f25e6f000-7f8f25e70000 r--p 0000a000 08:01 29764700                   /usr/lib/x86_64-linux-gnu/libdrm_radeon.so.1.0.1
7f8f25e70000-7f8f25e71000 rw-p 0000b000 08:01 29764700                   /usr/lib/x86_64-linux-gnu/libdrm_radeon.so.1.0.1
7f8f25e71000-7f8f25e78000 r-xp 00000000 08:01 29764697                   /usr/lib/x86_64-linux-gnu/libdrm_nouveau.so.2.0.0
7f8f25e78000-7f8f26077000 ---p 00007000 08:01 29764697                   /usr/lib/x86_64-linux-gnu/libdrm_nouveau.so.2.0.0
7f8f26077000-7f8f26078000 r--p 00006000 08:01 29764697                   /usr/lib/x86_64-linux-gnu/libdrm_nouveau.so.2.0.0
7f8f26078000-7f8f26079000 rw-p 00007000 08:01 29764697                   /usr/lib/x86_64-linux-gnu/libdrm_nouveau.so.2.0.0
7f8f26079000-7f8f26940000 r-xp 00000000 08:01 29764708                   /usr/lib/x86_64-linux-gnu/dri/nouveau_dri.so
7f8f26940000-7f8f26b3f000 ---p 008c7000 08:01 29764708                   /usr/lib/x86_64-linux-gnu/dri/nouveau_dri.so
7f8f26b3f000-7f8f26bb3000 r--p 008c6000 08:01 29764708                   /usr/lib/x86_64-linux-gnu/dri/nouveau_dri.so
7f8f26bb3000-7f8f26bc2000 rw-p 0093a000 08:01 29764708                   /usr/lib/x86_64-linux-gnu/dri/nouveau_dri.so
7f8f26bc2000-7f8f26db8000 rw-p 00000000 00:00 0 
7f8f26db8000-7f8f26dbd000 r-xp 00000000 08:01 29759124                   /usr/lib/x86_64-linux-gnu/libXdmcp.so.6.0.0
7f8f26dbd000-7f8f26fbc000 ---p 00005000 08:01 29759124                   /usr/lib/x86_64-linux-gnu/libXdmcp.so.6.0.0
7f8f26fbc000-7f8f26fbd000 r--p 00004000 08:01 29759124                   /usr/lib/x86_64-linux-gnu/libXdmcp.so.6.0.0
7f8f26fbd000-7f8f26fbe000 rw-p 00005000 08:01 29759124                   /usr/lib/x86_64-linux-gnu/libXdmcp.so.6.0.0
7f8f26fbe000-7f8f26fc0000 r-xp 00000000 08:01 29759119                   /usr/lib/x86_64-linux-gnu/libXau.so.6.0.0
7f8f26fc0000-7f8f271c0000 ---p 00002000 08:01 29759119                   /usr/lib/x86_64-linux-gnu/libXau.so.6.0.0
7f8f271c0000-7f8f271c1000 r--p 00002000 08:01 29759119                   /usr/lib/x86_64-linux-gnu/libXau.so.6.0.0
7f8f271c1000-7f8f271c2000 rw-p 00003000 08:01 29759119                   /usr/lib/x86_64-linux-gnu/libXau.so.6.0.0
7f8f271c2000-7f8f271d0000 r-xp 00000000 08:01 29764119                   /usr/lib/x86_64-linux-gnu/libdrm.so.2.4.0
7f8f271d0000-7f8f273cf000 ---p 0000e000 08:01 29764119                   /usr/lib/x86_64-linux-gnu/libdrm.so.2.4.0
7f8f273cf000-7f8f273d0000 r--p 0000d000 08:01 29764119                   /usr/lib/x86_64-linux-gnu/libdrm.so.2.4.0
7f8f273d0000-7f8f273d1000 rw-p 0000e000 08:01 29764119                   /usr/lib/x86_64-linux-gnu/libdrm.so.2.4.0
7f8f273d1000-7f8f273d6000 r-xp 00000000 08:01 29765530                   /usr/lib/x86_64-linux-gnu/libXxf86vm.so.1.0.0
7f8f273d6000-7f8f275d5000 ---p 00005000 08:01 29765530                   /usr/lib/x86_64-linux-gnu/libXxf86vm.so.1.0.0
7f8f275d5000-7f8f275d6000 r--p 00004000 08:01 29765530                   /usr/lib/x86_64-linux-gnu/libXxf86vm.so.1.0.0
7f8f275d6000-7f8f275d7000 rw-p 00005000 08:01 29765530                   /usr/lib/x86_64-linux-gnu/libXxf86vm.so.1.0.0
7f8f275d7000-7f8f275db000 r-xp 00000000 08:01 29764679                   /usr/lib/x86_64-linux-gnu/libxcb-dri2.so.0.0.0
7f8f275db000-7f8f277da000 ---p 00004000 08:01 29764679                   /usr/lib/x86_64-linux-gnu/libxcb-dri2.so.0.0.0
7f8f277da000-7f8f277db000 r--p 00003000 08:01 29764679                   /usr/lib/x86_64-linux-gnu/libxcb-dri2.so.0.0.0
7f8f277db000-7f8f277dc000 rw-p 00004000 08:01 29764679                   /usr/lib/x86_64-linux-gnu/libxcb-dri2.so.0.0.0
7f8f277dc000-7f8f277f3000 r-xp 00000000 08:01 29765528                   /usr/lib/x86_64-linux-gnu/libxcb-glx.so.0.0.0
7f8f277f3000-7f8f279f2000 ---p 00017000 08:01 29765528                   /usr/lib/x86_64-linux-gnu/libxcb-glx.so.0.0.0
7f8f279f2000-7f8f279f4000 r--p 00016000 08:01 29765528                   /usr/lib/x86_64-linux-gnu/libxcb-glx.so.0.0.0
7f8f279f4000-7f8f279f5000 rw-p 00018000 08:01 29765528                   /usr/lib/x86_64-linux-gnu/libxcb-glx.so.0.0.0
7f8f279f5000-7f8f279f6000 r-xp 00000000 08:01 29764677                   /usr/lib/x86_64-linux-gnu/libX11-xcb.so.1.0.0
7f8f279f6000-7f8f27bf5000 ---p 00001000 08:01 29764677                   /usr/lib/x86_64-linux-gnu/libX11-xcb.so.1.0.0
7f8f27bf5000-7f8f27bf6000 r--p 00000000 08:01 29764677                   /usr/lib/x86_64-linux-gnu/libX11-xcb.so.1.0.0
7f8f27bf6000-7f8f27bf7000 rw-p 00001000 08:01 29764677                   /usr/lib/x86_64-linux-gnu/libX11-xcb.so.1.0.0
7f8f27bf7000-7f8f27bfc000 r-xp 00000000 08:01 29764720                   /usr/lib/x86_64-linux-gnu/libXfixes.so.3.1.0
7f8f27bfc000-7f8f27dfb000 ---p 00005000 08:01 29764720                   /usr/lib/x86_64-linux-gnu/libXfixes.so.3.1.0
7f8f27dfb000-7f8f27dfc000 r--p 00004000 08:01 29764720                   /usr/lib/x86_64-linux-gnu/libXfixes.so.3.1.0
7f8f27dfc000-7f8f27dfd000 rw-p 00005000 08:01 29764720                   /usr/lib/x86_64-linux-gnu/libXfixes.so.3.1.0
7f8f27dfd000-7f8f27dff000 r-xp 00000000 08:01 29764724                   /usr/lib/x86_64-linux-gnu/libXdamage.so.1.1.0
7f8f27dff000-7f8f27ffe000 ---p 00002000 08:01 29764724                   /usr/lib/x86_64-linux-gnu/libXdamage.so.1.1.0
7f8f27ffe000-7f8f27fff000 r--p 00001000 08:01 29764724                   /usr/lib/x86_64-linux-gnu/libXdamage.so.1.1.0
7f8f27fff000-7f8f28000000 rw-p 00002000 08:01 29764724                   /usr/lib/x86_64-linux-gnu/libXdamage.so.1.1.0
7f8f28000000-7f8f28021000 rw-p 00000000 00:00 0 
7f8f28021000-7f8f2c000000 ---p 00000000 00:00 0 
7f8f2c000000-7f8f2c205000 rw-p 00000000 00:00 0 
7f8f2c205000-7f8f30000000 ---p 00000000 00:00 0 
7f8f30000000-7f8f30460000 rw-p 00000000 00:00 0 
7f8f30460000-7f8f34000000 ---p 00000000 00:00 0 
7f8f34000000-7f8f34021000 rw-p 00000000 00:00 0 
7f8f34021000-7f8f38000000 ---p 00000000 00:00 0 
7f8f38000000-7f8f38b50000 rw-p 00000000 00:00 0 
7f8f38b50000-7f8f3c000000 ---p 00000000 00:00 0 
7f8f3c000000-7f8f3c778000 rw-p 00000000 00:00 0 
7f8f3c778000-7f8f40000000 ---p 00000000 00:00 0 
7f8f40000000-7f8f40021000 rw-p 00000000 00:00 0 
7f8f40021000-7f8f44000000 ---p 00000000 00:00 0 
7f8f44000000-7f8f44021000 rw-p 00000000 00:00 0 
7f8f44021000-7f8f48000000 ---p 00000000 00:00 0 
7f8f48000000-7f8f48021000 rw-p 00000000 00:00 0 
7f8f48021000-7f8f4c000000 ---p 00000000 00:00 0 
7f8f4c000000-7f8f4c021000 rw-p 00000000 00:00 0 
7f8f4c021000-7f8f50000000 ---p 00000000 00:00 0 
7f8f50000000-7f8f50021000 rw-p 00000000 00:00 0 
7f8f50021000-7f8f54000000 ---p 00000000 00:00 0 
7f8f54000000-7f8f54021000 rw-p 00000000 00:00 0 
7f8f54021000-7f8f58000000 ---p 00000000 00:00 0 
7f8f58000000-7f8f58021000 rw-p 00000000 00:00 0 
7f8f58021000-7f8f5c000000 ---p 00000000 00:00 0 
7f8f5c000000-7f8f5c001000 r--s 00000000 08:01 1459406                    /var/cache/fontconfig/4794a0821666d79190d59a36cb4f44b5-le64.cache-6
7f8f5c001000-7f8f5c002000 r--s 00000000 08:01 1459404                    /var/cache/fontconfig/bab58bb527bb656aaa9f116d68a48d89-le64.cache-6
7f8f5c002000-7f8f5c00d000 r--s 00000000 08:01 1459397                    /var/cache/fontconfig/83bf95040141907cd45bb53cf7c1c148-le64.cache-6
7f8f5c00d000-7f8f5c01e000 r-xp 00000000 08:01 29759206                   /usr/lib/x86_64-linux-gnu/libXext.so.6.4.0
7f8f5c01e000-7f8f5c21d000 ---p 00011000 08:01 29759206                   /usr/lib/x86_64-linux-gnu/libXext.so.6.4.0
7f8f5c21d000-7f8f5c21e000 r--p 00010000 08:01 29759206                   /usr/lib/x86_64-linux-gnu/libXext.so.6.4.0
7f8f5c21e000-7f8f5c21f000 rw-p 00011000 08:01 29759206                   /usr/lib/x86_64-linux-gnu/libXext.so.6.4.0
7f8f5c21f000-7f8f5c5fc000 rw-p 00000000 00:00 0 
7f8f5c5fc000-7f8f5c5fd000 r--s 00000000 08:01 1459402                    /var/cache/fontconfig/56cf4f4769d0f4abc89a4895d7bd3ae1-le64.cache-6
7f8f5c5fd000-7f8f5c603000 r--s 00000000 08:01 1457021                    /var/cache/fontconfig/b47c4e1ecd0709278f4910c18777a504-le64.cache-6
7f8f5c603000-7f8f5c606000 r--s 00000000 08:01 1463568                    /var/cache/fontconfig/e49e89034d371f0f9de17aab02136486-le64.cache-6
7f8f5c606000-7f8f5c618000 r--s 00000000 08:01 1459396                    /var/cache/fontconfig/9b89f8e3dae116d678bbf48e5f21f69b-le64.cache-6
7f8f5c618000-7f8f5c643000 r--p 00000000 08:01 791772                     /usr/share/locale-langpack/fr/LC_MESSAGES/gtk20-properties.mo
7f8f5c643000-7f8f5c652000 r--p 00000000 08:01 791778                     /usr/share/locale-langpack/fr/LC_MESSAGES/gtk20.mo
7f8f5c652000-7f8f5c6d2000 rw-s 108fec000 00:06 360                       /dev/dri/card0
7f8f5c6d2000-7f8f5c6f0000 r-xp 00000000 08:01 23331108                   /lib/x86_64-linux-gnu/libudev.so.1.6.4
7f8f5c6f0000-7f8f5c6f1000 r--p 0001d000 08:01 23331108                   /lib/x86_64-linux-gnu/libudev.so.1.6.4
7f8f5c6f1000-7f8f5c6f2000 rw-p 0001e000 08:01 23331108                   /lib/x86_64-linux-gnu/libudev.so.1.6.4
7f8f5c6f2000-7f8f5c71b000 r-xp 00000000 08:01 29765525                   /usr/lib/x86_64-linux-gnu/libglapi.so.0.0.0
7f8f5c71b000-7f8f5c91a000 ---p 00029000 08:01 29765525                   /usr/lib/x86_64-linux-gnu/libglapi.so.0.0.0
7f8f5c91a000-7f8f5c91e000 r--p 00028000 08:01 29765525                   /usr/lib/x86_64-linux-gnu/libglapi.so.0.0.0
7f8f5c91e000-7f8f5c91f000 rw-p 0002c000 08:01 29765525                   /usr/lib/x86_64-linux-gnu/libglapi.so.0.0.0
7f8f5c91f000-7f8f5c920000 rw-p 00000000 00:00 0 
7f8f5c920000-7f8f5c921000 r-xp 00000000 08:01 29764689                   /usr/lib/x86_64-linux-gnu/libxshmfence.so.1.0.0
7f8f5c921000-7f8f5cb21000 ---p 00001000 08:01 29764689                   /usr/lib/x86_64-linux-gnu/libxshmfence.so.1.0.0
7f8f5cb21000-7f8f5cb22000 r--p 00001000 08:01 29764689                   /usr/lib/x86_64-linux-gnu/libxshmfence.so.1.0.0
7f8f5cb22000-7f8f5cb23000 rw-p 00002000 08:01 29764689                   /usr/lib/x86_64-linux-gnu/libxshmfence.so.1.0.0
7f8f5cb23000-7f8f5cb28000 r-xp 00000000 08:01 29764685                   /usr/lib/x86_64-linux-gnu/libxcb-sync.so.1.0.0
7f8f5cb28000-7f8f5cd28000 ---p 00005000 08:01 29764685                   /usr/lib/x86_64-linux-gnu/libxcb-sync.so.1.0.0
7f8f5cd28000-7f8f5cd29000 r--p 00005000 08:01 29764685                   /usr/lib/x86_64-linux-gnu/libxcb-sync.so.1.0.0
7f8f5cd29000-7f8f5cd2a000 rw-p 00006000 08:01 29764685                   /usr/lib/x86_64-linux-gnu/libxcb-sync.so.1.0.0
7f8f5cd2a000-7f8f5cd2c000 r-xp 00000000 08:01 29764683                   /usr/lib/x86_64-linux-gnu/libxcb-present.so.0.0.0
7f8f5cd2c000-7f8f5cf2b000 ---p 00002000 08:01 29764683                   /usr/lib/x86_64-linux-gnu/libxcb-present.so.0.0.0
7f8f5cf2b000-7f8f5cf2c000 r--p 00001000 08:01 29764683                   /usr/lib/x86_64-linux-gnu/libxcb-present.so.0.0.0
7f8f5cf2c000-7f8f5cf2d000 rw-p 00002000 08:01 29764683                   /usr/lib/x86_64-linux-gnu/libxcb-present.so.0.0.0
7f8f5cf2d000-7f8f5cf2f000 r-xp 00000000 08:01 29764681                   /usr/lib/x86_64-linux-gnu/libxcb-dri3.so.0.0.0
7f8f5cf2f000-7f8f5d12e000 ---p 00002000 08:01 29764681                   /usr/lib/x86_64-linux-gnu/libxcb-dri3.so.0.0.0
7f8f5d12e000-7f8f5d12f000 r--p 00001000 08:01 29764681                   /usr/lib/x86_64-linux-gnu/libxcb-dri3.so.0.0.0
7f8f5d12f000-7f8f5d130000 rw-p 00002000 08:01 29764681                   /usr/lib/x86_64-linux-gnu/libxcb-dri3.so.0.0.0
7f8f5d130000-7f8f5d156000 r-xp 00000000 08:01 23330880                   /lib/x86_64-linux-gnu/libexpat.so.1.6.0
7f8f5d156000-7f8f5d356000 ---p 00026000 08:01 23330880                   /lib/x86_64-linux-gnu/libexpat.so.1.6.0
7f8f5d356000-7f8f5d358000 r--p 00026000 08:01 23330880                   /lib/x86_64-linux-gnu/libexpat.so.1.6.0
7f8f5d358000-7f8f5d359000 rw-p 00028000 08:01 23330880                   /lib/x86_64-linux-gnu/libexpat.so.1.6.0
7f8f5d359000-7f8f5d37a000 r-xp 00000000 08:01 29759140                   /usr/lib/x86_64-linux-gnu/libxcb.so.1.1.0
7f8f5d37a000-7f8f5d579000 ---p 00021000 08:01 29759140                   /usr/lib/x86_64-linux-gnu/libxcb.so.1.1.0
7f8f5d579000-7f8f5d57a000 r--p 00020000 08:01 29759140                   /usr/lib/x86_64-linux-gnu/libxcb.so.1.1.0
7f8f5d57a000-7f8f5d57b000 rw-p 00021000 08:01 29759140                   /usr/lib/x86_64-linux-gnu/libxcb.so.1.1.0
7f8f5d57b000-7f8f5d5e8000 r-xp 00000000 08:01 395142                     /usr/lib/x86_64-linux-gnu/mesa/libGL.so.1.2.0
7f8f5d5e8000-7f8f5d7e7000 ---p 0006d000 08:01 395142                     /usr/lib/x86_64-linux-gnu/mesa/libGL.so.1.2.0
7f8f5d7e7000-7f8f5d7ea000 r--p 0006c000 08:01 395142                     /usr/lib/x86_64-linux-gnu/mesa/libGL.so.1.2.0
7f8f5d7ea000-7f8f5d7eb000 rw-p 0006f000 08:01 395142                     /usr/lib/x86_64-linux-gnu/mesa/libGL.so.1.2.0
7f8f5d7eb000-7f8f5d7ec000 rw-p 00000000 00:00 0 
7f8f5d7ec000-7f8f5d921000 r-xp 00000000 08:01 29759183                   /usr/lib/x86_64-linux-gnu/libX11.so.6.3.0
7f8f5d921000-7f8f5db21000 ---p 00135000 08:01 29759183                   /usr/lib/x86_64-linux-gnu/libX11.so.6.3.0
7f8f5db21000-7f8f5db22000 r--p 00135000 08:01 29759183                   /usr/lib/x86_64-linux-gnu/libX11.so.6.3.0
7f8f5db22000-7f8f5db26000 rw-p 00136000 08:01 29759183                   /usr/lib/x86_64-linux-gnu/libX11.so.6.3.0
7f8f5db26000-7f8f5db28000 r--s 00000000 08:01 1463563                    /var/cache/fontconfig/4b14b093aebc79c320de5e86ae1d3314-le64.cache-6
7f8f5db28000-7f8f5db4e000 r--p 00000000 08:01 788339                     /usr/share/locale-langpack/fr/LC_MESSAGES/libc.mo
7f8f5db4e000-7f8f5db5a000 r-xp 00000000 08:01 3152128                    /usr/lib/jvm/java-8-openjdk-amd64/jre/lib/amd64/libprism_es2.so
7f8f5db5a000-7f8f5dd59000 ---p 0000c000 08:01 3152128                    /usr/lib/jvm/java-8-openjdk-amd64/jre/lib/amd64/libprism_es2.so
7f8f5dd59000-7f8f5dd5a000 r--p 0000b000 08:01 3152128                    /usr/lib/jvm/java-8-openjdk-amd64/jre/lib/amd64/libprism_es2.so
7f8f5dd5a000-7f8f5dd5b000 rw-p 0000c000 08:01 3152128                    /usr/lib/jvm/java-8-openjdk-amd64/jre/lib/amd64/libprism_es2.so
7f8f5dd5b000-7f8f5dd5e000 ---p 00000000 00:00 0 
7f8f5dd5e000-7f8f5de5c000 rw-p 00000000 00:00 0 
7f8f5de5c000-7f8f5de5f000 ---p 00000000 00:00 0 
7f8f5de5f000-7f8f5df5d000 rw-p 00000000 00:00 0 
7f8f5df5d000-7f8f5df78000 r--s 001d5000 08:01 3149544                    /usr/lib/jvm/java-8-openjdk-amd64/jre/lib/ext/nashorn.jar
7f8f5df78000-7f8f5e00e000 r--s 008d7000 08:01 933009                     /usr/share/java/openjfx/jre/lib/ext/jfxrt.jar
7f8f5e00e000-7f8f5e00f000 ---p 00000000 00:00 0 
7f8f5e00f000-7f8f5e10f000 rw-p 00000000 00:00 0 
7f8f5e10f000-7f8f5e112000 ---p 00000000 00:00 0 
7f8f5e112000-7f8f5e210000 rw-p 00000000 00:00 0 
7f8f5e210000-7f8f5e213000 ---p 00000000 00:00 0 
7f8f5e213000-7f8f5e311000 rw-p 00000000 00:00 0 
7f8f5e311000-7f8f5e314000 ---p 00000000 00:00 0 
7f8f5e314000-7f8f5e412000 rw-p 00000000 00:00 0 
7f8f5e412000-7f8f5e415000 ---p 00000000 00:00 0 
7f8f5e415000-7f8f5e513000 rw-p 00000000 00:00 0 
7f8f5e513000-7f8f5e516000 ---p 00000000 00:00 0 
7f8f5e516000-7f8f5e614000 rw-p 00000000 00:00 0 
7f8f5e614000-7f8f5e8f1000 r--p 00000000 08:01 29756852                   /usr/lib/locale/locale-archive
7f8f5e8f1000-7f8f5e8f4000 ---p 00000000 00:00 0 
7f8f5e8f4000-7f8f5e9f2000 rw-p 00000000 00:00 0 
7f8f5e9f2000-7f8f5e9f5000 ---p 00000000 00:00 0 
7f8f5e9f5000-7f8f5eaf3000 rw-p 00000000 00:00 0 
7f8f5eaf3000-7f8f5eaf4000 ---p 00000000 00:00 0 
7f8f5eaf4000-7f8f60000000 rw-p 00000000 00:00 0 
7f8f60000000-7f8f60021000 rw-p 00000000 00:00 0 
7f8f60021000-7f8f64000000 ---p 00000000 00:00 0 
7f8f64000000-7f8f64001000 r--s 00000000 08:01 1457022                    /var/cache/fontconfig/b9d506c9ac06c20b433354fa67a72993-le64.cache-6
7f8f64001000-7f8f64002000 r--s 00000000 08:01 1459400                    /var/cache/fontconfig/551ecf3b0e8b0bca0f25c0944f561853-le64.cache-6
7f8f64002000-7f8f6400b000 r--s 00000000 08:01 1461982                    /var/cache/fontconfig/d0972c3d32f097851eb916381fc38920-le64.cache-6
7f8f6400b000-7f8f64026000 r--s 00394000 08:01 3149543                    /usr/lib/jvm/java-8-openjdk-amd64/jre/lib/ext/cldrdata.jar
7f8f64026000-7f8f643b8000 rw-p 00000000 00:00 0 
7f8f643b8000-7f8f64586000 r--s 03bf1000 08:01 3149563                    /usr/lib/jvm/java-8-openjdk-amd64/jre/lib/rt.jar
7f8f64586000-7f8f683cc000 rw-p 00000000 00:00 0 
7f8f683cc000-7f8f683cd000 ---p 00000000 00:00 0 
7f8f683cd000-7f8f684cd000 rw-p 00000000 00:00 0 
7f8f684cd000-7f8f684ce000 ---p 00000000 00:00 0 
7f8f684ce000-7f8f685f8000 rw-p 00000000 00:00 0 
7f8f685f8000-7f8f68862000 ---p 00000000 00:00 0 
7f8f68862000-7f8f6888c000 rw-p 00000000 00:00 0 
7f8f6888c000-7f8f68af5000 ---p 00000000 00:00 0 
7f8f68af5000-7f8f68b18000 rw-p 00000000 00:00 0 
7f8f68b18000-7f8f68c3f000 ---p 00000000 00:00 0 
7f8f68c3f000-7f8f68c5b000 rw-p 00000000 00:00 0 
7f8f68c5b000-7f8f69000000 ---p 00000000 00:00 0 
7f8f69000000-7f8f696c0000 rwxp 00000000 00:00 0 
7f8f696c0000-7f8f78000000 ---p 00000000 00:00 0 
7f8f78000000-7f8f781e3000 rw-p 00000000 00:00 0 
7f8f781e3000-7f8f7c000000 ---p 00000000 00:00 0 
7f8f7c000000-7f8f7c001000 r--s 00000000 08:01 1461865                    /var/cache/fontconfig/8a687c406b77f27d99abfeeba937fcce-le64.cache-6
7f8f7c001000-7f8f7c004000 r--s 00000000 08:01 1459398                    /var/cache/fontconfig/75114ca45c98e8a441da0ff356701271-le64.cache-6
7f8f7c004000-7f8f7c008000 r--s 00000000 08:01 1461868                    /var/cache/fontconfig/7ef2298fde41cc6eeb7af42e48b7d293-le64.cache-6
7f8f7c008000-7f8f7c00b000 r--p 00000000 08:01 791765                     /usr/share/locale-langpack/fr/LC_MESSAGES/atk10.mo
7f8f7c00b000-7f8f7c087000 rw-p 00000000 00:00 0 
7f8f7c087000-7f8f7c088000 ---p 00000000 00:00 0 
7f8f7c088000-7f8f7c188000 rw-p 00000000 00:00 0 
7f8f7c188000-7f8f7c189000 ---p 00000000 00:00 0 
7f8f7c189000-7f8f7c289000 rw-p 00000000 00:00 0 
7f8f7c289000-7f8f7c291000 r-xp 00000000 08:01 3149517                    /usr/lib/jvm/java-8-openjdk-amd64/jre/lib/amd64/libzip.so
7f8f7c291000-7f8f7c490000 ---p 00008000 08:01 3149517                    /usr/lib/jvm/java-8-openjdk-amd64/jre/lib/amd64/libzip.so
7f8f7c490000-7f8f7c491000 r--p 00007000 08:01 3149517                    /usr/lib/jvm/java-8-openjdk-amd64/jre/lib/amd64/libzip.so
7f8f7c491000-7f8f7c492000 rw-p 00008000 08:01 3149517                    /usr/lib/jvm/java-8-openjdk-amd64/jre/lib/amd64/libzip.so
7f8f7c492000-7f8f7c4bf000 r-xp 00000000 08:01 3149510                    /usr/lib/jvm/java-8-openjdk-amd64/jre/lib/amd64/libjava.so
7f8f7c4bf000-7f8f7c6be000 ---p 0002d000 08:01 3149510                    /usr/lib/jvm/java-8-openjdk-amd64/jre/lib/amd64/libjava.so
7f8f7c6be000-7f8f7c6bf000 r--p 0002c000 08:01 3149510                    /usr/lib/jvm/java-8-openjdk-amd64/jre/lib/amd64/libjava.so
7f8f7c6bf000-7f8f7c6c1000 rw-p 0002d000 08:01 3149510                    /usr/lib/jvm/java-8-openjdk-amd64/jre/lib/amd64/libjava.so
7f8f7c6c1000-7f8f7c6d0000 r-xp 00000000 08:01 3149515                    /usr/lib/jvm/java-8-openjdk-amd64/jre/lib/amd64/libverify.so
7f8f7c6d0000-7f8f7c8cf000 ---p 0000f000 08:01 3149515                    /usr/lib/jvm/java-8-openjdk-amd64/jre/lib/amd64/libverify.so
7f8f7c8cf000-7f8f7c8d1000 r--p 0000e000 08:01 3149515                    /usr/lib/jvm/java-8-openjdk-amd64/jre/lib/amd64/libverify.so
7f8f7c8d1000-7f8f7c8d2000 rw-p 00010000 08:01 3149515                    /usr/lib/jvm/java-8-openjdk-amd64/jre/lib/amd64/libverify.so
7f8f7c8d2000-7f8f7c8d9000 r-xp 00000000 08:01 23331006                   /lib/x86_64-linux-gnu/librt-2.23.so
7f8f7c8d9000-7f8f7cad8000 ---p 00007000 08:01 23331006                   /lib/x86_64-linux-gnu/librt-2.23.so
7f8f7cad8000-7f8f7cad9000 r--p 00006000 08:01 23331006                   /lib/x86_64-linux-gnu/librt-2.23.so
7f8f7cad9000-7f8f7cada000 rw-p 00007000 08:01 23331006                   /lib/x86_64-linux-gnu/librt-2.23.so
7f8f7cada000-7f8f7caf0000 r-xp 00000000 08:01 23330881                   /lib/x86_64-linux-gnu/libgcc_s.so.1
7f8f7caf0000-7f8f7ccef000 ---p 00016000 08:01 23330881                   /lib/x86_64-linux-gnu/libgcc_s.so.1
7f8f7ccef000-7f8f7ccf0000 rw-p 00015000 08:01 23330881                   /lib/x86_64-linux-gnu/libgcc_s.so.1
7f8f7ccf0000-7f8f7cdf8000 r-xp 00000000 08:01 23331002                   /lib/x86_64-linux-gnu/libm-2.23.so
7f8f7cdf8000-7f8f7cff7000 ---p 00108000 08:01 23331002                   /lib/x86_64-linux-gnu/libm-2.23.so
7f8f7cff7000-7f8f7cff8000 r--p 00107000 08:01 23331002                   /lib/x86_64-linux-gnu/libm-2.23.so
7f8f7cff8000-7f8f7cff9000 rw-p 00108000 08:01 23331002                   /lib/x86_64-linux-gnu/libm-2.23.so
7f8f7cff9000-7f8f7d16b000 r-xp 00000000 08:01 29754391                   /usr/lib/x86_64-linux-gnu/libstdc++.so.6.0.21
7f8f7d16b000-7f8f7d36b000 ---p 00172000 08:01 29754391                   /usr/lib/x86_64-linux-gnu/libstdc++.so.6.0.21
7f8f7d36b000-7f8f7d375000 r--p 00172000 08:01 29754391                   /usr/lib/x86_64-linux-gnu/libstdc++.so.6.0.21
7f8f7d375000-7f8f7d377000 rw-p 0017c000 08:01 29754391                   /usr/lib/x86_64-linux-gnu/libstdc++.so.6.0.21
7f8f7d377000-7f8f7d37b000 rw-p 00000000 00:00 0 
7f8f7d37b000-7f8f7dfca000 r-xp 00000000 08:01 3149519                    /usr/lib/jvm/java-8-openjdk-amd64/jre/lib/amd64/server/libjvm.so
7f8f7dfca000-7f8f7e1c9000 ---p 00c4f000 08:01 3149519                    /usr/lib/jvm/java-8-openjdk-amd64/jre/lib/amd64/server/libjvm.so
7f8f7e1c9000-7f8f7e25c000 r--p 00c4e000 08:01 3149519                    /usr/lib/jvm/java-8-openjdk-amd64/jre/lib/amd64/server/libjvm.so
7f8f7e25c000-7f8f7e285000 rw-p 00ce1000 08:01 3149519                    /usr/lib/jvm/java-8-openjdk-amd64/jre/lib/amd64/server/libjvm.so
7f8f7e285000-7f8f7e2b5000 rw-p 00000000 00:00 0 
7f8f7e2b5000-7f8f7e2cd000 r-xp 00000000 08:01 23331012                   /lib/x86_64-linux-gnu/libpthread-2.23.so
7f8f7e2cd000-7f8f7e4cc000 ---p 00018000 08:01 23331012                   /lib/x86_64-linux-gnu/libpthread-2.23.so
7f8f7e4cc000-7f8f7e4cd000 r--p 00017000 08:01 23331012                   /lib/x86_64-linux-gnu/libpthread-2.23.so
7f8f7e4cd000-7f8f7e4ce000 rw-p 00018000 08:01 23331012                   /lib/x86_64-linux-gnu/libpthread-2.23.so
7f8f7e4ce000-7f8f7e4d2000 rw-p 00000000 00:00 0 
7f8f7e4d2000-7f8f7e4d5000 r-xp 00000000 08:01 23331014                   /lib/x86_64-linux-gnu/libdl-2.23.so
7f8f7e4d5000-7f8f7e6d4000 ---p 00003000 08:01 23331014                   /lib/x86_64-linux-gnu/libdl-2.23.so
7f8f7e6d4000-7f8f7e6d5000 r--p 00002000 08:01 23331014                   /lib/x86_64-linux-gnu/libdl-2.23.so
7f8f7e6d5000-7f8f7e6d6000 rw-p 00003000 08:01 23331014                   /lib/x86_64-linux-gnu/libdl-2.23.so
7f8f7e6d6000-7f8f7e6ef000 r-xp 00000000 08:01 23331043                   /lib/x86_64-linux-gnu/libz.so.1.2.8
7f8f7e6ef000-7f8f7e8ee000 ---p 00019000 08:01 23331043                   /lib/x86_64-linux-gnu/libz.so.1.2.8
7f8f7e8ee000-7f8f7e8ef000 r--p 00018000 08:01 23331043                   /lib/x86_64-linux-gnu/libz.so.1.2.8
7f8f7e8ef000-7f8f7e8f0000 rw-p 00019000 08:01 23331043                   /lib/x86_64-linux-gnu/libz.so.1.2.8
7f8f7e8f0000-7f8f7eaaf000 r-xp 00000000 08:01 23331013                   /lib/x86_64-linux-gnu/libc-2.23.so
7f8f7eaaf000-7f8f7ecaf000 ---p 001bf000 08:01 23331013                   /lib/x86_64-linux-gnu/libc-2.23.so
7f8f7ecaf000-7f8f7ecb3000 r--p 001bf000 08:01 23331013                   /lib/x86_64-linux-gnu/libc-2.23.so
7f8f7ecb3000-7f8f7ecb5000 rw-p 001c3000 08:01 23331013                   /lib/x86_64-linux-gnu/libc-2.23.so
7f8f7ecb5000-7f8f7ecb9000 rw-p 00000000 00:00 0 
7f8f7ecb9000-7f8f7ecc6000 r-xp 00000000 08:01 3149514                    /usr/lib/jvm/java-8-openjdk-amd64/jre/lib/amd64/jli/libjli.so
7f8f7ecc6000-7f8f7eec6000 ---p 0000d000 08:01 3149514                    /usr/lib/jvm/java-8-openjdk-amd64/jre/lib/amd64/jli/libjli.so
7f8f7eec6000-7f8f7eec7000 r--p 0000d000 08:01 3149514                    /usr/lib/jvm/java-8-openjdk-amd64/jre/lib/amd64/jli/libjli.so
7f8f7eec7000-7f8f7eec8000 rw-p 0000e000 08:01 3149514                    /usr/lib/jvm/java-8-openjdk-amd64/jre/lib/amd64/jli/libjli.so
7f8f7eec8000-7f8f7eeee000 r-xp 00000000 08:01 23331007                   /lib/x86_64-linux-gnu/ld-2.23.so
7f8f7eeee000-7f8f7eeef000 r--s 00000000 08:01 1459399                    /var/cache/fontconfig/30829fa25452a46451e813d634d7f916-le64.cache-6
7f8f7eeef000-7f8f7eef0000 r--s 00000000 08:01 1457011                    /var/cache/fontconfig/0c9eb80ebd1c36541ebe2852d3bb0c49-le64.cache-6
7f8f7eef0000-7f8f7eef7000 r--s 00000000 08:01 29754602                   /usr/lib/x86_64-linux-gnu/gconv/gconv-modules.cache
7f8f7eef7000-7f8f7ef88000 rw-p 00000000 00:00 0 
7f8f7ef88000-7f8f7efbd000 r--s 00000000 08:01 1443385                    /var/cache/nscd/passwd
7f8f7efbd000-7f8f7efc0000 ---p 00000000 00:00 0 
7f8f7efc0000-7f8f7f0c3000 rw-p 00000000 00:00 0 
7f8f7f0c3000-7f8f7f0c4000 r--s 00000000 08:01 1461863                    /var/cache/fontconfig/c277e94e32b20404286a1ddafa5a80f0-le64.cache-6
7f8f7f0c4000-7f8f7f0c5000 rw-s 1091ec000 00:06 360                       /dev/dri/card0
7f8f7f0c5000-7f8f7f0c9000 r--s 00037000 08:01 3149546                    /usr/lib/jvm/java-8-openjdk-amd64/jre/lib/ext/sunpkcs11.jar
7f8f7f0c9000-7f8f7f0ca000 r--s 0000a000 08:01 3149547                    /usr/lib/jvm/java-8-openjdk-amd64/jre/lib/ext/jaccess.jar
7f8f7f0ca000-7f8f7f0cc000 r--s 00008000 08:01 3149548                    /usr/lib/jvm/java-8-openjdk-amd64/jre/lib/ext/sunec.jar
7f8f7f0cc000-7f8f7f0d1000 r--s 0003b000 08:01 3149545                    /usr/lib/jvm/java-8-openjdk-amd64/jre/lib/ext/sunjce_provider.jar
7f8f7f0d1000-7f8f7f0d3000 r--s 00001000 08:01 3149552                    /usr/lib/jvm/java-8-openjdk-amd64/jre/lib/ext/dnsns.jar
7f8f7f0d3000-7f8f7f0dd000 r--s 00116000 08:01 3149549                    /usr/lib/jvm/java-8-openjdk-amd64/jre/lib/ext/localedata.jar
7f8f7f0dd000-7f8f7f0e0000 r--s 0000f000 08:01 3149551                    /usr/lib/jvm/java-8-openjdk-amd64/jre/lib/ext/icedtea-sound.jar
7f8f7f0e0000-7f8f7f0e1000 r--s 00010000 08:01 3149550                    /usr/lib/jvm/java-8-openjdk-amd64/jre/lib/ext/zipfs.jar
7f8f7f0e1000-7f8f7f0e9000 rw-s 00000000 08:01 12451897                   /tmp/hsperfdata_fittipaldi/5693
7f8f7f0e9000-7f8f7f0ea000 rw-p 00000000 00:00 0 
7f8f7f0ea000-7f8f7f0eb000 r--p 00000000 00:00 0 
7f8f7f0eb000-7f8f7f0ed000 rw-p 00000000 00:00 0 
7f8f7f0ed000-7f8f7f0ee000 r--p 00025000 08:01 23331007                   /lib/x86_64-linux-gnu/ld-2.23.so
7f8f7f0ee000-7f8f7f0ef000 rw-p 00026000 08:01 23331007                   /lib/x86_64-linux-gnu/ld-2.23.so
7f8f7f0ef000-7f8f7f0f0000 rw-p 00000000 00:00 0 
7ffe4cf6a000-7ffe4cf8b000 rw-p 00000000 00:00 0                          [stack]
7ffe4cfad000-7ffe4cfaf000 r--p 00000000 00:00 0                          [vvar]
7ffe4cfaf000-7ffe4cfb1000 r-xp 00000000 00:00 0                          [vdso]
ffffffffff600000-ffffffffff601000 r-xp 00000000 00:00 0                  [vsyscall]

VM Arguments:
java_command: LancerApplication
java_class_path (initial): .
Launcher Type: SUN_STANDARD

Environment Variables:
PATH=/usr/local/bin:/usr/bin:/bin:/snap/bin:/opt/netkit/bin
SHELL=/bin/bash
DISPLAY=:0.0

Signal Handlers:
SIGSEGV: [libjvm.so+0xa65880], sa_mask[0]=11111111011111111101111111111110, sa_flags=SA_RESTART|SA_SIGINFO
SIGBUS: [libjvm.so+0xa65880], sa_mask[0]=11111111011111111101111111111110, sa_flags=SA_RESTART|SA_SIGINFO
SIGFPE: [libjvm.so+0x8af1c0], sa_mask[0]=11111111011111111101111111111110, sa_flags=SA_RESTART|SA_SIGINFO
SIGPIPE: SIG_IGN, sa_mask[0]=00000000000010000000000000000000, sa_flags=SA_RESTART
SIGXFSZ: [libjvm.so+0x8af1c0], sa_mask[0]=11111111011111111101111111111110, sa_flags=SA_RESTART|SA_SIGINFO
SIGILL: [libjvm.so+0x8af1c0], sa_mask[0]=11111111011111111101111111111110, sa_flags=SA_RESTART|SA_SIGINFO
SIGUSR1: SIG_DFL, sa_mask[0]=00000000000000000000000000000000, sa_flags=none
SIGUSR2: [libjvm.so+0x8af070], sa_mask[0]=00000000000000000000000000000000, sa_flags=SA_RESTART|SA_SIGINFO
SIGHUP: [libjvm.so+0x8af540], sa_mask[0]=11111111011111111101111111111110, sa_flags=SA_RESTART|SA_SIGINFO
SIGINT: [libjvm.so+0x8af540], sa_mask[0]=11111111011111111101111111111110, sa_flags=SA_RESTART|SA_SIGINFO
SIGTERM: [libjvm.so+0x8af540], sa_mask[0]=11111111011111111101111111111110, sa_flags=SA_RESTART|SA_SIGINFO
SIGQUIT: [libjvm.so+0x8af540], sa_mask[0]=11111111011111111101111111111110, sa_flags=SA_RESTART|SA_SIGINFO


---------------  S Y S T E M  ---------------

OS:DISTRIB_ID=Ubuntu
DISTRIB_RELEASE=16.04
DISTRIB_CODENAME=xenial
DISTRIB_DESCRIPTION="Ubuntu 16.04.1 LTS"

uname:Linux 4.4.0-34-generic #53-Ubuntu SMP Wed Jul 27 16:06:39 UTC 2016 x86_64
libc:glibc 2.23 NPTL 2.23 
rlimit: STACK 8192k, CORE 0k, NPROC 31484, NOFILE 65536, AS infinity
load average:0,37 0,37 0,43

/proc/meminfo:
MemTotal:        8100032 kB
MemFree:         5557724 kB
MemAvailable:    6681016 kB
Buffers:          236324 kB
Cached:          1067616 kB
SwapCached:            0 kB
Active:          1725460 kB
Inactive:         531496 kB
Active(anon):     954240 kB
Inactive(anon):    36376 kB
Active(file):     771220 kB
Inactive(file):   495120 kB
Unevictable:         140 kB
Mlocked:             140 kB
SwapTotal:         92156 kB
SwapFree:          92156 kB
Dirty:                80 kB
Writeback:             0 kB
AnonPages:        953240 kB
Mapped:           326532 kB
Shmem:             37604 kB
Slab:             185548 kB
SReclaimable:     152544 kB
SUnreclaim:        33004 kB
KernelStack:        7136 kB
PageTables:        31188 kB
NFS_Unstable:          0 kB
Bounce:                0 kB
WritebackTmp:          0 kB
CommitLimit:     4142172 kB
Committed_AS:    3676884 kB
VmallocTotal:   34359738367 kB
VmallocUsed:           0 kB
VmallocChunk:          0 kB
HardwareCorrupted:     0 kB
AnonHugePages:    444416 kB
CmaTotal:              0 kB
CmaFree:               0 kB
HugePages_Total:       0
HugePages_Free:        0
HugePages_Rsvd:        0
HugePages_Surp:        0
Hugepagesize:       2048 kB
DirectMap4k:      135756 kB
DirectMap2M:     3983360 kB
DirectMap1G:     5242880 kB


CPU:total 4 (4 cores per cpu, 1 threads per core) family 6 model 94 stepping 3, cmov, cx8, fxsr, mmx, sse, sse2, sse3, ssse3, sse4.1, sse4.2, popcnt, avx, avx2, aes, clmul, erms, rtm, 3dnowpref, lzcnt, tsc, tscinvbit, bmi1, bmi2, adx

/proc/cpuinfo:
processor	: 0
vendor_id	: GenuineIntel
cpu family	: 6
model		: 94
model name	: Intel(R) Core(TM) i5-6500 CPU @ 3.20GHz
stepping	: 3
microcode	: 0x8a
cpu MHz		: 1117.375
cache size	: 6144 KB
physical id	: 0
siblings	: 4
core id		: 0
cpu cores	: 4
apicid		: 0
initial apicid	: 0
fpu		: yes
fpu_exception	: yes
cpuid level	: 22
wp		: yes
flags		: fpu vme de pse tsc msr pae mce cx8 apic sep mtrr pge mca cmov pat pse36 clflush dts acpi mmx fxsr sse sse2 ss ht tm pbe syscall nx pdpe1gb rdtscp lm constant_tsc art arch_perfmon pebs bts rep_good nopl xtopology nonstop_tsc aperfmperf eagerfpu pni pclmulqdq dtes64 monitor ds_cpl vmx smx est tm2 ssse3 sdbg fma cx16 xtpr pdcm pcid sse4_1 sse4_2 x2apic movbe popcnt tsc_deadline_timer aes xsave avx f16c rdrand lahf_lm abm 3dnowprefetch epb intel_pt tpr_shadow vnmi flexpriority ept vpid fsgsbase tsc_adjust bmi1 hle avx2 smep bmi2 erms invpcid rtm mpx rdseed adx smap clflushopt xsaveopt xsavec xgetbv1 dtherm ida arat pln pts hwp hwp_notify hwp_act_window hwp_epp
bugs		:
bogomips	: 6384.16
clflush size	: 64
cache_alignment	: 64
address sizes	: 39 bits physical, 48 bits virtual
power management:

processor	: 1
vendor_id	: GenuineIntel
cpu family	: 6
model		: 94
model name	: Intel(R) Core(TM) i5-6500 CPU @ 3.20GHz
stepping	: 3
microcode	: 0x8a
cpu MHz		: 1195.875
cache size	: 6144 KB
physical id	: 0
siblings	: 4
core id		: 1
cpu cores	: 4
apicid		: 2
initial apicid	: 2
fpu		: yes
fpu_exception	: yes
cpuid level	: 22
wp		: yes
flags		: fpu vme de pse tsc msr pae mce cx8 apic sep mtrr pge mca cmov pat pse36 clflush dts acpi mmx fxsr sse sse2 ss ht tm pbe syscall nx pdpe1gb rdtscp lm constant_tsc art arch_perfmon pebs bts rep_good nopl xtopology nonstop_tsc aperfmperf eagerfpu pni pclmulqdq dtes64 monitor ds_cpl vmx smx est tm2 ssse3 sdbg fma cx16 xtpr pdcm pcid sse4_1 sse4_2 x2apic movbe popcnt tsc_deadline_timer aes xsave avx f16c rdrand lahf_lm abm 3dnowprefetch epb intel_pt tpr_shadow vnmi flexpriority ept vpid fsgsbase tsc_adjust bmi1 hle avx2 smep bmi2 erms invpcid rtm mpx rdseed adx smap clflushopt xsaveopt xsavec xgetbv1 dtherm ida arat pln pts hwp hwp_notify hwp_act_window hwp_epp
bugs		:
bogomips	: 6384.16
clflush size	: 64
cache_alignment	: 64
address sizes	: 39 bits physical, 48 bits virtual
power management:

processor	: 2
vendor_id	: GenuineIntel
cpu family	: 6
model		: 94
model name	: Intel(R) Core(TM) i5-6500 CPU @ 3.20GHz
stepping	: 3
microcode	: 0x8a
cpu MHz		: 1115.250
cache size	: 6144 KB
physical id	: 0
siblings	: 4
core id		: 2
cpu cores	: 4
apicid		: 4
initial apicid	: 4
fpu		: yes
fpu_exception	: yes
cpuid level	: 22
wp		: yes
flags		: fpu vme de pse tsc msr pae mce cx8 apic sep mtrr pge mca cmov pat pse36 clflush dts acpi mmx fxsr sse sse2 ss ht tm pbe syscall nx pdpe1gb rdtscp lm constant_tsc art arch_perfmon pebs bts rep_good nopl xtopology nonstop_tsc aperfmperf eagerfpu pni pclmulqdq dtes64 monitor ds_cpl vmx smx est tm2 ssse3 sdbg fma cx16 xtpr pdcm pcid sse4_1 sse4_2 x2apic movbe popcnt tsc_deadline_timer aes xsave avx f16c rdrand lahf_lm abm 3dnowprefetch epb intel_pt tpr_shadow vnmi flexpriority ept vpid fsgsbase tsc_adjust bmi1 hle avx2 smep bmi2 erms invpcid rtm mpx rdseed adx smap clflushopt xsaveopt xsavec xgetbv1 dtherm ida arat pln pts hwp hwp_notify hwp_act_window hwp_epp
bugs		:
bogomips	: 6384.16
clflush size	: 64
cache_alignment	: 64
address sizes	: 39 bits physical, 48 bits virtual
power management:

processor	: 3
vendor_id	: GenuineIntel
cpu family	: 6
model		: 94
model name	: Intel(R) Core(TM) i5-6500 CPU @ 3.20GHz
stepping	: 3
microcode	: 0x8a
cpu MHz		: 1083.875
cache size	: 6144 KB
physical id	: 0
siblings	: 4
core id		: 3
cpu cores	: 4
apicid		: 6
initial apicid	: 6
fpu		: yes
fpu_exception	: yes
cpuid level	: 22
wp		: yes
flags		: fpu vme de pse tsc msr pae mce cx8 apic sep mtrr pge mca cmov pat pse36 clflush dts acpi mmx fxsr sse sse2 ss ht tm pbe syscall nx pdpe1gb rdtscp lm constant_tsc art arch_perfmon pebs bts rep_good nopl xtopology nonstop_tsc aperfmperf eagerfpu pni pclmulqdq dtes64 monitor ds_cpl vmx smx est tm2 ssse3 sdbg fma cx16 xtpr pdcm pcid sse4_1 sse4_2 x2apic movbe popcnt tsc_deadline_timer aes xsave avx f16c rdrand lahf_lm abm 3dnowprefetch epb intel_pt tpr_shadow vnmi flexpriority ept vpid fsgsbase tsc_adjust bmi1 hle avx2 smep bmi2 erms invpcid rtm mpx rdseed adx smap clflushopt xsaveopt xsavec xgetbv1 dtherm ida arat pln pts hwp hwp_notify hwp_act_window hwp_epp
bugs		:
bogomips	: 6384.16
clflush size	: 64
cache_alignment	: 64
address sizes	: 39 bits physical, 48 bits virtual
power management:



Memory: 4k page, physical 8100032k(5556940k free), swap 92156k(92156k free)

vm_info: OpenJDK 64-Bit Server VM (25.111-b14) for linux-amd64 JRE (1.8.0_111-8u111-b14-2ubuntu0.16.04.2-b14), built on Oct 27 2016 18:10:19 by "buildd" with gcc 5.4.0 20160609

time: Fri Mar  3 09:31:27 2017
elapsed time: 2 seconds (0d 0h 0m 2s)

