#
# A fatal error has been detected by the Java Runtime Environment:
#
#  SIGSEGV (0xb) at pc=0x00007fa3f6dac435, pid=7091, tid=0x00007fa3d1d75700
#
# JRE version: OpenJDK Runtime Environment (8.0_111-b14) (build 1.8.0_111-8u111-b14-2ubuntu0.16.04.2-b14)
# Java VM: OpenJDK 64-Bit Server VM (25.111-b14 mixed mode linux-amd64 compressed oops)
# Problematic frame:
# C  [libc.so.6+0x14d435]
#
# Failed to write core dump. Core dumps have been disabled. To enable core dumping, try "ulimit -c unlimited" before starting Java again
#
# If you would like to submit a bug report, please visit:
#   http://bugreport.java.com/bugreport/crash.jsp
# The crash happened outside the Java Virtual Machine in native code.
# See problematic frame for where to report the bug.
#

---------------  T H R E A D  ---------------

Current thread (0x00007fa39c054000):  JavaThread "QuantumRenderer-0" daemon [_thread_in_native, id=7107, stack(0x00007fa3d1c75000,0x00007fa3d1d76000)]

siginfo: si_signo: 11 (SIGSEGV), si_code: 2 (SEGV_ACCERR), si_addr: 0x00000000db0d8014

Registers:
RAX=0x00007fa38a06fd68, RBX=0x0000000000000000, RCX=0x000000000000000c, RDX=0x000000000000000c
RSP=0x00007fa3d1d73f78, RBP=0x00000000000ccd74, RSI=0x00000000db0d8010, RDI=0x00007fa38a06fd68
R8 =0x00007fa3d1d73fe0, R9 =0x0000000000000001, R10=0x000000002002033c, R11=0x00007fa3a015ffe0
R12=0x00007fa3d1d73fe0, R13=0x00007fa3a015ffe0, R14=0x00000000db0d8010, R15=0x00000000000ccd68
RIP=0x00007fa3f6dac435, EFLAGS=0x0000000000010202, CSGSFS=0x0000000000000033, ERR=0x0000000000000004
  TRAPNO=0x000000000000000e

Top of Stack: (sp=0x00007fa3d1d73f78)
0x00007fa3d1d73f78:   00007fa39a8d478d 00007fa3d1d74040
0x00007fa3d1d73f88:   00007fa3f00aa860 0000000000000000
0x00007fa3d1d73f98:   00007fa3a007da90 000000000000000c
0x00007fa3d1d73fa8:   0000000000000000 0000000000000004
0x00007fa3d1d73fb8:   00007fa3a015ffe0 00007fa3d1d74140
0x00007fa3d1d73fc8:   00007fa39a9e08fc 00000001a015ffe0
0x00007fa3d1d73fd8:   00007fa3d1d73fe0 3f00000000000006
0x00007fa3d1d73fe8:   248b8d95288cf100 00007fa38b694430
0x00007fa3d1d73ff8:   00007fa39afbaab8 00007fa3a015ffe0
0x00007fa3d1d74008:   000000000003d08b 00007fa39afbab18
0x00007fa3d1d74018:   00007fa3a015ffe0 00007fa3d1d74140
0x00007fa3d1d74028:   00007fa39a9d680e 0000000000000000
0x00007fa3d1d74038:   00007fa39c04ee90 00007fa3d1d74110
0x00007fa3d1d74048:   00007fa3a007da90 00007fa3a019f450
0x00007fa3d1d74058:   00007fa3d1d741f0 0000000000000001
0x00007fa3d1d74068:   00007fa39a9e1dcd 0000000000000000
0x00007fa3d1d74078:   00007fa39c04ee90 00007fa3f00aa860
0x00007fa3d1d74088:   00007fa3f0006af0 00007fa3f617a0b1
0x00007fa3d1d74098:   00007fa3d1d74180 00007fa300000000
0x00007fa3d1d740a8:   ffffffff00000100 00007fa38b694430
0x00007fa3d1d740b8:   00007fa39c054000 000000008b694430
0x00007fa3d1d740c8:   00007fa39c054000 00000000d1d74568
0x00007fa3d1d740d8:   00007fa3a007b000 00007fa3a06115c0
0x00007fa3d1d740e8:   0000000000000000 00007fa3a01f4e30
0x00007fa3d1d740f8:   248b8d95288cf100 00007fa3a0160c80
0x00007fa3d1d74108:   00007fa3a0034f7c 00007fa3a019f450
0x00007fa3d1d74118:   00007fa3d1d741f0 0000000000000001
0x00007fa3d1d74128:   00007fa3a01fd6d0 00007fa3a00334e0
0x00007fa3d1d74138:   00007fa39a7d54b2 0000000600000000
0x00007fa3d1d74148:   0000000400000000 0000000100000000
0x00007fa3d1d74158:   0000000000000000 0000000000000000
0x00007fa3d1d74168:   0000000000000003 0000000000000000 

Instructions: (pc=0x00007fa3f6dac435)
0x00007fa3f6dac415:   fa 6f 7c 16 f0 c5 fa 7f 07 c5 fa 7f 7c 17 f0 c3
0x00007fa3f6dac425:   90 66 2e 0f 1f 84 00 00 00 00 00 80 fa 08 72 1b
0x00007fa3f6dac435:   48 8b 4c 16 f8 48 8b 36 48 89 37 48 89 4c 17 f8
0x00007fa3f6dac445:   c3 66 2e 0f 1f 84 00 00 00 00 00 80 fa 04 72 0d 

Register to memory mapping:

RAX=0x00007fa38a06fd68 is an unknown value
RBX=0x0000000000000000 is an unknown value
RCX=0x000000000000000c is an unknown value
RDX=0x000000000000000c is an unknown value
RSP=0x00007fa3d1d73f78 is pointing into the stack for thread: 0x00007fa39c054000
RBP=0x00000000000ccd74 is an unknown value
RSI=0x00000000db0d8010 is an unallocated location in the heap
RDI=0x00007fa38a06fd68 is an unknown value
R8 =0x00007fa3d1d73fe0 is pointing into the stack for thread: 0x00007fa39c054000
R9 =0x0000000000000001 is an unknown value
R10=0x000000002002033c is an unknown value
R11=0x00007fa3a015ffe0 is an unknown value
R12=0x00007fa3d1d73fe0 is pointing into the stack for thread: 0x00007fa39c054000
R13=0x00007fa3a015ffe0 is an unknown value
R14=0x00000000db0d8010 is an unallocated location in the heap
R15=0x00000000000ccd68 is an unknown value


Stack: [0x00007fa3d1c75000,0x00007fa3d1d76000],  sp=0x00007fa3d1d73f78,  free space=1019k
Native frames: (J=compiled Java code, j=interpreted, Vv=VM code, C=native code)
C  [libc.so.6+0x14d435]

Java frames: (J=compiled Java code, j=interpreted, Vv=VM code)
j  com.sun.prism.es2.GLContext.nClearBuffers(JFFFFZZZ)V+0
j  com.sun.prism.es2.GLContext.clearBuffers(Lcom/sun/prism/paint/Color;ZZZ)V+40
j  com.sun.prism.es2.ES2Graphics.clearBuffers(Lcom/sun/prism/es2/ES2Context;Lcom/sun/prism/paint/Color;ZZZ)V+9
j  com.sun.prism.es2.ES2Graphics.clear(Lcom/sun/prism/paint/Color;)V+32
j  com.sun.javafx.tk.quantum.ViewPainter.doPaint(Lcom/sun/prism/Graphics;Lcom/sun/javafx/sg/prism/NodePath;)V+104
j  com.sun.javafx.tk.quantum.ViewPainter.paintImpl(Lcom/sun/prism/Graphics;)V+953
j  com.sun.javafx.tk.quantum.PresentingPainter.run()V+326
j  java.util.concurrent.Executors$RunnableAdapter.call()Ljava/lang/Object;+4
j  java.util.concurrent.FutureTask.runAndReset()Z+47
j  com.sun.javafx.tk.RenderJob.run()V+1
j  java.util.concurrent.ThreadPoolExecutor.runWorker(Ljava/util/concurrent/ThreadPoolExecutor$Worker;)V+95
j  java.util.concurrent.ThreadPoolExecutor$Worker.run()V+5
j  com.sun.javafx.tk.quantum.QuantumRenderer$PipelineRunnable.run()V+8
j  java.lang.Thread.run()V+11
v  ~StubRoutines::call_stub

---------------  P R O C E S S  ---------------

Java Threads: ( => current thread )
  0x00007fa384191000 JavaThread "Prism Font Disposer" daemon [_thread_blocked, id=7110, stack(0x00007fa38b861000,0x00007fa38b962000)]
  0x00007fa39c109000 JavaThread "JavaFX Application Thread" [_thread_in_native, id=7109, stack(0x00007fa38beff000,0x00007fa38c000000)]
  0x00007fa39c105000 JavaThread "Thread-2" daemon [_thread_blocked, id=7108, stack(0x00007fa390052000,0x00007fa390153000)]
=>0x00007fa39c054000 JavaThread "QuantumRenderer-0" daemon [_thread_in_native, id=7107, stack(0x00007fa3d1c75000,0x00007fa3d1d76000)]
  0x00007fa3f01e8800 JavaThread "JavaFX-Launcher" [_thread_blocked, id=7106, stack(0x00007fa3d1d76000,0x00007fa3d1e77000)]
  0x00007fa3f00bf000 JavaThread "Service Thread" daemon [_thread_blocked, id=7104, stack(0x00007fa3d200e000,0x00007fa3d210f000)]
  0x00007fa3f00af800 JavaThread "C1 CompilerThread2" daemon [_thread_blocked, id=7103, stack(0x00007fa3d210f000,0x00007fa3d2210000)]
  0x00007fa3f00ae000 JavaThread "C2 CompilerThread1" daemon [_thread_blocked, id=7102, stack(0x00007fa3d2210000,0x00007fa3d2311000)]
  0x00007fa3f00ab000 JavaThread "C2 CompilerThread0" daemon [_thread_blocked, id=7101, stack(0x00007fa3d2311000,0x00007fa3d2412000)]
  0x00007fa3f00a9000 JavaThread "Signal Dispatcher" daemon [_thread_blocked, id=7100, stack(0x00007fa3d2412000,0x00007fa3d2513000)]
  0x00007fa3f0081800 JavaThread "Finalizer" daemon [_thread_blocked, id=7099, stack(0x00007fa3d27f0000,0x00007fa3d28f1000)]
  0x00007fa3f007c800 JavaThread "Reference Handler" daemon [_thread_blocked, id=7098, stack(0x00007fa3d28f1000,0x00007fa3d29f2000)]
  0x00007fa3f0007800 JavaThread "main" [_thread_blocked, id=7092, stack(0x00007fa3f732c000,0x00007fa3f742d000)]

Other Threads:
  0x00007fa3f0075000 VMThread [stack: 0x00007fa3d29f2000,0x00007fa3d2af3000] [id=7097]
  0x00007fa3f00c1800 WatcherThread [stack: 0x00007fa3d1f0d000,0x00007fa3d200e000] [id=7105]

VM state:not at safepoint (normal execution)

VM Mutex/Monitor currently owned by a thread: None

Heap:
 PSYoungGen      total 35328K, used 4247K [0x00000000d6d00000, 0x00000000db080000, 0x0000000100000000)
  eden space 31744K, 2% used [0x00000000d6d00000,0x00000000d6dc12c0,0x00000000d8c00000)
  from space 3584K, 96% used [0x00000000da900000,0x00000000dac64ac0,0x00000000dac80000)
  to   space 4096K, 0% used [0x00000000dac80000,0x00000000dac80000,0x00000000db080000)
 ParOldGen       total 84992K, used 3003K [0x0000000084600000, 0x0000000089900000, 0x00000000d6d00000)
  object space 84992K, 3% used [0x0000000084600000,0x00000000848eee50,0x0000000089900000)
 Metaspace       used 12096K, capacity 12572K, committed 12672K, reserved 1060864K
  class space    used 1434K, capacity 1580K, committed 1664K, reserved 1048576K

Card table byte_map: [0x00007fa3e0c22000,0x00007fa3e1000000] byte_map_base: 0x00007fa3e07ff000

Marking Bits: (ParMarkBitMap*) 0x00007fa3f6607220
 Begin Bits: [0x00007fa3d8230000, 0x00007fa3da118000)
 End Bits:   [0x00007fa3da118000, 0x00007fa3dc000000)

Polling page: 0x00007fa3f7459000

CodeCache: size=245760Kb used=6712Kb max_used=6712Kb free=239047Kb
 bounds [0x00007fa3e1000000, 0x00007fa3e16a0000, 0x00007fa3f0000000]
 total_blobs=2522 nmethods=1968 adapters=468
 compilation: enabled

Compilation events (10 events):
Event: 2,635 Thread 0x00007fa3f00af800 nmethod 1964 0x00007fa3e1686590 code [0x00007fa3e1686760, 0x00007fa3e1687268]
Event: 2,635 Thread 0x00007fa3f00af800 1965       3       com.sun.prism.es2.ES2Context::updateRenderTarget (266 bytes)
Event: 2,638 Thread 0x00007fa3f00af800 nmethod 1965 0x00007fa3e168f850 code [0x00007fa3e168fca0, 0x00007fa3e16928c8]
Event: 2,638 Thread 0x00007fa3f00af800 1966       3       com.sun.prism.es2.GLDrawable::getNativeDrawableInfo (5 bytes)
Event: 2,638 Thread 0x00007fa3f00af800 nmethod 1966 0x00007fa3e1686250 code [0x00007fa3e16863a0, 0x00007fa3e16864f0]
Event: 2,670 Thread 0x00007fa3f00af800 1967       3       com.sun.prism.impl.ManagedResource::isValid (20 bytes)
Event: 2,670 Thread 0x00007fa3f00af800 nmethod 1967 0x00007fa3e1685e50 code [0x00007fa3e1685fc0, 0x00007fa3e16861b0]
Event: 2,682 Thread 0x00007fa3f00af800 1968       3       Score::getDessin (49 bytes)
Event: 2,691 Thread 0x00007fa3f00af800 nmethod 1968 0x00007fa3e1684650 code [0x00007fa3e16848a0, 0x00007fa3e1685608]
Event: 2,693 Thread 0x00007fa3f00af800 1969       3       com.sun.javafx.tk.quantum.ViewPainter::getRootPath (26 bytes)

GC Heap History (6 events):
Event: 0,676 GC heap before
{Heap before GC invocations=1 (full 0):
 PSYoungGen      total 36864K, used 31744K [0x00000000d6d00000, 0x00000000d9600000, 0x0000000100000000)
  eden space 31744K, 100% used [0x00000000d6d00000,0x00000000d8c00000,0x00000000d8c00000)
  from space 5120K, 0% used [0x00000000d9100000,0x00000000d9100000,0x00000000d9600000)
  to   space 5120K, 0% used [0x00000000d8c00000,0x00000000d8c00000,0x00000000d9100000)
 ParOldGen       total 84992K, used 0K [0x0000000084600000, 0x0000000089900000, 0x00000000d6d00000)
  object space 84992K, 0% used [0x0000000084600000,0x0000000084600000,0x0000000089900000)
 Metaspace       used 11876K, capacity 12374K, committed 12672K, reserved 1060864K
  class space    used 1428K, capacity 1579K, committed 1664K, reserved 1048576K
Event: 0,683 GC heap after
Heap after GC invocations=1 (full 0):
 PSYoungGen      total 36864K, used 5094K [0x00000000d6d00000, 0x00000000db500000, 0x0000000100000000)
  eden space 31744K, 0% used [0x00000000d6d00000,0x00000000d6d00000,0x00000000d8c00000)
  from space 5120K, 99% used [0x00000000d8c00000,0x00000000d90f9ae8,0x00000000d9100000)
  to   space 5120K, 0% used [0x00000000db000000,0x00000000db000000,0x00000000db500000)
 ParOldGen       total 84992K, used 2987K [0x0000000084600000, 0x0000000089900000, 0x00000000d6d00000)
  object space 84992K, 3% used [0x0000000084600000,0x00000000848eae50,0x0000000089900000)
 Metaspace       used 11876K, capacity 12374K, committed 12672K, reserved 1060864K
  class space    used 1428K, capacity 1579K, committed 1664K, reserved 1048576K
}
Event: 1,734 GC heap before
{Heap before GC invocations=2 (full 0):
 PSYoungGen      total 36864K, used 36838K [0x00000000d6d00000, 0x00000000db500000, 0x0000000100000000)
  eden space 31744K, 100% used [0x00000000d6d00000,0x00000000d8c00000,0x00000000d8c00000)
  from space 5120K, 99% used [0x00000000d8c00000,0x00000000d90f9ae8,0x00000000d9100000)
  to   space 5120K, 0% used [0x00000000db000000,0x00000000db000000,0x00000000db500000)
 ParOldGen       total 84992K, used 2987K [0x0000000084600000, 0x0000000089900000, 0x00000000d6d00000)
  object space 84992K, 3% used [0x0000000084600000,0x00000000848eae50,0x0000000089900000)
 Metaspace       used 12038K, capacity 12508K, committed 12672K, reserved 1060864K
  class space    used 1432K, capacity 1580K, committed 1664K, reserved 1048576K
Event: 1,741 GC heap after
Heap after GC invocations=2 (full 0):
 PSYoungGen      total 34816K, used 3024K [0x00000000d6d00000, 0x00000000db300000, 0x0000000100000000)
  eden space 31744K, 0% used [0x00000000d6d00000,0x00000000d6d00000,0x00000000d8c00000)
  from space 3072K, 98% used [0x00000000db000000,0x00000000db2f4030,0x00000000db300000)
  to   space 5120K, 0% used [0x00000000da900000,0x00000000da900000,0x00000000dae00000)
 ParOldGen       total 84992K, used 2995K [0x0000000084600000, 0x0000000089900000, 0x00000000d6d00000)
  object space 84992K, 3% used [0x0000000084600000,0x00000000848ece50,0x0000000089900000)
 Metaspace       used 12038K, capacity 12508K, committed 12672K, reserved 1060864K
  class space    used 1432K, capacity 1580K, committed 1664K, reserved 1048576K
}
Event: 2,683 GC heap before
{Heap before GC invocations=3 (full 0):
 PSYoungGen      total 34816K, used 34768K [0x00000000d6d00000, 0x00000000db300000, 0x0000000100000000)
  eden space 31744K, 100% used [0x00000000d6d00000,0x00000000d8c00000,0x00000000d8c00000)
  from space 3072K, 98% used [0x00000000db000000,0x00000000db2f4030,0x00000000db300000)
  to   space 5120K, 0% used [0x00000000da900000,0x00000000da900000,0x00000000dae00000)
 ParOldGen       total 84992K, used 2995K [0x0000000084600000, 0x0000000089900000, 0x00000000d6d00000)
  object space 84992K, 3% used [0x0000000084600000,0x00000000848ece50,0x0000000089900000)
 Metaspace       used 12095K, capacity 12572K, committed 12672K, reserved 1060864K
  class space    used 1434K, capacity 1580K, committed 1664K, reserved 1048576K
Event: 2,691 GC heap after
Heap after GC invocations=3 (full 0):
 PSYoungGen      total 35328K, used 3474K [0x00000000d6d00000, 0x00000000db080000, 0x0000000100000000)
  eden space 31744K, 0% used [0x00000000d6d00000,0x00000000d6d00000,0x00000000d8c00000)
  from space 3584K, 96% used [0x00000000da900000,0x00000000dac64ac0,0x00000000dac80000)
  to   space 4096K, 0% used [0x00000000dac80000,0x00000000dac80000,0x00000000db080000)
 ParOldGen       total 84992K, used 3003K [0x0000000084600000, 0x0000000089900000, 0x00000000d6d00000)
  object space 84992K, 3% used [0x0000000084600000,0x00000000848eee50,0x0000000089900000)
 Metaspace       used 12095K, capacity 12572K, committed 12672K, reserved 1060864K
  class space    used 1434K, capacity 1580K, committed 1664K, reserved 1048576K
}

Deoptimization events (10 events):
Event: 0,525 Thread 0x00007fa39c109000 Uncommon trap: reason=class_check action=maybe_recompile pc=0x00007fa3e12792f0 method=java.util.HashMap.getNode(ILjava/lang/Object;)Ljava/util/HashMap$Node; @ 126
Event: 0,526 Thread 0x00007fa39c109000 Uncommon trap: reason=class_check action=maybe_recompile pc=0x00007fa3e12792f0 method=java.util.HashMap.getNode(ILjava/lang/Object;)Ljava/util/HashMap$Node; @ 126
Event: 0,526 Thread 0x00007fa39c109000 Uncommon trap: reason=class_check action=maybe_recompile pc=0x00007fa3e126355c method=java.util.HashMap.getNode(ILjava/lang/Object;)Ljava/util/HashMap$Node; @ 126
Event: 1,219 Thread 0x00007fa39c109000 Uncommon trap: reason=class_check action=maybe_recompile pc=0x00007fa3e159d7c0 method=java.lang.reflect.Array.newInstance(Ljava/lang/Class;I)Ljava/lang/Object; @ 2
Event: 1,219 Thread 0x00007fa39c109000 Uncommon trap: reason=class_check action=maybe_recompile pc=0x00007fa3e159d7c0 method=java.lang.reflect.Array.newInstance(Ljava/lang/Class;I)Ljava/lang/Object; @ 2
Event: 1,219 Thread 0x00007fa39c109000 Uncommon trap: reason=class_check action=maybe_recompile pc=0x00007fa3e159d7c0 method=java.lang.reflect.Array.newInstance(Ljava/lang/Class;I)Ljava/lang/Object; @ 2
Event: 1,219 Thread 0x00007fa39c109000 Uncommon trap: reason=class_check action=maybe_recompile pc=0x00007fa3e159d7c0 method=java.lang.reflect.Array.newInstance(Ljava/lang/Class;I)Ljava/lang/Object; @ 2
Event: 1,319 Thread 0x00007fa39c109000 Uncommon trap: reason=unstable_if action=reinterpret pc=0x00007fa3e1580ce0 method=sun.text.bidi.BidiBase.getDirProps()V @ 204
Event: 1,319 Thread 0x00007fa39c109000 Uncommon trap: reason=null_check action=make_not_entrant pc=0x00007fa3e15a9630 method=com.sun.javafx.font.PrismFontFile.getGlyphBoundingBox(IF[F)[F @ 69
Event: 1,320 Thread 0x00007fa39c054000 Uncommon trap: reason=unstable_if action=reinterpret pc=0x00007fa3e14c3a40 method=com.sun.prism.impl.GlyphCache.getCachedGlyph(II)Lcom/sun/prism/impl/GlyphCache$GlyphData; @ 43

Internal exceptions (10 events):
Event: 0,095 Thread 0x00007fa3f01e8800 Exception <a 'java/security/PrivilegedActionException'> (0x00000000d7036b58) thrown at [/build/openjdk-8-8jAw7G/openjdk-8-8u111-b14/src/hotspot/src/share/vm/prims/jvm.cpp, line 1386]
Event: 0,095 Thread 0x00007fa3f01e8800 Exception <a 'java/security/PrivilegedActionException'> (0x00000000d7036d68) thrown at [/build/openjdk-8-8jAw7G/openjdk-8-8u111-b14/src/hotspot/src/share/vm/prims/jvm.cpp, line 1386]
Event: 0,095 Thread 0x00007fa3f01e8800 Exception <a 'java/security/PrivilegedActionException'> (0x00000000d7038dd0) thrown at [/build/openjdk-8-8jAw7G/openjdk-8-8u111-b14/src/hotspot/src/share/vm/prims/jvm.cpp, line 1386]
Event: 0,095 Thread 0x00007fa3f01e8800 Exception <a 'java/security/PrivilegedActionException'> (0x00000000d7038fe0) thrown at [/build/openjdk-8-8jAw7G/openjdk-8-8u111-b14/src/hotspot/src/share/vm/prims/jvm.cpp, line 1386]
Event: 0,095 Thread 0x00007fa3f01e8800 Exception <a 'java/security/PrivilegedActionException'> (0x00000000d7039ab0) thrown at [/build/openjdk-8-8jAw7G/openjdk-8-8u111-b14/src/hotspot/src/share/vm/prims/jvm.cpp, line 1386]
Event: 0,095 Thread 0x00007fa3f01e8800 Exception <a 'java/security/PrivilegedActionException'> (0x00000000d7039cc0) thrown at [/build/openjdk-8-8jAw7G/openjdk-8-8u111-b14/src/hotspot/src/share/vm/prims/jvm.cpp, line 1386]
Event: 0,096 Thread 0x00007fa3f01e8800 Exception <a 'java/lang/NullPointerException'> (0x00000000d703b408) thrown at [/build/openjdk-8-8jAw7G/openjdk-8-8u111-b14/src/hotspot/src/share/vm/interpreter/linkResolver.cpp, line 1178]
Event: 0,299 Thread 0x00007fa39c109000 Exception <a 'java/lang/NullPointerException'> (0x00000000d7aafca0) thrown at [/build/openjdk-8-8jAw7G/openjdk-8-8u111-b14/src/hotspot/src/share/vm/interpreter/linkResolver.cpp, line 1178]
Event: 0,299 Thread 0x00007fa39c109000 Exception <a 'java/lang/NullPointerException'> (0x00000000d7aafca0) thrown at [/build/openjdk-8-8jAw7G/openjdk-8-8u111-b14/src/hotspot/src/share/vm/prims/jvm.cpp, line 1390]
Event: 1,319 Thread 0x00007fa39c109000 Implicit null exception at 0x00007fa3e15a9227 to 0x00007fa3e15a960d

Events (10 events):
Event: 1,385 loading class javafx/beans/property/ReadOnlyObjectWrapper$1
Event: 1,385 loading class javafx/beans/property/ReadOnlyObjectWrapper$1 done
Event: 1,582 loading class com/sun/glass/ui/Accessible
Event: 1,582 loading class com/sun/glass/ui/Accessible done
Event: 1,616 loading class com/sun/javafx/collections/ListListenerHelper$1
Event: 1,616 loading class com/sun/javafx/collections/ListListenerHelper$1 done
Event: 1,734 Executing VM operation: ParallelGCFailedAllocation
Event: 1,741 Executing VM operation: ParallelGCFailedAllocation done
Event: 2,683 Executing VM operation: ParallelGCFailedAllocation
Event: 2,691 Executing VM operation: ParallelGCFailedAllocation done


Dynamic libraries:
00400000-00401000 r-xp 00000000 08:01 3149615                            /usr/lib/jvm/java-8-openjdk-amd64/jre/bin/java
00600000-00601000 r--p 00000000 08:01 3149615                            /usr/lib/jvm/java-8-openjdk-amd64/jre/bin/java
00601000-00602000 rw-p 00001000 08:01 3149615                            /usr/lib/jvm/java-8-openjdk-amd64/jre/bin/java
00f19000-00f3a000 rw-p 00000000 00:00 0                                  [heap]
84600000-89900000 rw-p 00000000 00:00 0 
89900000-d6d00000 ---p 00000000 00:00 0 
d6d00000-db080000 rw-p 00000000 00:00 0 
db080000-100000000 ---p 00000000 00:00 0 
100000000-1001a0000 rw-p 00000000 00:00 0 
1001a0000-140000000 ---p 00000000 00:00 0 
7fa37c000000-7fa37c021000 rw-p 00000000 00:00 0 
7fa37c021000-7fa380000000 ---p 00000000 00:00 0 
7fa384000000-7fa384224000 rw-p 00000000 00:00 0 
7fa384224000-7fa388000000 ---p 00000000 00:00 0 
7fa389d23000-7fa389da3000 rw-s 1108f8000 00:06 360                       /dev/dri/card0
7fa389da3000-7fa389fa3000 rw-s 107f12000 00:06 360                       /dev/dri/card0
7fa389fa3000-7fa38a1a3000 rw-s 107d12000 00:06 360                       /dev/dri/card0
7fa38a1a3000-7fa38a3a3000 rw-s 10baa4000 00:06 360                       /dev/dri/card0
7fa38a3a3000-7fa38a5a3000 rw-s 10b8a4000 00:06 360                       /dev/dri/card0
7fa38a5a3000-7fa38afa3000 rwxp 00000000 00:00 0 
7fa38afbd000-7fa38b07d000 rw-p 00000000 00:00 0 
7fa38b07d000-7fa38b1bd000 ---p 00000000 00:00 0 
7fa38b1bd000-7fa38b1c7000 r-xp 00000000 08:01 30282043                   /usr/lib/x86_64-linux-gnu/gtk-2.0/2.10.0/engines/libpixmap.so
7fa38b1c7000-7fa38b3c6000 ---p 0000a000 08:01 30282043                   /usr/lib/x86_64-linux-gnu/gtk-2.0/2.10.0/engines/libpixmap.so
7fa38b3c6000-7fa38b3c7000 r--p 00009000 08:01 30282043                   /usr/lib/x86_64-linux-gnu/gtk-2.0/2.10.0/engines/libpixmap.so
7fa38b3c7000-7fa38b3c8000 rw-p 0000a000 08:01 30282043                   /usr/lib/x86_64-linux-gnu/gtk-2.0/2.10.0/engines/libpixmap.so
7fa38b3c8000-7fa38b3f8000 r-xp 00000000 08:01 30282167                   /usr/lib/x86_64-linux-gnu/gtk-2.0/2.10.0/engines/libmurrine.so
7fa38b3f8000-7fa38b5f8000 ---p 00030000 08:01 30282167                   /usr/lib/x86_64-linux-gnu/gtk-2.0/2.10.0/engines/libmurrine.so
7fa38b5f8000-7fa38b5f9000 r--p 00030000 08:01 30282167                   /usr/lib/x86_64-linux-gnu/gtk-2.0/2.10.0/engines/libmurrine.so
7fa38b5f9000-7fa38b5fa000 rw-p 00031000 08:01 30282167                   /usr/lib/x86_64-linux-gnu/gtk-2.0/2.10.0/engines/libmurrine.so
7fa38b5fa000-7fa38b7fa000 rw-p 00000000 00:00 0 
7fa38b7fa000-7fa38b80d000 r--s 00346000 08:01 3149560                    /usr/lib/jvm/java-8-openjdk-amd64/jre/lib/resources.jar
7fa38b80d000-7fa38b861000 r--p 00000000 08:01 1181880                    /usr/share/fonts/truetype/dejavu/DejaVuSansMono.ttf
7fa38b861000-7fa38b864000 ---p 00000000 00:00 0 
7fa38b864000-7fa38b962000 rw-p 00000000 00:00 0 
7fa38b962000-7fa38ba1b000 r--p 00000000 08:01 1181878                    /usr/share/fonts/truetype/dejavu/DejaVuSans.ttf
7fa38ba1b000-7fa38ba1c000 r--s 00000000 08:01 1461867                    /var/cache/fontconfig/087e1975ba9a574b140bb1df193bf770-le64.cache-6
7fa38ba1c000-7fa38ba20000 r--s 00000000 08:01 1463570                    /var/cache/fontconfig/6aa41aa22e18b8fa06a12da28ea9c28b-le64.cache-6
7fa38ba20000-7fa38ba2b000 r--s 00000000 08:01 1459413                    /var/cache/fontconfig/945677eb7aeaf62f1d50efc3fb3ec7d8-le64.cache-6
7fa38ba2b000-7fa38ba31000 r--s 00000000 08:01 1459412                    /var/cache/fontconfig/2cd17615ca594fa2959ae173292e504c-le64.cache-6
7fa38ba31000-7fa38ba35000 r--s 00000000 08:01 1462895                    /var/cache/fontconfig/6d41288fd70b0be22e8c3a91e032eec0-le64.cache-6
7fa38ba35000-7fa38ba39000 r--s 00000000 08:01 1461958                    /var/cache/fontconfig/de156ccd2eddbdc19d37a45b8b2aac9c-le64.cache-6
7fa38ba39000-7fa38ba4e000 r--s 00000000 08:01 1459410                    /var/cache/fontconfig/04aabc0a78ac019cf9454389977116d2-le64.cache-6
7fa38ba4e000-7fa38ba75000 r--s 00000000 08:01 1459405                    /var/cache/fontconfig/0bd3dc0958fa2205aaaa8ebb13e2872b-le64.cache-6
7fa38ba75000-7fa38ba7a000 r-xp 00000000 08:01 3152131                    /usr/lib/jvm/java-8-openjdk-amd64/jre/lib/amd64/libjavafx_font_freetype.so
7fa38ba7a000-7fa38bc79000 ---p 00005000 08:01 3152131                    /usr/lib/jvm/java-8-openjdk-amd64/jre/lib/amd64/libjavafx_font_freetype.so
7fa38bc79000-7fa38bc7a000 r--p 00004000 08:01 3152131                    /usr/lib/jvm/java-8-openjdk-amd64/jre/lib/amd64/libjavafx_font_freetype.so
7fa38bc7a000-7fa38bc7b000 rw-p 00005000 08:01 3152131                    /usr/lib/jvm/java-8-openjdk-amd64/jre/lib/amd64/libjavafx_font_freetype.so
7fa38bc7b000-7fa38bc7e000 r-xp 00000000 08:01 3150919                    /usr/lib/jvm/java-8-openjdk-amd64/jre/lib/amd64/libjavafx_font.so
7fa38bc7e000-7fa38be7d000 ---p 00003000 08:01 3150919                    /usr/lib/jvm/java-8-openjdk-amd64/jre/lib/amd64/libjavafx_font.so
7fa38be7d000-7fa38be7e000 r--p 00002000 08:01 3150919                    /usr/lib/jvm/java-8-openjdk-amd64/jre/lib/amd64/libjavafx_font.so
7fa38be7e000-7fa38be7f000 rw-p 00003000 08:01 3150919                    /usr/lib/jvm/java-8-openjdk-amd64/jre/lib/amd64/libjavafx_font.so
7fa38be7f000-7fa38beff000 rw-s 11114b000 00:06 360                       /dev/dri/card0
7fa38beff000-7fa38bf02000 ---p 00000000 00:00 0 
7fa38bf02000-7fa38c000000 rw-p 00000000 00:00 0 
7fa38c000000-7fa38c021000 rw-p 00000000 00:00 0 
7fa38c021000-7fa390000000 ---p 00000000 00:00 0 
7fa390000000-7fa390001000 r--s 00000000 08:01 1459411                    /var/cache/fontconfig/0d8c3b2ac0904cb8a57a757ad11a4a08-le64.cache-6
7fa390001000-7fa390002000 r--s 00000000 08:01 1459409                    /var/cache/fontconfig/1ac9eb803944fde146138c791f5cc56a-le64.cache-6
7fa390002000-7fa390006000 r--s 00000000 08:01 1457024                    /var/cache/fontconfig/385c0604a188198f04d133e54aba7fe7-le64.cache-6
7fa390006000-7fa390007000 r--s 00000000 08:01 1459408                    /var/cache/fontconfig/dc05db6664285cc2f12bf69c139ae4c3-le64.cache-6
7fa390007000-7fa39000a000 r--s 00000000 08:01 1459407                    /var/cache/fontconfig/767a8244fc0220cfb567a839d0392e0b-le64.cache-6
7fa39000a000-7fa39000f000 r--s 00000000 08:01 1457023                    /var/cache/fontconfig/8801497958630a81b71ace7c5f9b32a8-le64.cache-6
7fa39000f000-7fa390013000 r--s 00000000 08:01 1461937                    /var/cache/fontconfig/c57959a16110560c8d0fcea73374aeeb-le64.cache-6
7fa390013000-7fa39001a000 r--s 00000000 08:01 1459403                    /var/cache/fontconfig/3047814df9a2f067bd2d96a2b9c36e5a-le64.cache-6
7fa39001a000-7fa390022000 r--s 00000000 08:01 1461866                    /var/cache/fontconfig/bf3b770c553c462765856025a94f1ce6-le64.cache-6
7fa390022000-7fa390035000 r--s 00000000 08:01 1459401                    /var/cache/fontconfig/d52a8644073d54c13679302ca1180695-le64.cache-6
7fa390035000-7fa390040000 r--s 00000000 08:01 1459394                    /var/cache/fontconfig/d589a48862398ed80a3d6066f4f56f4c-le64.cache-6
7fa390040000-7fa390052000 r--s 00000000 08:01 1459396                    /var/cache/fontconfig/9b89f8e3dae116d678bbf48e5f21f69b-le64.cache-6
7fa390052000-7fa390055000 ---p 00000000 00:00 0 
7fa390055000-7fa390153000 rw-p 00000000 00:00 0 
7fa390153000-7fa390165000 r-xp 00000000 08:01 23330885                   /lib/x86_64-linux-gnu/libgpg-error.so.0.17.0
7fa390165000-7fa390365000 ---p 00012000 08:01 23330885                   /lib/x86_64-linux-gnu/libgpg-error.so.0.17.0
7fa390365000-7fa390366000 r--p 00012000 08:01 23330885                   /lib/x86_64-linux-gnu/libgpg-error.so.0.17.0
7fa390366000-7fa390367000 rw-p 00013000 08:01 23330885                   /lib/x86_64-linux-gnu/libgpg-error.so.0.17.0
7fa390367000-7fa39043f000 r-xp 00000000 08:01 23330877                   /lib/x86_64-linux-gnu/libgcrypt.so.20.0.5
7fa39043f000-7fa39063e000 ---p 000d8000 08:01 23330877                   /lib/x86_64-linux-gnu/libgcrypt.so.20.0.5
7fa39063e000-7fa39063f000 r--p 000d7000 08:01 23330877                   /lib/x86_64-linux-gnu/libgcrypt.so.20.0.5
7fa39063f000-7fa390647000 rw-p 000d8000 08:01 23330877                   /lib/x86_64-linux-gnu/libgcrypt.so.20.0.5
7fa390647000-7fa390648000 rw-p 00000000 00:00 0 
7fa390648000-7fa390669000 r-xp 00000000 08:01 23330889                   /lib/x86_64-linux-gnu/liblzma.so.5.0.0
7fa390669000-7fa390868000 ---p 00021000 08:01 23330889                   /lib/x86_64-linux-gnu/liblzma.so.5.0.0
7fa390868000-7fa390869000 r--p 00020000 08:01 23330889                   /lib/x86_64-linux-gnu/liblzma.so.5.0.0
7fa390869000-7fa39086a000 rw-p 00021000 08:01 23330889                   /lib/x86_64-linux-gnu/liblzma.so.5.0.0
7fa39086a000-7fa3908ea000 r-xp 00000000 08:01 23331053                   /lib/x86_64-linux-gnu/libsystemd.so.0.14.0
7fa3908ea000-7fa3908ed000 r--p 0007f000 08:01 23331053                   /lib/x86_64-linux-gnu/libsystemd.so.0.14.0
7fa3908ed000-7fa3908ee000 rw-p 00082000 08:01 23331053                   /lib/x86_64-linux-gnu/libsystemd.so.0.14.0
7fa3908ee000-7fa3908ef000 rw-p 00000000 00:00 0 
7fa3908ef000-7fa390939000 r-xp 00000000 08:01 23331022                   /lib/x86_64-linux-gnu/libdbus-1.so.3.14.6
7fa390939000-7fa390b39000 ---p 0004a000 08:01 23331022                   /lib/x86_64-linux-gnu/libdbus-1.so.3.14.6
7fa390b39000-7fa390b3a000 r--p 0004a000 08:01 23331022                   /lib/x86_64-linux-gnu/libdbus-1.so.3.14.6
7fa390b3a000-7fa390b3b000 rw-p 0004b000 08:01 23331022                   /lib/x86_64-linux-gnu/libdbus-1.so.3.14.6
7fa390b3b000-7fa390b67000 r-xp 00000000 08:01 29764623                   /usr/lib/x86_64-linux-gnu/libatspi.so.0.0.1
7fa390b67000-7fa390d66000 ---p 0002c000 08:01 29764623                   /usr/lib/x86_64-linux-gnu/libatspi.so.0.0.1
7fa390d66000-7fa390d69000 r--p 0002b000 08:01 29764623                   /usr/lib/x86_64-linux-gnu/libatspi.so.0.0.1
7fa390d69000-7fa390d6a000 rw-p 0002e000 08:01 29764623                   /usr/lib/x86_64-linux-gnu/libatspi.so.0.0.1
7fa390d6a000-7fa390d97000 r-xp 00000000 08:01 29764625                   /usr/lib/x86_64-linux-gnu/libatk-bridge-2.0.so.0.0.0
7fa390d97000-7fa390f96000 ---p 0002d000 08:01 29764625                   /usr/lib/x86_64-linux-gnu/libatk-bridge-2.0.so.0.0.0
7fa390f96000-7fa390f97000 r--p 0002c000 08:01 29764625                   /usr/lib/x86_64-linux-gnu/libatk-bridge-2.0.so.0.0.0
7fa390f97000-7fa390f99000 rw-p 0002d000 08:01 29764625                   /usr/lib/x86_64-linux-gnu/libatk-bridge-2.0.so.0.0.0
7fa390f99000-7fa390f9a000 r-xp 00000000 08:01 526721                     /usr/lib/x86_64-linux-gnu/gtk-2.0/modules/libatk-bridge.so
7fa390f9a000-7fa391199000 ---p 00001000 08:01 526721                     /usr/lib/x86_64-linux-gnu/gtk-2.0/modules/libatk-bridge.so
7fa391199000-7fa39119a000 r--p 00000000 08:01 526721                     /usr/lib/x86_64-linux-gnu/gtk-2.0/modules/libatk-bridge.so
7fa39119a000-7fa39119b000 rw-p 00001000 08:01 526721                     /usr/lib/x86_64-linux-gnu/gtk-2.0/modules/libatk-bridge.so
7fa39119b000-7fa3911a2000 r-xp 00000000 08:01 29765478                   /usr/lib/x86_64-linux-gnu/libgailutil.so.18.0.1
7fa3911a2000-7fa3913a1000 ---p 00007000 08:01 29765478                   /usr/lib/x86_64-linux-gnu/libgailutil.so.18.0.1
7fa3913a1000-7fa3913a2000 r--p 00006000 08:01 29765478                   /usr/lib/x86_64-linux-gnu/libgailutil.so.18.0.1
7fa3913a2000-7fa3913a3000 rw-p 00007000 08:01 29765478                   /usr/lib/x86_64-linux-gnu/libgailutil.so.18.0.1
7fa3913a3000-7fa3913a4000 r--s 00000000 08:01 1459406                    /var/cache/fontconfig/4794a0821666d79190d59a36cb4f44b5-le64.cache-6
7fa3913a4000-7fa3913a5000 r--s 00000000 08:01 1459404                    /var/cache/fontconfig/bab58bb527bb656aaa9f116d68a48d89-le64.cache-6
7fa3913a5000-7fa3913ab000 r--s 00000000 08:01 1457021                    /var/cache/fontconfig/b47c4e1ecd0709278f4910c18777a504-le64.cache-6
7fa3913ab000-7fa3913cb000 r--s 00000000 08:01 1463650                    /var/cache/fontconfig/e13b20fdb08344e0e664864cc2ede53d-le64.cache-6
7fa3913cb000-7fa391419000 r-xp 00000000 08:01 526719                     /usr/lib/x86_64-linux-gnu/gtk-2.0/modules/libgail.so
7fa391419000-7fa391618000 ---p 0004e000 08:01 526719                     /usr/lib/x86_64-linux-gnu/gtk-2.0/modules/libgail.so
7fa391618000-7fa391619000 r--p 0004d000 08:01 526719                     /usr/lib/x86_64-linux-gnu/gtk-2.0/modules/libgail.so
7fa391619000-7fa39161b000 rw-p 0004e000 08:01 526719                     /usr/lib/x86_64-linux-gnu/gtk-2.0/modules/libgail.so
7fa39161b000-7fa391621000 r-xp 00000000 08:01 29764576                   /usr/lib/x86_64-linux-gnu/libdatrie.so.1.3.3
7fa391621000-7fa391821000 ---p 00006000 08:01 29764576                   /usr/lib/x86_64-linux-gnu/libdatrie.so.1.3.3
7fa391821000-7fa391822000 r--p 00006000 08:01 29764576                   /usr/lib/x86_64-linux-gnu/libdatrie.so.1.3.3
7fa391822000-7fa391823000 rw-p 00007000 08:01 29764576                   /usr/lib/x86_64-linux-gnu/libdatrie.so.1.3.3
7fa391823000-7fa391846000 r-xp 00000000 08:01 29764583                   /usr/lib/x86_64-linux-gnu/libgraphite2.so.3.0.1
7fa391846000-7fa391a45000 ---p 00023000 08:01 29764583                   /usr/lib/x86_64-linux-gnu/libgraphite2.so.3.0.1
7fa391a45000-7fa391a47000 r--p 00022000 08:01 29764583                   /usr/lib/x86_64-linux-gnu/libgraphite2.so.3.0.1
7fa391a47000-7fa391a48000 rw-p 00024000 08:01 29764583                   /usr/lib/x86_64-linux-gnu/libgraphite2.so.3.0.1
7fa391a48000-7fa391a50000 r-xp 00000000 08:01 29764578                   /usr/lib/x86_64-linux-gnu/libthai.so.0.2.4
7fa391a50000-7fa391c4f000 ---p 00008000 08:01 29764578                   /usr/lib/x86_64-linux-gnu/libthai.so.0.2.4
7fa391c4f000-7fa391c50000 r--p 00007000 08:01 29764578                   /usr/lib/x86_64-linux-gnu/libthai.so.0.2.4
7fa391c50000-7fa391c51000 rw-p 00008000 08:01 29764578                   /usr/lib/x86_64-linux-gnu/libthai.so.0.2.4
7fa391c51000-7fa391cad000 r-xp 00000000 08:01 29764586                   /usr/lib/x86_64-linux-gnu/libharfbuzz.so.0.10000.1
7fa391cad000-7fa391ead000 ---p 0005c000 08:01 29764586                   /usr/lib/x86_64-linux-gnu/libharfbuzz.so.0.10000.1
7fa391ead000-7fa391eae000 r--p 0005c000 08:01 29764586                   /usr/lib/x86_64-linux-gnu/libharfbuzz.so.0.10000.1
7fa391eae000-7fa391eaf000 rw-p 0005d000 08:01 29764586                   /usr/lib/x86_64-linux-gnu/libharfbuzz.so.0.10000.1
7fa391eaf000-7fa391f1d000 r-xp 00000000 08:01 23330912                   /lib/x86_64-linux-gnu/libpcre.so.3.13.2
7fa391f1d000-7fa39211d000 ---p 0006e000 08:01 23330912                   /lib/x86_64-linux-gnu/libpcre.so.3.13.2
7fa39211d000-7fa39211e000 r--p 0006e000 08:01 23330912                   /lib/x86_64-linux-gnu/libpcre.so.3.13.2
7fa39211e000-7fa39211f000 rw-p 0006f000 08:01 23330912                   /lib/x86_64-linux-gnu/libpcre.so.3.13.2
7fa39211f000-7fa392136000 r-xp 00000000 08:01 23331001                   /lib/x86_64-linux-gnu/libresolv-2.23.so
7fa392136000-7fa392336000 ---p 00017000 08:01 23331001                   /lib/x86_64-linux-gnu/libresolv-2.23.so
7fa392336000-7fa392337000 r--p 00017000 08:01 23331001                   /lib/x86_64-linux-gnu/libresolv-2.23.so
7fa392337000-7fa392338000 rw-p 00018000 08:01 23331001                   /lib/x86_64-linux-gnu/libresolv-2.23.so
7fa392338000-7fa39233a000 rw-p 00000000 00:00 0 
7fa39233a000-7fa392359000 r-xp 00000000 08:01 23330920                   /lib/x86_64-linux-gnu/libselinux.so.1
7fa392359000-7fa392558000 ---p 0001f000 08:01 23330920                   /lib/x86_64-linux-gnu/libselinux.so.1
7fa392558000-7fa392559000 r--p 0001e000 08:01 23330920                   /lib/x86_64-linux-gnu/libselinux.so.1
7fa392559000-7fa39255a000 rw-p 0001f000 08:01 23330920                   /lib/x86_64-linux-gnu/libselinux.so.1
7fa39255a000-7fa39255c000 rw-p 00000000 00:00 0 
7fa39255c000-7fa392564000 r-xp 00000000 08:01 29764547                   /usr/lib/x86_64-linux-gnu/libxcb-render.so.0.0.0
7fa392564000-7fa392764000 ---p 00008000 08:01 29764547                   /usr/lib/x86_64-linux-gnu/libxcb-render.so.0.0.0
7fa392764000-7fa392765000 r--p 00008000 08:01 29764547                   /usr/lib/x86_64-linux-gnu/libxcb-render.so.0.0.0
7fa392765000-7fa392766000 rw-p 00009000 08:01 29764547                   /usr/lib/x86_64-linux-gnu/libxcb-render.so.0.0.0
7fa392766000-7fa392768000 r-xp 00000000 08:01 29764549                   /usr/lib/x86_64-linux-gnu/libxcb-shm.so.0.0.0
7fa392768000-7fa392968000 ---p 00002000 08:01 29764549                   /usr/lib/x86_64-linux-gnu/libxcb-shm.so.0.0.0
7fa392968000-7fa392969000 r--p 00002000 08:01 29764549                   /usr/lib/x86_64-linux-gnu/libxcb-shm.so.0.0.0
7fa392969000-7fa39296a000 rw-p 00003000 08:01 29764549                   /usr/lib/x86_64-linux-gnu/libxcb-shm.so.0.0.0
7fa39296a000-7fa39298e000 r-xp 00000000 08:01 23331087                   /lib/x86_64-linux-gnu/libpng12.so.0.54.0
7fa39298e000-7fa392b8d000 ---p 00024000 08:01 23331087                   /lib/x86_64-linux-gnu/libpng12.so.0.54.0
7fa392b8d000-7fa392b8e000 r--p 00023000 08:01 23331087                   /lib/x86_64-linux-gnu/libpng12.so.0.54.0
7fa392b8e000-7fa392b8f000 rw-p 00024000 08:01 23331087                   /lib/x86_64-linux-gnu/libpng12.so.0.54.0
7fa392b8f000-7fa392c33000 r-xp 00000000 08:01 29759647                   /usr/lib/x86_64-linux-gnu/libfreetype.so.6.12.1
7fa392c33000-7fa392e32000 ---p 000a4000 08:01 29759647                   /usr/lib/x86_64-linux-gnu/libfreetype.so.6.12.1
7fa392e32000-7fa392e38000 r--p 000a3000 08:01 29759647                   /usr/lib/x86_64-linux-gnu/libfreetype.so.6.12.1
7fa392e38000-7fa392e39000 rw-p 000a9000 08:01 29759647                   /usr/lib/x86_64-linux-gnu/libfreetype.so.6.12.1
7fa392e39000-7fa392ed8000 r-xp 00000000 08:01 29764545                   /usr/lib/x86_64-linux-gnu/libpixman-1.so.0.33.6
7fa392ed8000-7fa3930d8000 ---p 0009f000 08:01 29764545                   /usr/lib/x86_64-linux-gnu/libpixman-1.so.0.33.6
7fa3930d8000-7fa3930e0000 r--p 0009f000 08:01 29764545                   /usr/lib/x86_64-linux-gnu/libpixman-1.so.0.33.6
7fa3930e0000-7fa3930e1000 rw-p 000a7000 08:01 29764545                   /usr/lib/x86_64-linux-gnu/libpixman-1.so.0.33.6
7fa3930e1000-7fa3930e3000 r-xp 00000000 08:01 29764718                   /usr/lib/x86_64-linux-gnu/libXcomposite.so.1.0.0
7fa3930e3000-7fa3932e2000 ---p 00002000 08:01 29764718                   /usr/lib/x86_64-linux-gnu/libXcomposite.so.1.0.0
7fa3932e2000-7fa3932e3000 r--p 00001000 08:01 29764718                   /usr/lib/x86_64-linux-gnu/libXcomposite.so.1.0.0
7fa3932e3000-7fa3932e4000 rw-p 00002000 08:01 29764718                   /usr/lib/x86_64-linux-gnu/libXcomposite.so.1.0.0
7fa3932e4000-7fa3932ed000 r-xp 00000000 08:01 29764722                   /usr/lib/x86_64-linux-gnu/libXcursor.so.1.0.2
7fa3932ed000-7fa3934ec000 ---p 00009000 08:01 29764722                   /usr/lib/x86_64-linux-gnu/libXcursor.so.1.0.2
7fa3934ec000-7fa3934ed000 r--p 00008000 08:01 29764722                   /usr/lib/x86_64-linux-gnu/libXcursor.so.1.0.2
7fa3934ed000-7fa3934ee000 rw-p 00009000 08:01 29764722                   /usr/lib/x86_64-linux-gnu/libXcursor.so.1.0.2
7fa3934ee000-7fa3934f8000 r-xp 00000000 08:01 29764730                   /usr/lib/x86_64-linux-gnu/libXrandr.so.2.2.0
7fa3934f8000-7fa3936f7000 ---p 0000a000 08:01 29764730                   /usr/lib/x86_64-linux-gnu/libXrandr.so.2.2.0
7fa3936f7000-7fa3936f8000 r--p 00009000 08:01 29764730                   /usr/lib/x86_64-linux-gnu/libXrandr.so.2.2.0
7fa3936f8000-7fa3936f9000 rw-p 0000a000 08:01 29764730                   /usr/lib/x86_64-linux-gnu/libXrandr.so.2.2.0
7fa3936f9000-7fa393708000 r-xp 00000000 08:01 29764726                   /usr/lib/x86_64-linux-gnu/libXi.so.6.1.0
7fa393708000-7fa393907000 ---p 0000f000 08:01 29764726                   /usr/lib/x86_64-linux-gnu/libXi.so.6.1.0
7fa393907000-7fa393908000 r--p 0000e000 08:01 29764726                   /usr/lib/x86_64-linux-gnu/libXi.so.6.1.0
7fa393908000-7fa393909000 rw-p 0000f000 08:01 29764726                   /usr/lib/x86_64-linux-gnu/libXi.so.6.1.0
7fa393909000-7fa39390b000 r-xp 00000000 08:01 29764728                   /usr/lib/x86_64-linux-gnu/libXinerama.so.1.0.0
7fa39390b000-7fa393b0a000 ---p 00002000 08:01 29764728                   /usr/lib/x86_64-linux-gnu/libXinerama.so.1.0.0
7fa393b0a000-7fa393b0b000 r--p 00001000 08:01 29764728                   /usr/lib/x86_64-linux-gnu/libXinerama.so.1.0.0
7fa393b0b000-7fa393b0c000 rw-p 00002000 08:01 29764728                   /usr/lib/x86_64-linux-gnu/libXinerama.so.1.0.0
7fa393b0c000-7fa393b15000 r-xp 00000000 08:01 29764551                   /usr/lib/x86_64-linux-gnu/libXrender.so.1.3.0
7fa393b15000-7fa393d14000 ---p 00009000 08:01 29764551                   /usr/lib/x86_64-linux-gnu/libXrender.so.1.3.0
7fa393d14000-7fa393d15000 r--p 00008000 08:01 29764551                   /usr/lib/x86_64-linux-gnu/libXrender.so.1.3.0
7fa393d15000-7fa393d16000 rw-p 00009000 08:01 29764551                   /usr/lib/x86_64-linux-gnu/libXrender.so.1.3.0
7fa393d16000-7fa393d53000 r-xp 00000000 08:01 29764542                   /usr/lib/x86_64-linux-gnu/libfontconfig.so.1.9.0
7fa393d53000-7fa393f52000 ---p 0003d000 08:01 29764542                   /usr/lib/x86_64-linux-gnu/libfontconfig.so.1.9.0
7fa393f52000-7fa393f54000 r--p 0003c000 08:01 29764542                   /usr/lib/x86_64-linux-gnu/libfontconfig.so.1.9.0
7fa393f54000-7fa393f59000 rw-p 0003e000 08:01 29764542                   /usr/lib/x86_64-linux-gnu/libfontconfig.so.1.9.0
7fa393f59000-7fa393fa2000 r-xp 00000000 08:01 29764580                   /usr/lib/x86_64-linux-gnu/libpango-1.0.so.0.3800.1
7fa393fa2000-7fa3941a2000 ---p 00049000 08:01 29764580                   /usr/lib/x86_64-linux-gnu/libpango-1.0.so.0.3800.1
7fa3941a2000-7fa3941a4000 r--p 00049000 08:01 29764580                   /usr/lib/x86_64-linux-gnu/libpango-1.0.so.0.3800.1
7fa3941a4000-7fa3941a5000 rw-p 0004b000 08:01 29764580                   /usr/lib/x86_64-linux-gnu/libpango-1.0.so.0.3800.1
7fa3941a5000-7fa3941b9000 r-xp 00000000 08:01 29764588                   /usr/lib/x86_64-linux-gnu/libpangoft2-1.0.so.0.3800.1
7fa3941b9000-7fa3943b9000 ---p 00014000 08:01 29764588                   /usr/lib/x86_64-linux-gnu/libpangoft2-1.0.so.0.3800.1
7fa3943b9000-7fa3943ba000 r--p 00014000 08:01 29764588                   /usr/lib/x86_64-linux-gnu/libpangoft2-1.0.so.0.3800.1
7fa3943ba000-7fa3943bb000 rw-p 00015000 08:01 29764588                   /usr/lib/x86_64-linux-gnu/libpangoft2-1.0.so.0.3800.1
7fa3943bb000-7fa3943dd000 r-xp 00000000 08:01 29764621                   /usr/lib/x86_64-linux-gnu/libatk-1.0.so.0.21809.1
7fa3943dd000-7fa3945dc000 ---p 00022000 08:01 29764621                   /usr/lib/x86_64-linux-gnu/libatk-1.0.so.0.21809.1
7fa3945dc000-7fa3945df000 r--p 00021000 08:01 29764621                   /usr/lib/x86_64-linux-gnu/libatk-1.0.so.0.21809.1
7fa3945df000-7fa3945e0000 rw-p 00024000 08:01 29764621                   /usr/lib/x86_64-linux-gnu/libatk-1.0.so.0.21809.1
7fa3945e0000-7fa3945ec000 r-xp 00000000 08:01 29764590                   /usr/lib/x86_64-linux-gnu/libpangocairo-1.0.so.0.3800.1
7fa3945ec000-7fa3947eb000 ---p 0000c000 08:01 29764590                   /usr/lib/x86_64-linux-gnu/libpangocairo-1.0.so.0.3800.1
7fa3947eb000-7fa3947ec000 r--p 0000b000 08:01 29764590                   /usr/lib/x86_64-linux-gnu/libpangocairo-1.0.so.0.3800.1
7fa3947ec000-7fa3947ed000 rw-p 0000c000 08:01 29764590                   /usr/lib/x86_64-linux-gnu/libpangocairo-1.0.so.0.3800.1
7fa3947ed000-7fa3947f0000 r-xp 00000000 08:01 29757146                   /usr/lib/x86_64-linux-gnu/libgmodule-2.0.so.0.4800.1
7fa3947f0000-7fa3949ef000 ---p 00003000 08:01 29757146                   /usr/lib/x86_64-linux-gnu/libgmodule-2.0.so.0.4800.1
7fa3949ef000-7fa3949f0000 r--p 00002000 08:01 29757146                   /usr/lib/x86_64-linux-gnu/libgmodule-2.0.so.0.4800.1
7fa3949f0000-7fa3949f1000 rw-p 00003000 08:01 29757146                   /usr/lib/x86_64-linux-gnu/libgmodule-2.0.so.0.4800.1
7fa3949f1000-7fa3949f6000 r-xp 00000000 08:01 29764831                   /usr/lib/x86_64-linux-gnu/libXtst.so.6.1.0
7fa3949f6000-7fa394bf5000 ---p 00005000 08:01 29764831                   /usr/lib/x86_64-linux-gnu/libXtst.so.6.1.0
7fa394bf5000-7fa394bf6000 r--p 00004000 08:01 29764831                   /usr/lib/x86_64-linux-gnu/libXtst.so.6.1.0
7fa394bf6000-7fa394bf7000 rw-p 00005000 08:01 29764831                   /usr/lib/x86_64-linux-gnu/libXtst.so.6.1.0
7fa394bf7000-7fa394d06000 r-xp 00000000 08:01 23331026                   /lib/x86_64-linux-gnu/libglib-2.0.so.0.4800.1
7fa394d06000-7fa394f05000 ---p 0010f000 08:01 23331026                   /lib/x86_64-linux-gnu/libglib-2.0.so.0.4800.1
7fa394f05000-7fa394f06000 r--p 0010e000 08:01 23331026                   /lib/x86_64-linux-gnu/libglib-2.0.so.0.4800.1
7fa394f06000-7fa394f07000 rw-p 0010f000 08:01 23331026                   /lib/x86_64-linux-gnu/libglib-2.0.so.0.4800.1
7fa394f07000-7fa394f08000 rw-p 00000000 00:00 0 
7fa394f08000-7fa394f09000 r-xp 00000000 08:01 29757145                   /usr/lib/x86_64-linux-gnu/libgthread-2.0.so.0.4800.1
7fa394f09000-7fa395108000 ---p 00001000 08:01 29757145                   /usr/lib/x86_64-linux-gnu/libgthread-2.0.so.0.4800.1
7fa395108000-7fa395109000 r--p 00000000 08:01 29757145                   /usr/lib/x86_64-linux-gnu/libgthread-2.0.so.0.4800.1
7fa395109000-7fa39510a000 rw-p 00001000 08:01 29757145                   /usr/lib/x86_64-linux-gnu/libgthread-2.0.so.0.4800.1
7fa39510a000-7fa39515c000 r-xp 00000000 08:01 29757148                   /usr/lib/x86_64-linux-gnu/libgobject-2.0.so.0.4800.1
7fa39515c000-7fa39535b000 ---p 00052000 08:01 29757148                   /usr/lib/x86_64-linux-gnu/libgobject-2.0.so.0.4800.1
7fa39535b000-7fa39535c000 r--p 00051000 08:01 29757148                   /usr/lib/x86_64-linux-gnu/libgobject-2.0.so.0.4800.1
7fa39535c000-7fa39535d000 rw-p 00052000 08:01 29757148                   /usr/lib/x86_64-linux-gnu/libgobject-2.0.so.0.4800.1
7fa39535d000-7fa3954dd000 r-xp 00000000 08:01 29757147                   /usr/lib/x86_64-linux-gnu/libgio-2.0.so.0.4800.1
7fa3954dd000-7fa3956dd000 ---p 00180000 08:01 29757147                   /usr/lib/x86_64-linux-gnu/libgio-2.0.so.0.4800.1
7fa3956dd000-7fa3956e1000 r--p 00180000 08:01 29757147                   /usr/lib/x86_64-linux-gnu/libgio-2.0.so.0.4800.1
7fa3956e1000-7fa3956e3000 rw-p 00184000 08:01 29757147                   /usr/lib/x86_64-linux-gnu/libgio-2.0.so.0.4800.1
7fa3956e3000-7fa3956e5000 rw-p 00000000 00:00 0 
7fa3956e5000-7fa395706000 r-xp 00000000 08:01 29764537                   /usr/lib/x86_64-linux-gnu/libgdk_pixbuf-2.0.so.0.3200.2
7fa395706000-7fa395905000 ---p 00021000 08:01 29764537                   /usr/lib/x86_64-linux-gnu/libgdk_pixbuf-2.0.so.0.3200.2
7fa395905000-7fa395906000 r--p 00020000 08:01 29764537                   /usr/lib/x86_64-linux-gnu/libgdk_pixbuf-2.0.so.0.3200.2
7fa395906000-7fa395907000 rw-p 00021000 08:01 29764537                   /usr/lib/x86_64-linux-gnu/libgdk_pixbuf-2.0.so.0.3200.2
7fa395907000-7fa395a15000 r-xp 00000000 08:01 29764553                   /usr/lib/x86_64-linux-gnu/libcairo.so.2.11400.6
7fa395a15000-7fa395c15000 ---p 0010e000 08:01 29764553                   /usr/lib/x86_64-linux-gnu/libcairo.so.2.11400.6
7fa395c15000-7fa395c18000 r--p 0010e000 08:01 29764553                   /usr/lib/x86_64-linux-gnu/libcairo.so.2.11400.6
7fa395c18000-7fa395c19000 rw-p 00111000 08:01 29764553                   /usr/lib/x86_64-linux-gnu/libcairo.so.2.11400.6
7fa395c19000-7fa395c1b000 rw-p 00000000 00:00 0 
7fa395c1b000-7fa395ccb000 r-xp 00000000 08:01 29764897                   /usr/lib/x86_64-linux-gnu/libgdk-x11-2.0.so.0.2400.30
7fa395ccb000-7fa395eca000 ---p 000b0000 08:01 29764897                   /usr/lib/x86_64-linux-gnu/libgdk-x11-2.0.so.0.2400.30
7fa395eca000-7fa395ece000 r--p 000af000 08:01 29764897                   /usr/lib/x86_64-linux-gnu/libgdk-x11-2.0.so.0.2400.30
7fa395ece000-7fa395ed0000 rw-p 000b3000 08:01 29764897                   /usr/lib/x86_64-linux-gnu/libgdk-x11-2.0.so.0.2400.30
7fa395ed0000-7fa39630e000 r-xp 00000000 08:01 29764898                   /usr/lib/x86_64-linux-gnu/libgtk-x11-2.0.so.0.2400.30
7fa39630e000-7fa39650d000 ---p 0043e000 08:01 29764898                   /usr/lib/x86_64-linux-gnu/libgtk-x11-2.0.so.0.2400.30
7fa39650d000-7fa396514000 r--p 0043d000 08:01 29764898                   /usr/lib/x86_64-linux-gnu/libgtk-x11-2.0.so.0.2400.30
7fa396514000-7fa396518000 rw-p 00444000 08:01 29764898                   /usr/lib/x86_64-linux-gnu/libgtk-x11-2.0.so.0.2400.30
7fa396518000-7fa39651b000 rw-p 00000000 00:00 0 
7fa39651b000-7fa396543000 r-xp 00000000 08:01 3152130                    /usr/lib/jvm/java-8-openjdk-amd64/jre/lib/amd64/libglass.so
7fa396543000-7fa396743000 ---p 00028000 08:01 3152130                    /usr/lib/jvm/java-8-openjdk-amd64/jre/lib/amd64/libglass.so
7fa396743000-7fa396744000 r--p 00028000 08:01 3152130                    /usr/lib/jvm/java-8-openjdk-amd64/jre/lib/amd64/libglass.so
7fa396744000-7fa396745000 rw-p 00029000 08:01 3152130                    /usr/lib/jvm/java-8-openjdk-amd64/jre/lib/amd64/libglass.so
7fa396745000-7fa3967c5000 rw-s 110878000 00:06 360                       /dev/dri/card0
7fa3967c5000-7fa3967fc000 r-xp 00000000 08:01 29764833                   /usr/lib/x86_64-linux-gnu/libtxc_dxtn_s2tc.so.0.0.0
7fa3967fc000-7fa3969fb000 ---p 00037000 08:01 29764833                   /usr/lib/x86_64-linux-gnu/libtxc_dxtn_s2tc.so.0.0.0
7fa3969fb000-7fa3969fc000 r--p 00036000 08:01 29764833                   /usr/lib/x86_64-linux-gnu/libtxc_dxtn_s2tc.so.0.0.0
7fa3969fc000-7fa3969fd000 rw-p 00037000 08:01 29764833                   /usr/lib/x86_64-linux-gnu/libtxc_dxtn_s2tc.so.0.0.0
7fa3969fd000-7fa396a10000 r-xp 00000000 08:01 23331072                   /lib/x86_64-linux-gnu/libbsd.so.0.8.2
7fa396a10000-7fa396c0f000 ---p 00013000 08:01 23331072                   /lib/x86_64-linux-gnu/libbsd.so.0.8.2
7fa396c0f000-7fa396c10000 r--p 00012000 08:01 23331072                   /lib/x86_64-linux-gnu/libbsd.so.0.8.2
7fa396c10000-7fa396c11000 rw-p 00013000 08:01 23331072                   /lib/x86_64-linux-gnu/libbsd.so.0.8.2
7fa396c11000-7fa396c12000 rw-p 00000000 00:00 0 
7fa396c12000-7fa396c37000 r-xp 00000000 08:01 23330928                   /lib/x86_64-linux-gnu/libtinfo.so.5.9
7fa396c37000-7fa396e36000 ---p 00025000 08:01 23330928                   /lib/x86_64-linux-gnu/libtinfo.so.5.9
7fa396e36000-7fa396e3a000 r--p 00024000 08:01 23330928                   /lib/x86_64-linux-gnu/libtinfo.so.5.9
7fa396e3a000-7fa396e3b000 rw-p 00028000 08:01 23330928                   /lib/x86_64-linux-gnu/libtinfo.so.5.9
7fa396e3b000-7fa396e6c000 r-xp 00000000 08:01 29759366                   /usr/lib/x86_64-linux-gnu/libedit.so.2.0.53
7fa396e6c000-7fa39706c000 ---p 00031000 08:01 29759366                   /usr/lib/x86_64-linux-gnu/libedit.so.2.0.53
7fa39706c000-7fa39706e000 r--p 00031000 08:01 29759366                   /usr/lib/x86_64-linux-gnu/libedit.so.2.0.53
7fa39706e000-7fa39706f000 rw-p 00033000 08:01 29759366                   /usr/lib/x86_64-linux-gnu/libedit.so.2.0.53
7fa39706f000-7fa397073000 rw-p 00000000 00:00 0 
7fa397073000-7fa39707a000 r-xp 00000000 08:01 29757991                   /usr/lib/x86_64-linux-gnu/libffi.so.6.0.4
7fa39707a000-7fa397279000 ---p 00007000 08:01 29757991                   /usr/lib/x86_64-linux-gnu/libffi.so.6.0.4
7fa397279000-7fa39727a000 r--p 00006000 08:01 29757991                   /usr/lib/x86_64-linux-gnu/libffi.so.6.0.4
7fa39727a000-7fa39727b000 rw-p 00007000 08:01 29757991                   /usr/lib/x86_64-linux-gnu/libffi.so.6.0.4
7fa39727b000-7fa39976d000 r-xp 00000000 08:01 29764704                   /usr/lib/x86_64-linux-gnu/libLLVM-3.8.so.1
7fa39976d000-7fa39996d000 ---p 024f2000 08:01 29764704                   /usr/lib/x86_64-linux-gnu/libLLVM-3.8.so.1
7fa39996d000-7fa399c22000 r--p 024f2000 08:01 29764704                   /usr/lib/x86_64-linux-gnu/libLLVM-3.8.so.1
7fa399c22000-7fa399c24000 rw-p 027a7000 08:01 29764704                   /usr/lib/x86_64-linux-gnu/libLLVM-3.8.so.1
7fa399c24000-7fa399c4e000 rw-p 00000000 00:00 0 
7fa399c4e000-7fa399c65000 r-xp 00000000 08:01 29764702                   /usr/lib/x86_64-linux-gnu/libelf-0.165.so
7fa399c65000-7fa399e64000 ---p 00017000 08:01 29764702                   /usr/lib/x86_64-linux-gnu/libelf-0.165.so
7fa399e64000-7fa399e65000 r--p 00016000 08:01 29764702                   /usr/lib/x86_64-linux-gnu/libelf-0.165.so
7fa399e65000-7fa399e66000 rw-p 00017000 08:01 29764702                   /usr/lib/x86_64-linux-gnu/libelf-0.165.so
7fa399e66000-7fa399e6d000 r-xp 00000000 08:01 29764691                   /usr/lib/x86_64-linux-gnu/libdrm_amdgpu.so.1.0.0
7fa399e6d000-7fa39a06c000 ---p 00007000 08:01 29764691                   /usr/lib/x86_64-linux-gnu/libdrm_amdgpu.so.1.0.0
7fa39a06c000-7fa39a06d000 r--p 00006000 08:01 29764691                   /usr/lib/x86_64-linux-gnu/libdrm_amdgpu.so.1.0.0
7fa39a06d000-7fa39a06e000 rw-p 00007000 08:01 29764691                   /usr/lib/x86_64-linux-gnu/libdrm_amdgpu.so.1.0.0
7fa39a06e000-7fa39a079000 r-xp 00000000 08:01 29764700                   /usr/lib/x86_64-linux-gnu/libdrm_radeon.so.1.0.1
7fa39a079000-7fa39a278000 ---p 0000b000 08:01 29764700                   /usr/lib/x86_64-linux-gnu/libdrm_radeon.so.1.0.1
7fa39a278000-7fa39a279000 r--p 0000a000 08:01 29764700                   /usr/lib/x86_64-linux-gnu/libdrm_radeon.so.1.0.1
7fa39a279000-7fa39a27a000 rw-p 0000b000 08:01 29764700                   /usr/lib/x86_64-linux-gnu/libdrm_radeon.so.1.0.1
7fa39a27a000-7fa39a281000 r-xp 00000000 08:01 29764697                   /usr/lib/x86_64-linux-gnu/libdrm_nouveau.so.2.0.0
7fa39a281000-7fa39a480000 ---p 00007000 08:01 29764697                   /usr/lib/x86_64-linux-gnu/libdrm_nouveau.so.2.0.0
7fa39a480000-7fa39a481000 r--p 00006000 08:01 29764697                   /usr/lib/x86_64-linux-gnu/libdrm_nouveau.so.2.0.0
7fa39a481000-7fa39a482000 rw-p 00007000 08:01 29764697                   /usr/lib/x86_64-linux-gnu/libdrm_nouveau.so.2.0.0
7fa39a482000-7fa39ad49000 r-xp 00000000 08:01 29764708                   /usr/lib/x86_64-linux-gnu/dri/nouveau_dri.so
7fa39ad49000-7fa39af48000 ---p 008c7000 08:01 29764708                   /usr/lib/x86_64-linux-gnu/dri/nouveau_dri.so
7fa39af48000-7fa39afbc000 r--p 008c6000 08:01 29764708                   /usr/lib/x86_64-linux-gnu/dri/nouveau_dri.so
7fa39afbc000-7fa39afcb000 rw-p 0093a000 08:01 29764708                   /usr/lib/x86_64-linux-gnu/dri/nouveau_dri.so
7fa39afcb000-7fa39b1c1000 rw-p 00000000 00:00 0 
7fa39b1c1000-7fa39b1c6000 r-xp 00000000 08:01 29759124                   /usr/lib/x86_64-linux-gnu/libXdmcp.so.6.0.0
7fa39b1c6000-7fa39b3c5000 ---p 00005000 08:01 29759124                   /usr/lib/x86_64-linux-gnu/libXdmcp.so.6.0.0
7fa39b3c5000-7fa39b3c6000 r--p 00004000 08:01 29759124                   /usr/lib/x86_64-linux-gnu/libXdmcp.so.6.0.0
7fa39b3c6000-7fa39b3c7000 rw-p 00005000 08:01 29759124                   /usr/lib/x86_64-linux-gnu/libXdmcp.so.6.0.0
7fa39b3c7000-7fa39b3c9000 r-xp 00000000 08:01 29759119                   /usr/lib/x86_64-linux-gnu/libXau.so.6.0.0
7fa39b3c9000-7fa39b5c9000 ---p 00002000 08:01 29759119                   /usr/lib/x86_64-linux-gnu/libXau.so.6.0.0
7fa39b5c9000-7fa39b5ca000 r--p 00002000 08:01 29759119                   /usr/lib/x86_64-linux-gnu/libXau.so.6.0.0
7fa39b5ca000-7fa39b5cb000 rw-p 00003000 08:01 29759119                   /usr/lib/x86_64-linux-gnu/libXau.so.6.0.0
7fa39b5cb000-7fa39b5d9000 r-xp 00000000 08:01 29764119                   /usr/lib/x86_64-linux-gnu/libdrm.so.2.4.0
7fa39b5d9000-7fa39b7d8000 ---p 0000e000 08:01 29764119                   /usr/lib/x86_64-linux-gnu/libdrm.so.2.4.0
7fa39b7d8000-7fa39b7d9000 r--p 0000d000 08:01 29764119                   /usr/lib/x86_64-linux-gnu/libdrm.so.2.4.0
7fa39b7d9000-7fa39b7da000 rw-p 0000e000 08:01 29764119                   /usr/lib/x86_64-linux-gnu/libdrm.so.2.4.0
7fa39b7da000-7fa39b7df000 r-xp 00000000 08:01 29765530                   /usr/lib/x86_64-linux-gnu/libXxf86vm.so.1.0.0
7fa39b7df000-7fa39b9de000 ---p 00005000 08:01 29765530                   /usr/lib/x86_64-linux-gnu/libXxf86vm.so.1.0.0
7fa39b9de000-7fa39b9df000 r--p 00004000 08:01 29765530                   /usr/lib/x86_64-linux-gnu/libXxf86vm.so.1.0.0
7fa39b9df000-7fa39b9e0000 rw-p 00005000 08:01 29765530                   /usr/lib/x86_64-linux-gnu/libXxf86vm.so.1.0.0
7fa39b9e0000-7fa39b9e4000 r-xp 00000000 08:01 29764679                   /usr/lib/x86_64-linux-gnu/libxcb-dri2.so.0.0.0
7fa39b9e4000-7fa39bbe3000 ---p 00004000 08:01 29764679                   /usr/lib/x86_64-linux-gnu/libxcb-dri2.so.0.0.0
7fa39bbe3000-7fa39bbe4000 r--p 00003000 08:01 29764679                   /usr/lib/x86_64-linux-gnu/libxcb-dri2.so.0.0.0
7fa39bbe4000-7fa39bbe5000 rw-p 00004000 08:01 29764679                   /usr/lib/x86_64-linux-gnu/libxcb-dri2.so.0.0.0
7fa39bbe5000-7fa39bbfc000 r-xp 00000000 08:01 29765528                   /usr/lib/x86_64-linux-gnu/libxcb-glx.so.0.0.0
7fa39bbfc000-7fa39bdfb000 ---p 00017000 08:01 29765528                   /usr/lib/x86_64-linux-gnu/libxcb-glx.so.0.0.0
7fa39bdfb000-7fa39bdfd000 r--p 00016000 08:01 29765528                   /usr/lib/x86_64-linux-gnu/libxcb-glx.so.0.0.0
7fa39bdfd000-7fa39bdfe000 rw-p 00018000 08:01 29765528                   /usr/lib/x86_64-linux-gnu/libxcb-glx.so.0.0.0
7fa39bdfe000-7fa39bdff000 r-xp 00000000 08:01 29764677                   /usr/lib/x86_64-linux-gnu/libX11-xcb.so.1.0.0
7fa39bdff000-7fa39bffe000 ---p 00001000 08:01 29764677                   /usr/lib/x86_64-linux-gnu/libX11-xcb.so.1.0.0
7fa39bffe000-7fa39bfff000 r--p 00000000 08:01 29764677                   /usr/lib/x86_64-linux-gnu/libX11-xcb.so.1.0.0
7fa39bfff000-7fa39c000000 rw-p 00001000 08:01 29764677                   /usr/lib/x86_64-linux-gnu/libX11-xcb.so.1.0.0
7fa39c000000-7fa39c204000 rw-p 00000000 00:00 0 
7fa39c204000-7fa3a0000000 ---p 00000000 00:00 0 
7fa3a0000000-7fa3a065b000 rw-p 00000000 00:00 0 
7fa3a065b000-7fa3a4000000 ---p 00000000 00:00 0 
7fa3a4000000-7fa3a4021000 rw-p 00000000 00:00 0 
7fa3a4021000-7fa3a8000000 ---p 00000000 00:00 0 
7fa3a8000000-7fa3a8021000 rw-p 00000000 00:00 0 
7fa3a8021000-7fa3ac000000 ---p 00000000 00:00 0 
7fa3ac000000-7fa3ac8f4000 rw-p 00000000 00:00 0 
7fa3ac8f4000-7fa3b0000000 ---p 00000000 00:00 0 
7fa3b0000000-7fa3b04c2000 rw-p 00000000 00:00 0 
7fa3b04c2000-7fa3b4000000 ---p 00000000 00:00 0 
7fa3b4000000-7fa3b4021000 rw-p 00000000 00:00 0 
7fa3b4021000-7fa3b8000000 ---p 00000000 00:00 0 
7fa3b8000000-7fa3b8baf000 rw-p 00000000 00:00 0 
7fa3b8baf000-7fa3bc000000 ---p 00000000 00:00 0 
7fa3bc000000-7fa3bc021000 rw-p 00000000 00:00 0 
7fa3bc021000-7fa3c0000000 ---p 00000000 00:00 0 
7fa3c0000000-7fa3c0021000 rw-p 00000000 00:00 0 
7fa3c0021000-7fa3c4000000 ---p 00000000 00:00 0 
7fa3c4000000-7fa3c4021000 rw-p 00000000 00:00 0 
7fa3c4021000-7fa3c8000000 ---p 00000000 00:00 0 
7fa3c8000000-7fa3c8021000 rw-p 00000000 00:00 0 
7fa3c8021000-7fa3cc000000 ---p 00000000 00:00 0 
7fa3cc000000-7fa3cc021000 rw-p 00000000 00:00 0 
7fa3cc021000-7fa3d0000000 ---p 00000000 00:00 0 
7fa3d0000000-7fa3d0001000 r--s 00000000 08:01 1459402                    /var/cache/fontconfig/56cf4f4769d0f4abc89a4895d7bd3ae1-le64.cache-6
7fa3d0001000-7fa3d000c000 r--s 00000000 08:01 1459397                    /var/cache/fontconfig/83bf95040141907cd45bb53cf7c1c148-le64.cache-6
7fa3d000c000-7fa3d0015000 r--s 00000000 08:01 1461982                    /var/cache/fontconfig/d0972c3d32f097851eb916381fc38920-le64.cache-6
7fa3d0015000-7fa3d0019000 r--s 00000000 08:01 1461868                    /var/cache/fontconfig/7ef2298fde41cc6eeb7af42e48b7d293-le64.cache-6
7fa3d0019000-7fa3d001e000 r-xp 00000000 08:01 29764720                   /usr/lib/x86_64-linux-gnu/libXfixes.so.3.1.0
7fa3d001e000-7fa3d021d000 ---p 00005000 08:01 29764720                   /usr/lib/x86_64-linux-gnu/libXfixes.so.3.1.0
7fa3d021d000-7fa3d021e000 r--p 00004000 08:01 29764720                   /usr/lib/x86_64-linux-gnu/libXfixes.so.3.1.0
7fa3d021e000-7fa3d021f000 rw-p 00005000 08:01 29764720                   /usr/lib/x86_64-linux-gnu/libXfixes.so.3.1.0
7fa3d021f000-7fa3d0221000 r-xp 00000000 08:01 29764724                   /usr/lib/x86_64-linux-gnu/libXdamage.so.1.1.0
7fa3d0221000-7fa3d0420000 ---p 00002000 08:01 29764724                   /usr/lib/x86_64-linux-gnu/libXdamage.so.1.1.0
7fa3d0420000-7fa3d0421000 r--p 00001000 08:01 29764724                   /usr/lib/x86_64-linux-gnu/libXdamage.so.1.1.0
7fa3d0421000-7fa3d0422000 rw-p 00002000 08:01 29764724                   /usr/lib/x86_64-linux-gnu/libXdamage.so.1.1.0
7fa3d0422000-7fa3d0433000 r-xp 00000000 08:01 29759206                   /usr/lib/x86_64-linux-gnu/libXext.so.6.4.0
7fa3d0433000-7fa3d0632000 ---p 00011000 08:01 29759206                   /usr/lib/x86_64-linux-gnu/libXext.so.6.4.0
7fa3d0632000-7fa3d0633000 r--p 00010000 08:01 29759206                   /usr/lib/x86_64-linux-gnu/libXext.so.6.4.0
7fa3d0633000-7fa3d0634000 rw-p 00011000 08:01 29759206                   /usr/lib/x86_64-linux-gnu/libXext.so.6.4.0
7fa3d0634000-7fa3d065d000 r-xp 00000000 08:01 29765525                   /usr/lib/x86_64-linux-gnu/libglapi.so.0.0.0
7fa3d065d000-7fa3d085c000 ---p 00029000 08:01 29765525                   /usr/lib/x86_64-linux-gnu/libglapi.so.0.0.0
7fa3d085c000-7fa3d0860000 r--p 00028000 08:01 29765525                   /usr/lib/x86_64-linux-gnu/libglapi.so.0.0.0
7fa3d0860000-7fa3d0861000 rw-p 0002c000 08:01 29765525                   /usr/lib/x86_64-linux-gnu/libglapi.so.0.0.0
7fa3d0861000-7fa3d0862000 rw-p 00000000 00:00 0 
7fa3d0862000-7fa3d0863000 r-xp 00000000 08:01 29764689                   /usr/lib/x86_64-linux-gnu/libxshmfence.so.1.0.0
7fa3d0863000-7fa3d0a63000 ---p 00001000 08:01 29764689                   /usr/lib/x86_64-linux-gnu/libxshmfence.so.1.0.0
7fa3d0a63000-7fa3d0a64000 r--p 00001000 08:01 29764689                   /usr/lib/x86_64-linux-gnu/libxshmfence.so.1.0.0
7fa3d0a64000-7fa3d0a65000 rw-p 00002000 08:01 29764689                   /usr/lib/x86_64-linux-gnu/libxshmfence.so.1.0.0
7fa3d0a65000-7fa3d0a6a000 r-xp 00000000 08:01 29764685                   /usr/lib/x86_64-linux-gnu/libxcb-sync.so.1.0.0
7fa3d0a6a000-7fa3d0c6a000 ---p 00005000 08:01 29764685                   /usr/lib/x86_64-linux-gnu/libxcb-sync.so.1.0.0
7fa3d0c6a000-7fa3d0c6b000 r--p 00005000 08:01 29764685                   /usr/lib/x86_64-linux-gnu/libxcb-sync.so.1.0.0
7fa3d0c6b000-7fa3d0c6c000 rw-p 00006000 08:01 29764685                   /usr/lib/x86_64-linux-gnu/libxcb-sync.so.1.0.0
7fa3d0c6c000-7fa3d0c6e000 r-xp 00000000 08:01 29764683                   /usr/lib/x86_64-linux-gnu/libxcb-present.so.0.0.0
7fa3d0c6e000-7fa3d0e6d000 ---p 00002000 08:01 29764683                   /usr/lib/x86_64-linux-gnu/libxcb-present.so.0.0.0
7fa3d0e6d000-7fa3d0e6e000 r--p 00001000 08:01 29764683                   /usr/lib/x86_64-linux-gnu/libxcb-present.so.0.0.0
7fa3d0e6e000-7fa3d0e6f000 rw-p 00002000 08:01 29764683                   /usr/lib/x86_64-linux-gnu/libxcb-present.so.0.0.0
7fa3d0e6f000-7fa3d0e71000 r-xp 00000000 08:01 29764681                   /usr/lib/x86_64-linux-gnu/libxcb-dri3.so.0.0.0
7fa3d0e71000-7fa3d1070000 ---p 00002000 08:01 29764681                   /usr/lib/x86_64-linux-gnu/libxcb-dri3.so.0.0.0
7fa3d1070000-7fa3d1071000 r--p 00001000 08:01 29764681                   /usr/lib/x86_64-linux-gnu/libxcb-dri3.so.0.0.0
7fa3d1071000-7fa3d1072000 rw-p 00002000 08:01 29764681                   /usr/lib/x86_64-linux-gnu/libxcb-dri3.so.0.0.0
7fa3d1072000-7fa3d1098000 r-xp 00000000 08:01 23330880                   /lib/x86_64-linux-gnu/libexpat.so.1.6.0
7fa3d1098000-7fa3d1298000 ---p 00026000 08:01 23330880                   /lib/x86_64-linux-gnu/libexpat.so.1.6.0
7fa3d1298000-7fa3d129a000 r--p 00026000 08:01 23330880                   /lib/x86_64-linux-gnu/libexpat.so.1.6.0
7fa3d129a000-7fa3d129b000 rw-p 00028000 08:01 23330880                   /lib/x86_64-linux-gnu/libexpat.so.1.6.0
7fa3d129b000-7fa3d12bc000 r-xp 00000000 08:01 29759140                   /usr/lib/x86_64-linux-gnu/libxcb.so.1.1.0
7fa3d12bc000-7fa3d14bb000 ---p 00021000 08:01 29759140                   /usr/lib/x86_64-linux-gnu/libxcb.so.1.1.0
7fa3d14bb000-7fa3d14bc000 r--p 00020000 08:01 29759140                   /usr/lib/x86_64-linux-gnu/libxcb.so.1.1.0
7fa3d14bc000-7fa3d14bd000 rw-p 00021000 08:01 29759140                   /usr/lib/x86_64-linux-gnu/libxcb.so.1.1.0
7fa3d14bd000-7fa3d152a000 r-xp 00000000 08:01 395142                     /usr/lib/x86_64-linux-gnu/mesa/libGL.so.1.2.0
7fa3d152a000-7fa3d1729000 ---p 0006d000 08:01 395142                     /usr/lib/x86_64-linux-gnu/mesa/libGL.so.1.2.0
7fa3d1729000-7fa3d172c000 r--p 0006c000 08:01 395142                     /usr/lib/x86_64-linux-gnu/mesa/libGL.so.1.2.0
7fa3d172c000-7fa3d172d000 rw-p 0006f000 08:01 395142                     /usr/lib/x86_64-linux-gnu/mesa/libGL.so.1.2.0
7fa3d172d000-7fa3d172e000 rw-p 00000000 00:00 0 
7fa3d172e000-7fa3d1863000 r-xp 00000000 08:01 29759183                   /usr/lib/x86_64-linux-gnu/libX11.so.6.3.0
7fa3d1863000-7fa3d1a63000 ---p 00135000 08:01 29759183                   /usr/lib/x86_64-linux-gnu/libX11.so.6.3.0
7fa3d1a63000-7fa3d1a64000 r--p 00135000 08:01 29759183                   /usr/lib/x86_64-linux-gnu/libX11.so.6.3.0
7fa3d1a64000-7fa3d1a68000 rw-p 00136000 08:01 29759183                   /usr/lib/x86_64-linux-gnu/libX11.so.6.3.0
7fa3d1a68000-7fa3d1a74000 r-xp 00000000 08:01 3152128                    /usr/lib/jvm/java-8-openjdk-amd64/jre/lib/amd64/libprism_es2.so
7fa3d1a74000-7fa3d1c73000 ---p 0000c000 08:01 3152128                    /usr/lib/jvm/java-8-openjdk-amd64/jre/lib/amd64/libprism_es2.so
7fa3d1c73000-7fa3d1c74000 r--p 0000b000 08:01 3152128                    /usr/lib/jvm/java-8-openjdk-amd64/jre/lib/amd64/libprism_es2.so
7fa3d1c74000-7fa3d1c75000 rw-p 0000c000 08:01 3152128                    /usr/lib/jvm/java-8-openjdk-amd64/jre/lib/amd64/libprism_es2.so
7fa3d1c75000-7fa3d1c78000 ---p 00000000 00:00 0 
7fa3d1c78000-7fa3d1d76000 rw-p 00000000 00:00 0 
7fa3d1d76000-7fa3d1d79000 ---p 00000000 00:00 0 
7fa3d1d79000-7fa3d1e77000 rw-p 00000000 00:00 0 
7fa3d1e77000-7fa3d1f0d000 r--s 008d7000 08:01 933009                     /usr/share/java/openjfx/jre/lib/ext/jfxrt.jar
7fa3d1f0d000-7fa3d1f0e000 ---p 00000000 00:00 0 
7fa3d1f0e000-7fa3d200e000 rw-p 00000000 00:00 0 
7fa3d200e000-7fa3d2011000 ---p 00000000 00:00 0 
7fa3d2011000-7fa3d210f000 rw-p 00000000 00:00 0 
7fa3d210f000-7fa3d2112000 ---p 00000000 00:00 0 
7fa3d2112000-7fa3d2210000 rw-p 00000000 00:00 0 
7fa3d2210000-7fa3d2213000 ---p 00000000 00:00 0 
7fa3d2213000-7fa3d2311000 rw-p 00000000 00:00 0 
7fa3d2311000-7fa3d2314000 ---p 00000000 00:00 0 
7fa3d2314000-7fa3d2412000 rw-p 00000000 00:00 0 
7fa3d2412000-7fa3d2415000 ---p 00000000 00:00 0 
7fa3d2415000-7fa3d2513000 rw-p 00000000 00:00 0 
7fa3d2513000-7fa3d27f0000 r--p 00000000 08:01 29756852                   /usr/lib/locale/locale-archive
7fa3d27f0000-7fa3d27f3000 ---p 00000000 00:00 0 
7fa3d27f3000-7fa3d28f1000 rw-p 00000000 00:00 0 
7fa3d28f1000-7fa3d28f4000 ---p 00000000 00:00 0 
7fa3d28f4000-7fa3d29f2000 rw-p 00000000 00:00 0 
7fa3d29f2000-7fa3d29f3000 ---p 00000000 00:00 0 
7fa3d29f3000-7fa3d4000000 rw-p 00000000 00:00 0 
7fa3d4000000-7fa3d4021000 rw-p 00000000 00:00 0 
7fa3d4021000-7fa3d8000000 ---p 00000000 00:00 0 
7fa3d8000000-7fa3d8003000 r--s 00000000 08:01 1463568                    /var/cache/fontconfig/e49e89034d371f0f9de17aab02136486-le64.cache-6
7fa3d8003000-7fa3d802e000 r--p 00000000 08:01 791772                     /usr/share/locale-langpack/fr/LC_MESSAGES/gtk20-properties.mo
7fa3d802e000-7fa3dc000000 rw-p 00000000 00:00 0 
7fa3dc000000-7fa3dc021000 rw-p 00000000 00:00 0 
7fa3dc021000-7fa3e0000000 ---p 00000000 00:00 0 
7fa3e0000000-7fa3e0001000 r--s 00000000 08:01 1457022                    /var/cache/fontconfig/b9d506c9ac06c20b433354fa67a72993-le64.cache-6
7fa3e0001000-7fa3e0003000 r--s 00000000 08:01 1463563                    /var/cache/fontconfig/4b14b093aebc79c320de5e86ae1d3314-le64.cache-6
7fa3e0003000-7fa3e0021000 r-xp 00000000 08:01 23331108                   /lib/x86_64-linux-gnu/libudev.so.1.6.4
7fa3e0021000-7fa3e0022000 r--p 0001d000 08:01 23331108                   /lib/x86_64-linux-gnu/libudev.so.1.6.4
7fa3e0022000-7fa3e0023000 rw-p 0001e000 08:01 23331108                   /lib/x86_64-linux-gnu/libudev.so.1.6.4
7fa3e0023000-7fa3e0024000 r--s 00000000 08:01 1459400                    /var/cache/fontconfig/551ecf3b0e8b0bca0f25c0944f561853-le64.cache-6
7fa3e0024000-7fa3e0025000 r--s 00000000 08:01 1461865                    /var/cache/fontconfig/8a687c406b77f27d99abfeeba937fcce-le64.cache-6
7fa3e0025000-7fa3e004b000 r--p 00000000 08:01 788339                     /usr/share/locale-langpack/fr/LC_MESSAGES/libc.mo
7fa3e004b000-7fa3e0066000 r--s 001d5000 08:01 3149544                    /usr/lib/jvm/java-8-openjdk-amd64/jre/lib/ext/nashorn.jar
7fa3e0066000-7fa3e0081000 r--s 00394000 08:01 3149543                    /usr/lib/jvm/java-8-openjdk-amd64/jre/lib/ext/cldrdata.jar
7fa3e0081000-7fa3e0110000 rw-p 00000000 00:00 0 
7fa3e0110000-7fa3e02de000 r--s 03bf1000 08:01 3149563                    /usr/lib/jvm/java-8-openjdk-amd64/jre/lib/rt.jar
7fa3e02de000-7fa3e078c000 rw-p 00000000 00:00 0 
7fa3e078c000-7fa3e078d000 ---p 00000000 00:00 0 
7fa3e078d000-7fa3e088d000 rw-p 00000000 00:00 0 
7fa3e088d000-7fa3e088e000 ---p 00000000 00:00 0 
7fa3e088e000-7fa3e09b8000 rw-p 00000000 00:00 0 
7fa3e09b8000-7fa3e0c22000 ---p 00000000 00:00 0 
7fa3e0c22000-7fa3e0c4c000 rw-p 00000000 00:00 0 
7fa3e0c4c000-7fa3e0eb5000 ---p 00000000 00:00 0 
7fa3e0eb5000-7fa3e0ed8000 rw-p 00000000 00:00 0 
7fa3e0ed8000-7fa3e0fff000 ---p 00000000 00:00 0 
7fa3e0fff000-7fa3e1000000 rw-p 00000000 00:00 0 
7fa3e1000000-7fa3e16a0000 rwxp 00000000 00:00 0 
7fa3e16a0000-7fa3f0000000 ---p 00000000 00:00 0 
7fa3f0000000-7fa3f01ea000 rw-p 00000000 00:00 0 
7fa3f01ea000-7fa3f4000000 ---p 00000000 00:00 0 
7fa3f4000000-7fa3f4003000 r--s 00000000 08:01 1459398                    /var/cache/fontconfig/75114ca45c98e8a441da0ff356701271-le64.cache-6
7fa3f4003000-7fa3f4006000 r--p 00000000 08:01 791765                     /usr/share/locale-langpack/fr/LC_MESSAGES/atk10.mo
7fa3f4006000-7fa3f4015000 r--p 00000000 08:01 791778                     /usr/share/locale-langpack/fr/LC_MESSAGES/gtk20.mo
7fa3f4015000-7fa3f4036000 rw-p 00000000 00:00 0 
7fa3f4036000-7fa3f4037000 ---p 00000000 00:00 0 
7fa3f4037000-7fa3f4137000 rw-p 00000000 00:00 0 
7fa3f4137000-7fa3f4138000 ---p 00000000 00:00 0 
7fa3f4138000-7fa3f4253000 rw-p 00000000 00:00 0 
7fa3f4253000-7fa3f45f8000 ---p 00000000 00:00 0 
7fa3f45f8000-7fa3f4600000 r-xp 00000000 08:01 3149517                    /usr/lib/jvm/java-8-openjdk-amd64/jre/lib/amd64/libzip.so
7fa3f4600000-7fa3f47ff000 ---p 00008000 08:01 3149517                    /usr/lib/jvm/java-8-openjdk-amd64/jre/lib/amd64/libzip.so
7fa3f47ff000-7fa3f4800000 r--p 00007000 08:01 3149517                    /usr/lib/jvm/java-8-openjdk-amd64/jre/lib/amd64/libzip.so
7fa3f4800000-7fa3f4801000 rw-p 00008000 08:01 3149517                    /usr/lib/jvm/java-8-openjdk-amd64/jre/lib/amd64/libzip.so
7fa3f4801000-7fa3f482e000 r-xp 00000000 08:01 3149510                    /usr/lib/jvm/java-8-openjdk-amd64/jre/lib/amd64/libjava.so
7fa3f482e000-7fa3f4a2d000 ---p 0002d000 08:01 3149510                    /usr/lib/jvm/java-8-openjdk-amd64/jre/lib/amd64/libjava.so
7fa3f4a2d000-7fa3f4a2e000 r--p 0002c000 08:01 3149510                    /usr/lib/jvm/java-8-openjdk-amd64/jre/lib/amd64/libjava.so
7fa3f4a2e000-7fa3f4a30000 rw-p 0002d000 08:01 3149510                    /usr/lib/jvm/java-8-openjdk-amd64/jre/lib/amd64/libjava.so
7fa3f4a30000-7fa3f4a3f000 r-xp 00000000 08:01 3149515                    /usr/lib/jvm/java-8-openjdk-amd64/jre/lib/amd64/libverify.so
7fa3f4a3f000-7fa3f4c3e000 ---p 0000f000 08:01 3149515                    /usr/lib/jvm/java-8-openjdk-amd64/jre/lib/amd64/libverify.so
7fa3f4c3e000-7fa3f4c40000 r--p 0000e000 08:01 3149515                    /usr/lib/jvm/java-8-openjdk-amd64/jre/lib/amd64/libverify.so
7fa3f4c40000-7fa3f4c41000 rw-p 00010000 08:01 3149515                    /usr/lib/jvm/java-8-openjdk-amd64/jre/lib/amd64/libverify.so
7fa3f4c41000-7fa3f4c48000 r-xp 00000000 08:01 23331006                   /lib/x86_64-linux-gnu/librt-2.23.so
7fa3f4c48000-7fa3f4e47000 ---p 00007000 08:01 23331006                   /lib/x86_64-linux-gnu/librt-2.23.so
7fa3f4e47000-7fa3f4e48000 r--p 00006000 08:01 23331006                   /lib/x86_64-linux-gnu/librt-2.23.so
7fa3f4e48000-7fa3f4e49000 rw-p 00007000 08:01 23331006                   /lib/x86_64-linux-gnu/librt-2.23.so
7fa3f4e49000-7fa3f4e5f000 r-xp 00000000 08:01 23330881                   /lib/x86_64-linux-gnu/libgcc_s.so.1
7fa3f4e5f000-7fa3f505e000 ---p 00016000 08:01 23330881                   /lib/x86_64-linux-gnu/libgcc_s.so.1
7fa3f505e000-7fa3f505f000 rw-p 00015000 08:01 23330881                   /lib/x86_64-linux-gnu/libgcc_s.so.1
7fa3f505f000-7fa3f5167000 r-xp 00000000 08:01 23331002                   /lib/x86_64-linux-gnu/libm-2.23.so
7fa3f5167000-7fa3f5366000 ---p 00108000 08:01 23331002                   /lib/x86_64-linux-gnu/libm-2.23.so
7fa3f5366000-7fa3f5367000 r--p 00107000 08:01 23331002                   /lib/x86_64-linux-gnu/libm-2.23.so
7fa3f5367000-7fa3f5368000 rw-p 00108000 08:01 23331002                   /lib/x86_64-linux-gnu/libm-2.23.so
7fa3f5368000-7fa3f54da000 r-xp 00000000 08:01 29754391                   /usr/lib/x86_64-linux-gnu/libstdc++.so.6.0.21
7fa3f54da000-7fa3f56da000 ---p 00172000 08:01 29754391                   /usr/lib/x86_64-linux-gnu/libstdc++.so.6.0.21
7fa3f56da000-7fa3f56e4000 r--p 00172000 08:01 29754391                   /usr/lib/x86_64-linux-gnu/libstdc++.so.6.0.21
7fa3f56e4000-7fa3f56e6000 rw-p 0017c000 08:01 29754391                   /usr/lib/x86_64-linux-gnu/libstdc++.so.6.0.21
7fa3f56e6000-7fa3f56ea000 rw-p 00000000 00:00 0 
7fa3f56ea000-7fa3f6339000 r-xp 00000000 08:01 3149519                    /usr/lib/jvm/java-8-openjdk-amd64/jre/lib/amd64/server/libjvm.so
7fa3f6339000-7fa3f6538000 ---p 00c4f000 08:01 3149519                    /usr/lib/jvm/java-8-openjdk-amd64/jre/lib/amd64/server/libjvm.so
7fa3f6538000-7fa3f65cb000 r--p 00c4e000 08:01 3149519                    /usr/lib/jvm/java-8-openjdk-amd64/jre/lib/amd64/server/libjvm.so
7fa3f65cb000-7fa3f65f4000 rw-p 00ce1000 08:01 3149519                    /usr/lib/jvm/java-8-openjdk-amd64/jre/lib/amd64/server/libjvm.so
7fa3f65f4000-7fa3f6624000 rw-p 00000000 00:00 0 
7fa3f6624000-7fa3f663c000 r-xp 00000000 08:01 23331012                   /lib/x86_64-linux-gnu/libpthread-2.23.so
7fa3f663c000-7fa3f683b000 ---p 00018000 08:01 23331012                   /lib/x86_64-linux-gnu/libpthread-2.23.so
7fa3f683b000-7fa3f683c000 r--p 00017000 08:01 23331012                   /lib/x86_64-linux-gnu/libpthread-2.23.so
7fa3f683c000-7fa3f683d000 rw-p 00018000 08:01 23331012                   /lib/x86_64-linux-gnu/libpthread-2.23.so
7fa3f683d000-7fa3f6841000 rw-p 00000000 00:00 0 
7fa3f6841000-7fa3f6844000 r-xp 00000000 08:01 23331014                   /lib/x86_64-linux-gnu/libdl-2.23.so
7fa3f6844000-7fa3f6a43000 ---p 00003000 08:01 23331014                   /lib/x86_64-linux-gnu/libdl-2.23.so
7fa3f6a43000-7fa3f6a44000 r--p 00002000 08:01 23331014                   /lib/x86_64-linux-gnu/libdl-2.23.so
7fa3f6a44000-7fa3f6a45000 rw-p 00003000 08:01 23331014                   /lib/x86_64-linux-gnu/libdl-2.23.so
7fa3f6a45000-7fa3f6a5e000 r-xp 00000000 08:01 23331043                   /lib/x86_64-linux-gnu/libz.so.1.2.8
7fa3f6a5e000-7fa3f6c5d000 ---p 00019000 08:01 23331043                   /lib/x86_64-linux-gnu/libz.so.1.2.8
7fa3f6c5d000-7fa3f6c5e000 r--p 00018000 08:01 23331043                   /lib/x86_64-linux-gnu/libz.so.1.2.8
7fa3f6c5e000-7fa3f6c5f000 rw-p 00019000 08:01 23331043                   /lib/x86_64-linux-gnu/libz.so.1.2.8
7fa3f6c5f000-7fa3f6e1e000 r-xp 00000000 08:01 23331013                   /lib/x86_64-linux-gnu/libc-2.23.so
7fa3f6e1e000-7fa3f701e000 ---p 001bf000 08:01 23331013                   /lib/x86_64-linux-gnu/libc-2.23.so
7fa3f701e000-7fa3f7022000 r--p 001bf000 08:01 23331013                   /lib/x86_64-linux-gnu/libc-2.23.so
7fa3f7022000-7fa3f7024000 rw-p 001c3000 08:01 23331013                   /lib/x86_64-linux-gnu/libc-2.23.so
7fa3f7024000-7fa3f7028000 rw-p 00000000 00:00 0 
7fa3f7028000-7fa3f7035000 r-xp 00000000 08:01 3149514                    /usr/lib/jvm/java-8-openjdk-amd64/jre/lib/amd64/jli/libjli.so
7fa3f7035000-7fa3f7235000 ---p 0000d000 08:01 3149514                    /usr/lib/jvm/java-8-openjdk-amd64/jre/lib/amd64/jli/libjli.so
7fa3f7235000-7fa3f7236000 r--p 0000d000 08:01 3149514                    /usr/lib/jvm/java-8-openjdk-amd64/jre/lib/amd64/jli/libjli.so
7fa3f7236000-7fa3f7237000 rw-p 0000e000 08:01 3149514                    /usr/lib/jvm/java-8-openjdk-amd64/jre/lib/amd64/jli/libjli.so
7fa3f7237000-7fa3f725d000 r-xp 00000000 08:01 23331007                   /lib/x86_64-linux-gnu/ld-2.23.so
7fa3f725d000-7fa3f725e000 r--s 00000000 08:01 1459399                    /var/cache/fontconfig/30829fa25452a46451e813d634d7f916-le64.cache-6
7fa3f725e000-7fa3f725f000 r--s 00000000 08:01 1457011                    /var/cache/fontconfig/0c9eb80ebd1c36541ebe2852d3bb0c49-le64.cache-6
7fa3f725f000-7fa3f7266000 r--s 00000000 08:01 29754602                   /usr/lib/x86_64-linux-gnu/gconv/gconv-modules.cache
7fa3f7266000-7fa3f72f7000 rw-p 00000000 00:00 0 
7fa3f72f7000-7fa3f732c000 r--s 00000000 08:01 1443385                    /var/cache/nscd/passwd
7fa3f732c000-7fa3f732f000 ---p 00000000 00:00 0 
7fa3f732f000-7fa3f7432000 rw-p 00000000 00:00 0 
7fa3f7432000-7fa3f7433000 r--s 00000000 08:01 1461863                    /var/cache/fontconfig/c277e94e32b20404286a1ddafa5a80f0-le64.cache-6
7fa3f7433000-7fa3f7434000 rw-s 110a78000 00:06 360                       /dev/dri/card0
7fa3f7434000-7fa3f7438000 r--s 00037000 08:01 3149546                    /usr/lib/jvm/java-8-openjdk-amd64/jre/lib/ext/sunpkcs11.jar
7fa3f7438000-7fa3f7439000 r--s 0000a000 08:01 3149547                    /usr/lib/jvm/java-8-openjdk-amd64/jre/lib/ext/jaccess.jar
7fa3f7439000-7fa3f743b000 r--s 00008000 08:01 3149548                    /usr/lib/jvm/java-8-openjdk-amd64/jre/lib/ext/sunec.jar
7fa3f743b000-7fa3f7440000 r--s 0003b000 08:01 3149545                    /usr/lib/jvm/java-8-openjdk-amd64/jre/lib/ext/sunjce_provider.jar
7fa3f7440000-7fa3f7442000 r--s 00001000 08:01 3149552                    /usr/lib/jvm/java-8-openjdk-amd64/jre/lib/ext/dnsns.jar
7fa3f7442000-7fa3f744c000 r--s 00116000 08:01 3149549                    /usr/lib/jvm/java-8-openjdk-amd64/jre/lib/ext/localedata.jar
7fa3f744c000-7fa3f744f000 r--s 0000f000 08:01 3149551                    /usr/lib/jvm/java-8-openjdk-amd64/jre/lib/ext/icedtea-sound.jar
7fa3f744f000-7fa3f7450000 r--s 00010000 08:01 3149550                    /usr/lib/jvm/java-8-openjdk-amd64/jre/lib/ext/zipfs.jar
7fa3f7450000-7fa3f7458000 rw-s 00000000 08:01 12451897                   /tmp/hsperfdata_fittipaldi/7091
7fa3f7458000-7fa3f7459000 rw-p 00000000 00:00 0 
7fa3f7459000-7fa3f745a000 r--p 00000000 00:00 0 
7fa3f745a000-7fa3f745c000 rw-p 00000000 00:00 0 
7fa3f745c000-7fa3f745d000 r--p 00025000 08:01 23331007                   /lib/x86_64-linux-gnu/ld-2.23.so
7fa3f745d000-7fa3f745e000 rw-p 00026000 08:01 23331007                   /lib/x86_64-linux-gnu/ld-2.23.so
7fa3f745e000-7fa3f745f000 rw-p 00000000 00:00 0 
7ffeca4a6000-7ffeca4c7000 rw-p 00000000 00:00 0                          [stack]
7ffeca5c7000-7ffeca5c9000 r--p 00000000 00:00 0                          [vvar]
7ffeca5c9000-7ffeca5cb000 r-xp 00000000 00:00 0                          [vdso]
ffffffffff600000-ffffffffff601000 r-xp 00000000 00:00 0                  [vsyscall]

VM Arguments:
java_command: LancerApplication
java_class_path (initial): .
Launcher Type: SUN_STANDARD

Environment Variables:
PATH=/usr/local/bin:/usr/bin:/bin:/snap/bin:/opt/netkit/bin
SHELL=/bin/bash
DISPLAY=:0.0

Signal Handlers:
SIGSEGV: [libjvm.so+0xa65880], sa_mask[0]=11111111011111111101111111111110, sa_flags=SA_RESTART|SA_SIGINFO
SIGBUS: [libjvm.so+0xa65880], sa_mask[0]=11111111011111111101111111111110, sa_flags=SA_RESTART|SA_SIGINFO
SIGFPE: [libjvm.so+0x8af1c0], sa_mask[0]=11111111011111111101111111111110, sa_flags=SA_RESTART|SA_SIGINFO
SIGPIPE: SIG_IGN, sa_mask[0]=00000000000010000000000000000000, sa_flags=SA_RESTART
SIGXFSZ: [libjvm.so+0x8af1c0], sa_mask[0]=11111111011111111101111111111110, sa_flags=SA_RESTART|SA_SIGINFO
SIGILL: [libjvm.so+0x8af1c0], sa_mask[0]=11111111011111111101111111111110, sa_flags=SA_RESTART|SA_SIGINFO
SIGUSR1: SIG_DFL, sa_mask[0]=00000000000000000000000000000000, sa_flags=none
SIGUSR2: [libjvm.so+0x8af070], sa_mask[0]=00000000000000000000000000000000, sa_flags=SA_RESTART|SA_SIGINFO
SIGHUP: [libjvm.so+0x8af540], sa_mask[0]=11111111011111111101111111111110, sa_flags=SA_RESTART|SA_SIGINFO
SIGINT: [libjvm.so+0x8af540], sa_mask[0]=11111111011111111101111111111110, sa_flags=SA_RESTART|SA_SIGINFO
SIGTERM: [libjvm.so+0x8af540], sa_mask[0]=11111111011111111101111111111110, sa_flags=SA_RESTART|SA_SIGINFO
SIGQUIT: [libjvm.so+0x8af540], sa_mask[0]=11111111011111111101111111111110, sa_flags=SA_RESTART|SA_SIGINFO


---------------  S Y S T E M  ---------------

OS:DISTRIB_ID=Ubuntu
DISTRIB_RELEASE=16.04
DISTRIB_CODENAME=xenial
DISTRIB_DESCRIPTION="Ubuntu 16.04.1 LTS"

uname:Linux 4.4.0-34-generic #53-Ubuntu SMP Wed Jul 27 16:06:39 UTC 2016 x86_64
libc:glibc 2.23 NPTL 2.23 
rlimit: STACK 8192k, CORE 0k, NPROC 31484, NOFILE 65536, AS infinity
load average:0,26 0,30 0,41

/proc/meminfo:
MemTotal:        8100032 kB
MemFree:         5446028 kB
MemAvailable:    6627432 kB
Buffers:          239780 kB
Cached:          1125992 kB
SwapCached:            0 kB
Active:          1822396 kB
Inactive:         539660 kB
Active(anon):     997508 kB
Inactive(anon):    42736 kB
Active(file):     824888 kB
Inactive(file):   496924 kB
Unevictable:         140 kB
Mlocked:             140 kB
SwapTotal:         92156 kB
SwapFree:          92156 kB
Dirty:               108 kB
Writeback:             0 kB
AnonPages:        996416 kB
Mapped:           334352 kB
Shmem:             43964 kB
Slab:             190820 kB
SReclaimable:     157824 kB
SUnreclaim:        32996 kB
KernelStack:        7088 kB
PageTables:        31328 kB
NFS_Unstable:          0 kB
Bounce:                0 kB
WritebackTmp:          0 kB
CommitLimit:     4142172 kB
Committed_AS:    3725444 kB
VmallocTotal:   34359738367 kB
VmallocUsed:           0 kB
VmallocChunk:          0 kB
HardwareCorrupted:     0 kB
AnonHugePages:    471040 kB
CmaTotal:              0 kB
CmaFree:               0 kB
HugePages_Total:       0
HugePages_Free:        0
HugePages_Rsvd:        0
HugePages_Surp:        0
Hugepagesize:       2048 kB
DirectMap4k:      135756 kB
DirectMap2M:     3983360 kB
DirectMap1G:     5242880 kB


CPU:total 4 (4 cores per cpu, 1 threads per core) family 6 model 94 stepping 3, cmov, cx8, fxsr, mmx, sse, sse2, sse3, ssse3, sse4.1, sse4.2, popcnt, avx, avx2, aes, clmul, erms, rtm, 3dnowpref, lzcnt, tsc, tscinvbit, bmi1, bmi2, adx

/proc/cpuinfo:
processor	: 0
vendor_id	: GenuineIntel
cpu family	: 6
model		: 94
model name	: Intel(R) Core(TM) i5-6500 CPU @ 3.20GHz
stepping	: 3
microcode	: 0x8a
cpu MHz		: 1622.125
cache size	: 6144 KB
physical id	: 0
siblings	: 4
core id		: 0
cpu cores	: 4
apicid		: 0
initial apicid	: 0
fpu		: yes
fpu_exception	: yes
cpuid level	: 22
wp		: yes
flags		: fpu vme de pse tsc msr pae mce cx8 apic sep mtrr pge mca cmov pat pse36 clflush dts acpi mmx fxsr sse sse2 ss ht tm pbe syscall nx pdpe1gb rdtscp lm constant_tsc art arch_perfmon pebs bts rep_good nopl xtopology nonstop_tsc aperfmperf eagerfpu pni pclmulqdq dtes64 monitor ds_cpl vmx smx est tm2 ssse3 sdbg fma cx16 xtpr pdcm pcid sse4_1 sse4_2 x2apic movbe popcnt tsc_deadline_timer aes xsave avx f16c rdrand lahf_lm abm 3dnowprefetch epb intel_pt tpr_shadow vnmi flexpriority ept vpid fsgsbase tsc_adjust bmi1 hle avx2 smep bmi2 erms invpcid rtm mpx rdseed adx smap clflushopt xsaveopt xsavec xgetbv1 dtherm ida arat pln pts hwp hwp_notify hwp_act_window hwp_epp
bugs		:
bogomips	: 6384.16
clflush size	: 64
cache_alignment	: 64
address sizes	: 39 bits physical, 48 bits virtual
power management:

processor	: 1
vendor_id	: GenuineIntel
cpu family	: 6
model		: 94
model name	: Intel(R) Core(TM) i5-6500 CPU @ 3.20GHz
stepping	: 3
microcode	: 0x8a
cpu MHz		: 1344.250
cache size	: 6144 KB
physical id	: 0
siblings	: 4
core id		: 1
cpu cores	: 4
apicid		: 2
initial apicid	: 2
fpu		: yes
fpu_exception	: yes
cpuid level	: 22
wp		: yes
flags		: fpu vme de pse tsc msr pae mce cx8 apic sep mtrr pge mca cmov pat pse36 clflush dts acpi mmx fxsr sse sse2 ss ht tm pbe syscall nx pdpe1gb rdtscp lm constant_tsc art arch_perfmon pebs bts rep_good nopl xtopology nonstop_tsc aperfmperf eagerfpu pni pclmulqdq dtes64 monitor ds_cpl vmx smx est tm2 ssse3 sdbg fma cx16 xtpr pdcm pcid sse4_1 sse4_2 x2apic movbe popcnt tsc_deadline_timer aes xsave avx f16c rdrand lahf_lm abm 3dnowprefetch epb intel_pt tpr_shadow vnmi flexpriority ept vpid fsgsbase tsc_adjust bmi1 hle avx2 smep bmi2 erms invpcid rtm mpx rdseed adx smap clflushopt xsaveopt xsavec xgetbv1 dtherm ida arat pln pts hwp hwp_notify hwp_act_window hwp_epp
bugs		:
bogomips	: 6384.16
clflush size	: 64
cache_alignment	: 64
address sizes	: 39 bits physical, 48 bits virtual
power management:

processor	: 2
vendor_id	: GenuineIntel
cpu family	: 6
model		: 94
model name	: Intel(R) Core(TM) i5-6500 CPU @ 3.20GHz
stepping	: 3
microcode	: 0x8a
cpu MHz		: 1192.500
cache size	: 6144 KB
physical id	: 0
siblings	: 4
core id		: 2
cpu cores	: 4
apicid		: 4
initial apicid	: 4
fpu		: yes
fpu_exception	: yes
cpuid level	: 22
wp		: yes
flags		: fpu vme de pse tsc msr pae mce cx8 apic sep mtrr pge mca cmov pat pse36 clflush dts acpi mmx fxsr sse sse2 ss ht tm pbe syscall nx pdpe1gb rdtscp lm constant_tsc art arch_perfmon pebs bts rep_good nopl xtopology nonstop_tsc aperfmperf eagerfpu pni pclmulqdq dtes64 monitor ds_cpl vmx smx est tm2 ssse3 sdbg fma cx16 xtpr pdcm pcid sse4_1 sse4_2 x2apic movbe popcnt tsc_deadline_timer aes xsave avx f16c rdrand lahf_lm abm 3dnowprefetch epb intel_pt tpr_shadow vnmi flexpriority ept vpid fsgsbase tsc_adjust bmi1 hle avx2 smep bmi2 erms invpcid rtm mpx rdseed adx smap clflushopt xsaveopt xsavec xgetbv1 dtherm ida arat pln pts hwp hwp_notify hwp_act_window hwp_epp
bugs		:
bogomips	: 6384.16
clflush size	: 64
cache_alignment	: 64
address sizes	: 39 bits physical, 48 bits virtual
power management:

processor	: 3
vendor_id	: GenuineIntel
cpu family	: 6
model		: 94
model name	: Intel(R) Core(TM) i5-6500 CPU @ 3.20GHz
stepping	: 3
microcode	: 0x8a
cpu MHz		: 1172.125
cache size	: 6144 KB
physical id	: 0
siblings	: 4
core id		: 3
cpu cores	: 4
apicid		: 6
initial apicid	: 6
fpu		: yes
fpu_exception	: yes
cpuid level	: 22
wp		: yes
flags		: fpu vme de pse tsc msr pae mce cx8 apic sep mtrr pge mca cmov pat pse36 clflush dts acpi mmx fxsr sse sse2 ss ht tm pbe syscall nx pdpe1gb rdtscp lm constant_tsc art arch_perfmon pebs bts rep_good nopl xtopology nonstop_tsc aperfmperf eagerfpu pni pclmulqdq dtes64 monitor ds_cpl vmx smx est tm2 ssse3 sdbg fma cx16 xtpr pdcm pcid sse4_1 sse4_2 x2apic movbe popcnt tsc_deadline_timer aes xsave avx f16c rdrand lahf_lm abm 3dnowprefetch epb intel_pt tpr_shadow vnmi flexpriority ept vpid fsgsbase tsc_adjust bmi1 hle avx2 smep bmi2 erms invpcid rtm mpx rdseed adx smap clflushopt xsaveopt xsavec xgetbv1 dtherm ida arat pln pts hwp hwp_notify hwp_act_window hwp_epp
bugs		:
bogomips	: 6384.16
clflush size	: 64
cache_alignment	: 64
address sizes	: 39 bits physical, 48 bits virtual
power management:



Memory: 4k page, physical 8100032k(5446028k free), swap 92156k(92156k free)

vm_info: OpenJDK 64-Bit Server VM (25.111-b14) for linux-amd64 JRE (1.8.0_111-8u111-b14-2ubuntu0.16.04.2-b14), built on Oct 27 2016 18:10:19 by "buildd" with gcc 5.4.0 20160609

time: Fri Mar  3 09:58:59 2017
elapsed time: 2 seconds (0d 0h 0m 2s)

